Using pre-set license
Built from '2022.3/staging' branch; Version is '2022.3.40f1 (cbdda657d2f0) revision 13360550'; Using compiler version '192829333'; Build Type 'Release'
OS: 'Windows 10  (10.0.19045) 64bit Professional' Language: 'es' Physical Memory: 16332 MB
BatchMode: 1, IsHumanControllingUs: 0, StartBugReporterOnCrash: 0, Is64bit: 1, IsPro: 1

COMMAND LINE ARGUMENTS:
F:\Unity\archivos\2022.3.40f1\Editor\Unity.exe
-adb2
-batchMode
-noUpm
-name
AssetImportWorker4
-projectPath
F:/Github/Dungeons-Races/Dungeons&Races
-logFile
Logs/AssetImportWorker4.log
-srvPort
50727
Successfully changed project path to: F:/Github/Dungeons-Races/Dungeons&Races
F:/Github/Dungeons-Races/Dungeons&Races
[UnityMemory] Configuration Parameters - Can be set up in boot.config
    "memorysetup-bucket-allocator-granularity=16"
    "memorysetup-bucket-allocator-bucket-count=8"
    "memorysetup-bucket-allocator-block-size=33554432"
    "memorysetup-bucket-allocator-block-count=8"
    "memorysetup-main-allocator-block-size=16777216"
    "memorysetup-thread-allocator-block-size=16777216"
    "memorysetup-gfx-main-allocator-block-size=16777216"
    "memorysetup-gfx-thread-allocator-block-size=16777216"
    "memorysetup-cache-allocator-block-size=4194304"
    "memorysetup-typetree-allocator-block-size=2097152"
    "memorysetup-profiler-bucket-allocator-granularity=16"
    "memorysetup-profiler-bucket-allocator-bucket-count=8"
    "memorysetup-profiler-bucket-allocator-block-size=33554432"
    "memorysetup-profiler-bucket-allocator-block-count=8"
    "memorysetup-profiler-allocator-block-size=16777216"
    "memorysetup-profiler-editor-allocator-block-size=1048576"
    "memorysetup-temp-allocator-size-main=16777216"
    "memorysetup-job-temp-allocator-block-size=2097152"
    "memorysetup-job-temp-allocator-block-size-background=1048576"
    "memorysetup-job-temp-allocator-reduction-small-platforms=262144"
    "memorysetup-allocator-temp-initial-block-size-main=262144"
    "memorysetup-allocator-temp-initial-block-size-worker=262144"
    "memorysetup-temp-allocator-size-background-worker=32768"
    "memorysetup-temp-allocator-size-job-worker=262144"
    "memorysetup-temp-allocator-size-preload-manager=33554432"
    "memorysetup-temp-allocator-size-nav-mesh-worker=65536"
    "memorysetup-temp-allocator-size-audio-worker=65536"
    "memorysetup-temp-allocator-size-cloud-worker=32768"
    "memorysetup-temp-allocator-size-gi-baking-worker=262144"
    "memorysetup-temp-allocator-size-gfx=262144"
Player connection [18424]  Target information:

Player connection [18424]  * "[IP] 10.10.100.95 [Port] 0 [Flags] 2 [Guid] 4269278184 [EditorId] 4269278184 [Version] 1048832 [Id] WindowsEditor(7,DESKTOP-KSFICS1) [Debug] 1 [PackageName] WindowsEditor [ProjectName] Editor" 

Player connection [18424] Host joined multi-casting on [225.0.0.222:54997]...
Player connection [18424] Host joined alternative multi-casting on [225.0.0.222:34997]...
[PhysX] Initialized MultithreadedTaskDispatcher with 12 workers.
Refreshing native plugins compatible for Editor in 34.27 ms, found 4 plugins.
Preloading 0 native plugins for Editor in 0.00 ms.
Initialize engine version: 2022.3.40f1 (cbdda657d2f0)
[Subsystems] Discovering subsystems at path F:/Unity/archivos/2022.3.40f1/Editor/Data/Resources/UnitySubsystems
[Subsystems] Discovering subsystems at path F:/Github/Dungeons-Races/Dungeons&Races/Assets
GfxDevice: creating device client; threaded=0; jobified=0
Direct3D:
    Version:  Direct3D 11.0 [level 11.1]
    Renderer: Radeon RX 580 Series (ID=0x67df)
    Vendor:   ATI
    VRAM:     8170 MB
    Driver:   31.0.21912.14
Shader Hidden/ProbeVolume/VoxelizeScene is not supported: GPU does not support conservative rasterization
Initialize mono
Mono path[0] = 'F:/Unity/archivos/2022.3.40f1/Editor/Data/Managed'
Mono path[1] = 'F:/Unity/archivos/2022.3.40f1/Editor/Data/MonoBleedingEdge/lib/mono/unityjit-win32'
Mono config path = 'F:/Unity/archivos/2022.3.40f1/Editor/Data/MonoBleedingEdge/etc'
Using monoOptions --debugger-agent=transport=dt_socket,embedding=1,server=y,suspend=n,address=127.0.0.1:56760
Begin MonoManager ReloadAssembly
Registering precompiled unity dll's ...
Register platform support module: F:/Unity/archivos/2022.3.40f1/Editor/Data/PlaybackEngines/AndroidPlayer/UnityEditor.Android.Extensions.dll
Register platform support module: F:/Unity/archivos/2022.3.40f1/Editor/Data/PlaybackEngines/WindowsStandaloneSupport/UnityEditor.WindowsStandalone.Extensions.dll
Registered in 0.007521 seconds.
- Loaded All Assemblies, in  0.468 seconds
Native extension for WindowsStandalone target not found
Native extension for Android target not found
Android Extension - Scanning For ADB Devices 366 ms
Mono: successfully reloaded assembly
- Finished resetting the current domain, in  0.842 seconds
Domain Reload Profiling: 1309ms
	BeginReloadAssembly (152ms)
		ExecutionOrderSort (0ms)
		DisableScriptedObjects (0ms)
		BackupInstance (0ms)
		ReleaseScriptingObjects (0ms)
		CreateAndSetChildDomain (1ms)
	RebuildCommonClasses (44ms)
	RebuildNativeTypeToScriptingClass (13ms)
	initialDomainReloadingComplete (65ms)
	LoadAllAssembliesAndSetupDomain (194ms)
		LoadAssemblies (152ms)
		RebuildTransferFunctionScriptingTraits (0ms)
		AnalyzeDomain (190ms)
			TypeCache.Refresh (188ms)
				TypeCache.ScanAssembly (171ms)
			ScanForSourceGeneratedMonoScriptInfo (0ms)
			ResolveRequiredComponents (1ms)
	FinalizeReload (842ms)
		ReleaseScriptCaches (0ms)
		RebuildScriptCaches (0ms)
		SetupLoadedEditorAssemblies (779ms)
			LogAssemblyErrors (0ms)
			InitializePlatformSupportModulesInManaged (541ms)
			SetLoadedEditorAssemblies (5ms)
			RefreshPlugins (0ms)
			BeforeProcessingInitializeOnLoad (3ms)
			ProcessInitializeOnLoadAttributes (154ms)
			ProcessInitializeOnLoadMethodAttributes (76ms)
			AfterProcessingInitializeOnLoad (0ms)
			EditorAssembliesLoaded (0ms)
		ExecutionOrderSort2 (0ms)
		AwakeInstancesAfterBackupRestoration (0ms)
========================================================================
Worker process is ready to serve import requests
Caller must complete domain reload
Begin MonoManager ReloadAssembly
Symbol file LoadedFromMemory is not a mono symbol file
Assembly 'Assets/ExternalDependencyManager/Editor/1.2.181/Google.IOSResolver.dll' will not be loaded due to errors:
Unable to resolve reference 'UnityEditor.iOS.Extensions.Xcode'. Is the assembly missing or incompatible with the current platform?
Reference validation can be disabled in the Plugin Inspector.
- Loaded All Assemblies, in  1.155 seconds
Native extension for WindowsStandalone target not found
Native extension for Android target not found
Package Manager log level set to [2]
[Package Manager] Server::EnsureServerProcessIsRunning -- launch failed, reason: Unity was launched with the -noUpm command-line argument
[Package Manager] UpmClient::Send -- Unable to send message (not connected to UPM process).
[Package Manager] Cannot connect to Unity Package Manager local server
Mono: successfully reloaded assembly
- Finished resetting the current domain, in  1.208 seconds
Domain Reload Profiling: 2363ms
	BeginReloadAssembly (229ms)
		ExecutionOrderSort (0ms)
		DisableScriptedObjects (9ms)
		BackupInstance (0ms)
		ReleaseScriptingObjects (0ms)
		CreateAndSetChildDomain (27ms)
	RebuildCommonClasses (44ms)
	RebuildNativeTypeToScriptingClass (13ms)
	initialDomainReloadingComplete (55ms)
	LoadAllAssembliesAndSetupDomain (812ms)
		LoadAssemblies (626ms)
		RebuildTransferFunctionScriptingTraits (0ms)
		AnalyzeDomain (329ms)
			TypeCache.Refresh (264ms)
				TypeCache.ScanAssembly (236ms)
			ScanForSourceGeneratedMonoScriptInfo (48ms)
			ResolveRequiredComponents (16ms)
	FinalizeReload (1209ms)
		ReleaseScriptCaches (0ms)
		RebuildScriptCaches (0ms)
		SetupLoadedEditorAssemblies (975ms)
			LogAssemblyErrors (0ms)
			InitializePlatformSupportModulesInManaged (32ms)
			SetLoadedEditorAssemblies (10ms)
			RefreshPlugins (0ms)
			BeforeProcessingInitializeOnLoad (232ms)
			ProcessInitializeOnLoadAttributes (574ms)
			ProcessInitializeOnLoadMethodAttributes (124ms)
			AfterProcessingInitializeOnLoad (3ms)
			EditorAssembliesLoaded (0ms)
		ExecutionOrderSort2 (0ms)
		AwakeInstancesAfterBackupRestoration (9ms)
Shader Hidden/ProbeVolume/VoxelizeScene is not supported: GPU does not support conservative rasterization
Launched and connected shader compiler UnityShaderCompiler.exe after 0.07 seconds
Refreshing native plugins compatible for Editor in 17.93 ms, found 4 plugins.
Preloading 0 native plugins for Editor in 0.00 ms.
Unloading 6813 Unused Serialized files (Serialized files now loaded: 0)
Unloading 60 unused Assets / (0.9 MB). Loaded Objects now: 7302.
Memory consumption went from 272.5 MB to 271.7 MB.
Total: 5.079600 ms (FindLiveObjects: 0.615900 ms CreateObjectMapping: 0.199100 ms MarkObjects: 3.779700 ms  DeleteObjects: 0.483400 ms)

AssetImportParameters requested are different than current active one (requested -> active):
  custom:container-demuxer-ogg: 62fdf1f143b41e24485cea50d1cbac27 -> 
  custom:framework-win-MediaFoundation: 216162199b28c13a410421893ffa2e32 -> 
  custom:container-muxer-webm: aa71ff27fc2769a1b78a27578f13a17b -> 
  custom:video-decoder-webm-vp8: 9c59270c3fd7afecdb556c50c9e8de78 -> 
  custom:SearchIndexIgnoredProperties: e643bd26f0fe6173181afceb89e7c659 -> 
  custom:AudioImporter_EditorPlatform: d09bf68614088b80899f8185d706f6e7 -> 
  custom:audio-decoder-ogg-vorbis: bf7c407c2cedff20999df2af8eb42d56 -> 
  custom:audio-encoder-webm-vorbis: bf7c407c2cedff20999df2af8eb42d56 -> 
  custom:video-decoder-ogg-theora: a1e56fd34408186e4bbccfd4996cb3dc -> 
  custom:CustomObjectIndexerAttribute: 72b91833f83ae208fae7752999fa3104 -> 
  custom:container-demuxer-webm: 4f35f7cbe854078d1ac9338744f61a02 -> 
  custom:video-encoder-webm-vp8: eb34c28f22e8b96e1ab97ce403110664 -> 
========================================================================
Received Import Request.
  Time since last request: 9011.268822 seconds.
  path: Assets/prefabs/Player/GreenAcid.prefab
  artifactKey: Guid(17055eee10e52c14cb004f9527e43fe7) Importer(815301076,1909f56bfc062723c751e8b465ee728b)
Start importing Assets/prefabs/Player/GreenAcid.prefab using Guid(17055eee10e52c14cb004f9527e43fe7) Importer(815301076,1909f56bfc062723c751e8b465ee728b) [PhysX] Initialized MultithreadedTaskDispatcher with 12 workers.
[PhysX] Initialized MultithreadedTaskDispatcher with 12 workers.
Sprite menu_de_carga3 matches more than one built-in atlases. Default to use the first available atlas.
Sprite menu_de_carga1 matches more than one built-in atlases. Default to use the first available atlas.
Sprite menu_de_carga2 matches more than one built-in atlases. Default to use the first available atlas.
Sprite menu_de_carga4 matches more than one built-in atlases. Default to use the first available atlas.
 -> (artifact id: '12b804cb3535fca7db784490ea7f200c') in 2.113391 seconds
Number of updated asset objects reloaded before import = 0
Number of asset objects unloaded after import = 1382
========================================================================
Received Import Request.
  Time since last request: 13.812428 seconds.
  path: Assets/prefabs/Player/Human.prefab
  artifactKey: Guid(eab51d1ca09448443934ce767d7d1fd7) Importer(815301076,1909f56bfc062723c751e8b465ee728b)
Start importing Assets/prefabs/Player/Human.prefab using Guid(eab51d1ca09448443934ce767d7d1fd7) Importer(815301076,1909f56bfc062723c751e8b465ee728b) [PhysX] Initialized MultithreadedTaskDispatcher with 12 workers.
[PhysX] Initialized MultithreadedTaskDispatcher with 12 workers.
Sprite menu_de_carga3 matches more than one built-in atlases. Default to use the first available atlas.
Sprite menu_de_carga1 matches more than one built-in atlases. Default to use the first available atlas.
Sprite menu_de_carga2 matches more than one built-in atlases. Default to use the first available atlas.
Sprite menu_de_carga4 matches more than one built-in atlases. Default to use the first available atlas.
 -> (artifact id: 'afe820db4dd097a6d2b3183408076b69') in 0.266367 seconds
Number of updated asset objects reloaded before import = 0
Number of asset objects unloaded after import = 1372
========================================================================
Received Import Request.
  Time since last request: 5.643521 seconds.
  path: Assets/prefabs/Player/OgroAmarillo.prefab
  artifactKey: Guid(078b3d5717d6b0b4aabb6d92f3f72cba) Importer(815301076,1909f56bfc062723c751e8b465ee728b)
Start importing Assets/prefabs/Player/OgroAmarillo.prefab using Guid(078b3d5717d6b0b4aabb6d92f3f72cba) Importer(815301076,1909f56bfc062723c751e8b465ee728b) [PhysX] Initialized MultithreadedTaskDispatcher with 12 workers.
[PhysX] Initialized MultithreadedTaskDispatcher with 12 workers.
Sprite menu_de_carga3 matches more than one built-in atlases. Default to use the first available atlas.
Sprite menu_de_carga1 matches more than one built-in atlases. Default to use the first available atlas.
Sprite menu_de_carga2 matches more than one built-in atlases. Default to use the first available atlas.
Sprite menu_de_carga4 matches more than one built-in atlases. Default to use the first available atlas.
 -> (artifact id: 'aa78fdf2385a5e3c2769fadc3cf555b2') in 0.269026 seconds
Number of updated asset objects reloaded before import = 0
Number of asset objects unloaded after import = 1372
========================================================================
Received Import Request.
  Time since last request: 9.686349 seconds.
  path: Assets/prefabs/Player/OgroVerde.prefab
  artifactKey: Guid(5b9781f0a61f73745ae43b92b026820d) Importer(815301076,1909f56bfc062723c751e8b465ee728b)
Start importing Assets/prefabs/Player/OgroVerde.prefab using Guid(5b9781f0a61f73745ae43b92b026820d) Importer(815301076,1909f56bfc062723c751e8b465ee728b) [PhysX] Initialized MultithreadedTaskDispatcher with 12 workers.
[PhysX] Initialized MultithreadedTaskDispatcher with 12 workers.
Sprite menu_de_carga3 matches more than one built-in atlases. Default to use the first available atlas.
Sprite menu_de_carga1 matches more than one built-in atlases. Default to use the first available atlas.
Sprite menu_de_carga2 matches more than one built-in atlases. Default to use the first available atlas.
Sprite menu_de_carga4 matches more than one built-in atlases. Default to use the first available atlas.
 -> (artifact id: 'e6b6d2e17865abfb7af5c68d3fb6ae78') in 0.267833 seconds
Number of updated asset objects reloaded before import = 0
Number of asset objects unloaded after import = 1372
========================================================================
Received Import Request.
  Time since last request: 3.452056 seconds.
  path: Assets/prefabs/Player/OrangeAcid.prefab
  artifactKey: Guid(4b4b100cd6cb231428ec2a6938060a0f) Importer(815301076,1909f56bfc062723c751e8b465ee728b)
Start importing Assets/prefabs/Player/OrangeAcid.prefab using Guid(4b4b100cd6cb231428ec2a6938060a0f) Importer(815301076,1909f56bfc062723c751e8b465ee728b) [PhysX] Initialized MultithreadedTaskDispatcher with 12 workers.
[PhysX] Initialized MultithreadedTaskDispatcher with 12 workers.
Sprite menu_de_carga3 matches more than one built-in atlases. Default to use the first available atlas.
Sprite menu_de_carga1 matches more than one built-in atlases. Default to use the first available atlas.
Sprite menu_de_carga2 matches more than one built-in atlases. Default to use the first available atlas.
Sprite menu_de_carga4 matches more than one built-in atlases. Default to use the first available atlas.
 -> (artifact id: 'aa07aefe60626d85e856cd97ec158d26') in 0.274064 seconds
Number of updated asset objects reloaded before import = 0
Number of asset objects unloaded after import = 1364
========================================================================
Received Import Request.
  Time since last request: 4.896822 seconds.
  path: Assets/prefabs/Player/PinkAcid.prefab
  artifactKey: Guid(a2161eb6cc753464785f765ace8c3046) Importer(815301076,1909f56bfc062723c751e8b465ee728b)
Start importing Assets/prefabs/Player/PinkAcid.prefab using Guid(a2161eb6cc753464785f765ace8c3046) Importer(815301076,1909f56bfc062723c751e8b465ee728b) [PhysX] Initialized MultithreadedTaskDispatcher with 12 workers.
[PhysX] Initialized MultithreadedTaskDispatcher with 12 workers.
Sprite menu_de_carga3 matches more than one built-in atlases. Default to use the first available atlas.
Sprite menu_de_carga1 matches more than one built-in atlases. Default to use the first available atlas.
Sprite menu_de_carga2 matches more than one built-in atlases. Default to use the first available atlas.
Sprite menu_de_carga4 matches more than one built-in atlases. Default to use the first available atlas.
 -> (artifact id: '6e82562a243b7779b57b881dc706481d') in 0.245154 seconds
Number of updated asset objects reloaded before import = 0
Number of asset objects unloaded after import = 1364
========================================================================
Received Import Request.
  Time since last request: 12.143918 seconds.
  path: Assets/prefabs/Player/PlayerHuman.prefab
  artifactKey: Guid(3b40cfdff56f63e48b04be26112ab4ac) Importer(815301076,1909f56bfc062723c751e8b465ee728b)
Start importing Assets/prefabs/Player/PlayerHuman.prefab using Guid(3b40cfdff56f63e48b04be26112ab4ac) Importer(815301076,1909f56bfc062723c751e8b465ee728b) [PhysX] Initialized MultithreadedTaskDispatcher with 12 workers.
[PhysX] Initialized MultithreadedTaskDispatcher with 12 workers.
Sprite menu_de_carga3 matches more than one built-in atlases. Default to use the first available atlas.
Sprite menu_de_carga1 matches more than one built-in atlases. Default to use the first available atlas.
Sprite menu_de_carga2 matches more than one built-in atlases. Default to use the first available atlas.
Sprite menu_de_carga4 matches more than one built-in atlases. Default to use the first available atlas.
 -> (artifact id: '72db3fb479de4e48e9a29159ec493eef') in 1.590703 seconds
Number of updated asset objects reloaded before import = 0
Number of asset objects unloaded after import = 1954
========================================================================
Received Import Request.
  Time since last request: 4.182149 seconds.
  path: Assets/prefabs/Player/PlayerOgro.prefab
  artifactKey: Guid(910004c0497bc0744905d88522283673) Importer(815301076,1909f56bfc062723c751e8b465ee728b)
Start importing Assets/prefabs/Player/PlayerOgro.prefab using Guid(910004c0497bc0744905d88522283673) Importer(815301076,1909f56bfc062723c751e8b465ee728b) [PhysX] Initialized MultithreadedTaskDispatcher with 12 workers.
[PhysX] Initialized MultithreadedTaskDispatcher with 12 workers.
Sprite menu_de_carga3 matches more than one built-in atlases. Default to use the first available atlas.
Sprite menu_de_carga1 matches more than one built-in atlases. Default to use the first available atlas.
Sprite menu_de_carga2 matches more than one built-in atlases. Default to use the first available atlas.
Sprite menu_de_carga4 matches more than one built-in atlases. Default to use the first available atlas.
 -> (artifact id: '9d3e918d5bb6de90095030661957b22b') in 0.539064 seconds
Number of updated asset objects reloaded before import = 0
Number of asset objects unloaded after import = 1957
========================================================================
Received Import Request.
  Time since last request: 2.110382 seconds.
  path: Assets/prefabs/Player/PlayerRobot.prefab
  artifactKey: Guid(52572623cb1f8f54c9088ccbb4463982) Importer(815301076,1909f56bfc062723c751e8b465ee728b)
Start importing Assets/prefabs/Player/PlayerRobot.prefab using Guid(52572623cb1f8f54c9088ccbb4463982) Importer(815301076,1909f56bfc062723c751e8b465ee728b) [PhysX] Initialized MultithreadedTaskDispatcher with 12 workers.
[PhysX] Initialized MultithreadedTaskDispatcher with 12 workers.
Sprite menu_de_carga3 matches more than one built-in atlases. Default to use the first available atlas.
Sprite menu_de_carga1 matches more than one built-in atlases. Default to use the first available atlas.
Sprite menu_de_carga2 matches more than one built-in atlases. Default to use the first available atlas.
Sprite menu_de_carga4 matches more than one built-in atlases. Default to use the first available atlas.
 -> (artifact id: '2a170e6871cc6c92084fbc88233f3ed1') in 0.526093 seconds
Number of updated asset objects reloaded before import = 0
Number of asset objects unloaded after import = 1950
========================================================================
Received Import Request.
  Time since last request: 34.261618 seconds.
  path: Assets/Sounds/disparo1.mp3
  artifactKey: Guid(fb9ba10ae5f983442b76a33a1325ee72) Importer(815301076,1909f56bfc062723c751e8b465ee728b)
Start importing Assets/Sounds/disparo1.mp3 using Guid(fb9ba10ae5f983442b76a33a1325ee72) Importer(815301076,1909f56bfc062723c751e8b465ee728b) [PhysX] Initialized MultithreadedTaskDispatcher with 12 workers.
[PhysX] Initialized MultithreadedTaskDispatcher with 12 workers.
 -> (artifact id: '4d1429dfe164454325e42006e6d7bcea') in 0.163958 seconds
Number of updated asset objects reloaded before import = 0
Number of asset objects unloaded after import = 2
========================================================================
Received Import Request.
  Time since last request: 0.000032 seconds.
  path: Assets/Sounds/laser_shoot2.mp3
  artifactKey: Guid(e7e871353df570a47b30cfab6340241b) Importer(815301076,1909f56bfc062723c751e8b465ee728b)
Start importing Assets/Sounds/laser_shoot2.mp3 using Guid(e7e871353df570a47b30cfab6340241b) Importer(815301076,1909f56bfc062723c751e8b465ee728b) [PhysX] Initialized MultithreadedTaskDispatcher with 12 workers.
[PhysX] Initialized MultithreadedTaskDispatcher with 12 workers.
 -> (artifact id: 'bb25fadf9620ce9be9a1b2615a9edf8d') in 0.016381 seconds
Number of updated asset objects reloaded before import = 0
Number of asset objects unloaded after import = 2
========================================================================
Received Import Request.
  Time since last request: 0.000033 seconds.
  path: Assets/Sounds/laser_shoot2Viejo.wav
  artifactKey: Guid(525dd8d57ed89db4db5271d851be9d8f) Importer(815301076,1909f56bfc062723c751e8b465ee728b)
Start importing Assets/Sounds/laser_shoot2Viejo.wav using Guid(525dd8d57ed89db4db5271d851be9d8f) Importer(815301076,1909f56bfc062723c751e8b465ee728b) [PhysX] Initialized MultithreadedTaskDispatcher with 12 workers.
[PhysX] Initialized MultithreadedTaskDispatcher with 12 workers.
 -> (artifact id: '723707d3e516816afa109ed5592f199b') in 0.047386 seconds
Number of updated asset objects reloaded before import = 0
Number of asset objects unloaded after import = 2
========================================================================
Received Import Request.
  Time since last request: 0.000039 seconds.
  path: Assets/Sounds/disparo5.mp3
  artifactKey: Guid(25426cf56a061034e984a8bc7dfbb3a2) Importer(815301076,1909f56bfc062723c751e8b465ee728b)
Start importing Assets/Sounds/disparo5.mp3 using Guid(25426cf56a061034e984a8bc7dfbb3a2) Importer(815301076,1909f56bfc062723c751e8b465ee728b) [PhysX] Initialized MultithreadedTaskDispatcher with 12 workers.
[PhysX] Initialized MultithreadedTaskDispatcher with 12 workers.
 -> (artifact id: 'd5ab49e56bffa2409ac9d3f9adf69b04') in 0.024230 seconds
Number of updated asset objects reloaded before import = 0
Number of asset objects unloaded after import = 2
========================================================================
Received Import Request.
  Time since last request: 0.000025 seconds.
  path: Assets/Sounds/Music/Dungeon2.mp3
  artifactKey: Guid(01689b87b5724474caae70928856af56) Importer(815301076,1909f56bfc062723c751e8b465ee728b)
Start importing Assets/Sounds/Music/Dungeon2.mp3 using Guid(01689b87b5724474caae70928856af56) Importer(815301076,1909f56bfc062723c751e8b465ee728b) [PhysX] Initialized MultithreadedTaskDispatcher with 12 workers.
[PhysX] Initialized MultithreadedTaskDispatcher with 12 workers.
 -> (artifact id: '15fc4f804d019d969d97daf285655f06') in 0.292473 seconds
Number of updated asset objects reloaded before import = 0
Number of asset objects unloaded after import = 2
========================================================================
Received Import Request.
  Time since last request: 0.000028 seconds.
  path: Assets/Sounds/MuerteEsqueletos.mp3
  artifactKey: Guid(e92057889f5525c41ad73839cd6deeac) Importer(815301076,1909f56bfc062723c751e8b465ee728b)
Start importing Assets/Sounds/MuerteEsqueletos.mp3 using Guid(e92057889f5525c41ad73839cd6deeac) Importer(815301076,1909f56bfc062723c751e8b465ee728b) [PhysX] Initialized MultithreadedTaskDispatcher with 12 workers.
[PhysX] Initialized MultithreadedTaskDispatcher with 12 workers.
 -> (artifact id: 'fa966ec866838b03172c2de0b813f6dc') in 0.025796 seconds
Number of updated asset objects reloaded before import = 0
Number of asset objects unloaded after import = 2
========================================================================
Received Import Request.
  Time since last request: 2.907867 seconds.
  path: Assets/Sounds/pickUp.wav
  artifactKey: Guid(94f45b3cb8d5c294faff6e32360ff619) Importer(815301076,1909f56bfc062723c751e8b465ee728b)
Start importing Assets/Sounds/pickUp.wav using Guid(94f45b3cb8d5c294faff6e32360ff619) Importer(815301076,1909f56bfc062723c751e8b465ee728b) [PhysX] Initialized MultithreadedTaskDispatcher with 12 workers.
[PhysX] Initialized MultithreadedTaskDispatcher with 12 workers.
 -> (artifact id: 'cd9d0af4979e1dc5c8342675994e83dc') in 0.015214 seconds
Number of updated asset objects reloaded before import = 0
Number of asset objects unloaded after import = 2
========================================================================
Received Import Request.
  Time since last request: 0.008759 seconds.
  path: Assets/Sounds/Music/Robot.mp3
  artifactKey: Guid(7bd3a2e51f8672440816a435949130e9) Importer(815301076,1909f56bfc062723c751e8b465ee728b)
Start importing Assets/Sounds/Music/Robot.mp3 using Guid(7bd3a2e51f8672440816a435949130e9) Importer(815301076,1909f56bfc062723c751e8b465ee728b) [PhysX] Initialized MultithreadedTaskDispatcher with 12 workers.
[PhysX] Initialized MultithreadedTaskDispatcher with 12 workers.
 -> (artifact id: '52e7f500ddae798501b0ca8a4c166fa7') in 0.314572 seconds
Number of updated asset objects reloaded before import = 0
Number of asset objects unloaded after import = 2
========================================================================
Received Import Request.
  Time since last request: 0.000031 seconds.
  path: Assets/Sounds/slimeDead.wav
  artifactKey: Guid(d6ec3778f24b14041b79d40e2378a05f) Importer(815301076,1909f56bfc062723c751e8b465ee728b)
Start importing Assets/Sounds/slimeDead.wav using Guid(d6ec3778f24b14041b79d40e2378a05f) Importer(815301076,1909f56bfc062723c751e8b465ee728b) [PhysX] Initialized MultithreadedTaskDispatcher with 12 workers.
[PhysX] Initialized MultithreadedTaskDispatcher with 12 workers.
 -> (artifact id: 'c5ccd25f5b59867784dcf5dd31ae2f9f') in 0.053454 seconds
Number of updated asset objects reloaded before import = 0
Number of asset objects unloaded after import = 2
========================================================================
Received Import Request.
  Time since last request: 2.076664 seconds.
  path: Assets/Sounds/spawn.ogg
  artifactKey: Guid(ca7915f08d1fb6943b794e370fb65c68) Importer(815301076,1909f56bfc062723c751e8b465ee728b)
Start importing Assets/Sounds/spawn.ogg using Guid(ca7915f08d1fb6943b794e370fb65c68) Importer(815301076,1909f56bfc062723c751e8b465ee728b) [PhysX] Initialized MultithreadedTaskDispatcher with 12 workers.
[PhysX] Initialized MultithreadedTaskDispatcher with 12 workers.
 -> (artifact id: '691588f594db43316bdbc5985193b5cc') in 0.042695 seconds
Number of updated asset objects reloaded before import = 0
Number of asset objects unloaded after import = 2
========================================================================
Received Prepare
Caller must complete domain reload
Begin MonoManager ReloadAssembly
Symbol file LoadedFromMemory is not a mono symbol file
Assembly 'Assets/ExternalDependencyManager/Editor/1.2.181/Google.IOSResolver.dll' will not be loaded due to errors:
Unable to resolve reference 'UnityEditor.iOS.Extensions.Xcode'. Is the assembly missing or incompatible with the current platform?
Reference validation can be disabled in the Plugin Inspector.
- Loaded All Assemblies, in  1.850 seconds
Native extension for WindowsStandalone target not found
Native extension for Android target not found
[Package Manager] Server::EnsureServerProcessIsRunning -- launch failed, reason: Unity was launched with the -noUpm command-line argument
[Package Manager] UpmClient::Send -- Unable to send message (not connected to UPM process).
[Package Manager] Cannot connect to Unity Package Manager local server
Mono: successfully reloaded assembly
- Finished resetting the current domain, in  1.360 seconds
Domain Reload Profiling: 3212ms
	BeginReloadAssembly (1242ms)
		ExecutionOrderSort (0ms)
		DisableScriptedObjects (1014ms)
		BackupInstance (0ms)
		ReleaseScriptingObjects (0ms)
		CreateAndSetChildDomain (64ms)
	RebuildCommonClasses (42ms)
	RebuildNativeTypeToScriptingClass (15ms)
	initialDomainReloadingComplete (41ms)
	LoadAllAssembliesAndSetupDomain (512ms)
		LoadAssemblies (601ms)
		RebuildTransferFunctionScriptingTraits (0ms)
		AnalyzeDomain (35ms)
			TypeCache.Refresh (8ms)
				TypeCache.ScanAssembly (0ms)
			ScanForSourceGeneratedMonoScriptInfo (0ms)
			ResolveRequiredComponents (25ms)
	FinalizeReload (1360ms)
		ReleaseScriptCaches (0ms)
		RebuildScriptCaches (0ms)
		SetupLoadedEditorAssemblies (1024ms)
			LogAssemblyErrors (0ms)
			InitializePlatformSupportModulesInManaged (39ms)
			SetLoadedEditorAssemblies (9ms)
			RefreshPlugins (0ms)
			BeforeProcessingInitializeOnLoad (259ms)
			ProcessInitializeOnLoadAttributes (577ms)
			ProcessInitializeOnLoadMethodAttributes (135ms)
			AfterProcessingInitializeOnLoad (5ms)
			EditorAssembliesLoaded (1ms)
		ExecutionOrderSort2 (0ms)
		AwakeInstancesAfterBackupRestoration (28ms)
Switching render pipeline e23abffd4ca40a840b370f99035147df -> 681886c5eb7344803b6206f758bf0b1c
Shader Hidden/ProbeVolume/VoxelizeScene is not supported: GPU does not support conservative rasterization
Refreshing native plugins compatible for Editor in 20.27 ms, found 4 plugins.
Preloading 0 native plugins for Editor in 0.00 ms.
Unloading 6659 Unused Serialized files (Serialized files now loaded: 0)
Unloading 49 unused Assets / (0.9 MB). Loaded Objects now: 7357.
Memory consumption went from 245.1 MB to 244.2 MB.
Total: 5.608500 ms (FindLiveObjects: 0.745100 ms CreateObjectMapping: 0.374600 ms MarkObjects: 3.762800 ms  DeleteObjects: 0.724200 ms)

Prepare: number of updated asset objects reloaded= 0
AssetImportParameters requested are different than current active one (requested -> active):
  custom:container-demuxer-ogg: 62fdf1f143b41e24485cea50d1cbac27 -> 
  custom:framework-win-MediaFoundation: 216162199b28c13a410421893ffa2e32 -> 
  custom:container-muxer-webm: aa71ff27fc2769a1b78a27578f13a17b -> 
  custom:video-decoder-webm-vp8: 9c59270c3fd7afecdb556c50c9e8de78 -> 
  custom:SearchIndexIgnoredProperties: e643bd26f0fe6173181afceb89e7c659 -> 
  custom:AudioImporter_EditorPlatform: d09bf68614088b80899f8185d706f6e7 -> 
  custom:audio-decoder-ogg-vorbis: bf7c407c2cedff20999df2af8eb42d56 -> 
  custom:audio-encoder-webm-vorbis: bf7c407c2cedff20999df2af8eb42d56 -> 
  custom:srp/default-pipeline: 8681685cbe374408b326607f85fbb0c1 -> 2ea3fbdfc44aa048b073f099301574fd
  custom:video-decoder-ogg-theora: a1e56fd34408186e4bbccfd4996cb3dc -> 
  custom:CustomObjectIndexerAttribute: 72b91833f83ae208fae7752999fa3104 -> 
  custom:container-demuxer-webm: 4f35f7cbe854078d1ac9338744f61a02 -> 
  custom:video-encoder-webm-vp8: eb34c28f22e8b96e1ab97ce403110664 -> 
========================================================================
Received Prepare
Shader Hidden/ProbeVolume/VoxelizeScene is not supported: GPU does not support conservative rasterization
Refreshing native plugins compatible for Editor in 18.34 ms, found 4 plugins.
Preloading 0 native plugins for Editor in 0.00 ms.
Unloading 16 Unused Serialized files (Serialized files now loaded: 0)
Unloading 16 unused Assets / (0.9 MB). Loaded Objects now: 7357.
Memory consumption went from 142.2 MB to 141.3 MB.
Total: 5.970100 ms (FindLiveObjects: 0.684200 ms CreateObjectMapping: 0.345500 ms MarkObjects: 4.407600 ms  DeleteObjects: 0.531700 ms)

Prepare: number of updated asset objects reloaded= 0
AssetImportParameters requested are different than current active one (requested -> active):
  custom:container-demuxer-ogg: 62fdf1f143b41e24485cea50d1cbac27 -> 
  custom:framework-win-MediaFoundation: 216162199b28c13a410421893ffa2e32 -> 
  custom:container-muxer-webm: aa71ff27fc2769a1b78a27578f13a17b -> 
  custom:video-decoder-webm-vp8: 9c59270c3fd7afecdb556c50c9e8de78 -> 
  custom:SearchIndexIgnoredProperties: e643bd26f0fe6173181afceb89e7c659 -> 
  custom:AudioImporter_EditorPlatform: d09bf68614088b80899f8185d706f6e7 -> 
  custom:audio-decoder-ogg-vorbis: bf7c407c2cedff20999df2af8eb42d56 -> 
  custom:audio-encoder-webm-vorbis: bf7c407c2cedff20999df2af8eb42d56 -> 
  custom:video-decoder-ogg-theora: a1e56fd34408186e4bbccfd4996cb3dc -> 
  custom:CustomObjectIndexerAttribute: 72b91833f83ae208fae7752999fa3104 -> 
  custom:container-demuxer-webm: 4f35f7cbe854078d1ac9338744f61a02 -> 
  custom:video-encoder-webm-vp8: eb34c28f22e8b96e1ab97ce403110664 -> 
========================================================================
Received Prepare
Caller must complete domain reload
Begin MonoManager ReloadAssembly
Symbol file LoadedFromMemory is not a mono symbol file
Assembly 'Assets/ExternalDependencyManager/Editor/1.2.181/Google.IOSResolver.dll' will not be loaded due to errors:
Unable to resolve reference 'UnityEditor.iOS.Extensions.Xcode'. Is the assembly missing or incompatible with the current platform?
Reference validation can be disabled in the Plugin Inspector.
- Loaded All Assemblies, in  0.862 seconds
Native extension for WindowsStandalone target not found
Native extension for Android target not found
[Package Manager] Server::EnsureServerProcessIsRunning -- launch failed, reason: Unity was launched with the -noUpm command-line argument
[Package Manager] UpmClient::Send -- Unable to send message (not connected to UPM process).
[Package Manager] Cannot connect to Unity Package Manager local server
Mono: successfully reloaded assembly
- Finished resetting the current domain, in  2.288 seconds
Domain Reload Profiling: 3149ms
	BeginReloadAssembly (239ms)
		ExecutionOrderSort (0ms)
		DisableScriptedObjects (18ms)
		BackupInstance (0ms)
		ReleaseScriptingObjects (0ms)
		CreateAndSetChildDomain (46ms)
	RebuildCommonClasses (50ms)
	RebuildNativeTypeToScriptingClass (19ms)
	initialDomainReloadingComplete (40ms)
	LoadAllAssembliesAndSetupDomain (512ms)
		LoadAssemblies (620ms)
		RebuildTransferFunctionScriptingTraits (0ms)
		AnalyzeDomain (27ms)
			TypeCache.Refresh (7ms)
				TypeCache.ScanAssembly (0ms)
			ScanForSourceGeneratedMonoScriptInfo (0ms)
			ResolveRequiredComponents (19ms)
	FinalizeReload (2289ms)
		ReleaseScriptCaches (0ms)
		RebuildScriptCaches (0ms)
		SetupLoadedEditorAssemblies (997ms)
			LogAssemblyErrors (0ms)
			InitializePlatformSupportModulesInManaged (38ms)
			SetLoadedEditorAssemblies (10ms)
			RefreshPlugins (0ms)
			BeforeProcessingInitializeOnLoad (264ms)
			ProcessInitializeOnLoadAttributes (549ms)
			ProcessInitializeOnLoadMethodAttributes (131ms)
			AfterProcessingInitializeOnLoad (4ms)
			EditorAssembliesLoaded (1ms)
		ExecutionOrderSort2 (0ms)
		AwakeInstancesAfterBackupRestoration (27ms)
Switching render pipeline e23abffd4ca40a840b370f99035147df -> 681886c5eb7344803b6206f758bf0b1c
Shader Hidden/ProbeVolume/VoxelizeScene is not supported: GPU does not support conservative rasterization
Refreshing native plugins compatible for Editor in 19.04 ms, found 4 plugins.
Preloading 0 native plugins for Editor in 0.00 ms.
Unloading 6659 Unused Serialized files (Serialized files now loaded: 0)
Unloading 47 unused Assets / (0.9 MB). Loaded Objects now: 7362.
Memory consumption went from 245.1 MB to 244.2 MB.
Total: 6.194900 ms (FindLiveObjects: 0.807500 ms CreateObjectMapping: 0.384600 ms MarkObjects: 4.429300 ms  DeleteObjects: 0.571900 ms)

Prepare: number of updated asset objects reloaded= 0
AssetImportParameters requested are different than current active one (requested -> active):
  custom:container-demuxer-ogg: 62fdf1f143b41e24485cea50d1cbac27 -> 
  custom:framework-win-MediaFoundation: 216162199b28c13a410421893ffa2e32 -> 
  custom:container-muxer-webm: aa71ff27fc2769a1b78a27578f13a17b -> 
  custom:video-decoder-webm-vp8: 9c59270c3fd7afecdb556c50c9e8de78 -> 
  custom:SearchIndexIgnoredProperties: e643bd26f0fe6173181afceb89e7c659 -> 
  custom:AudioImporter_EditorPlatform: d09bf68614088b80899f8185d706f6e7 -> 
  custom:audio-decoder-ogg-vorbis: bf7c407c2cedff20999df2af8eb42d56 -> 
  custom:audio-encoder-webm-vorbis: bf7c407c2cedff20999df2af8eb42d56 -> 
  custom:srp/default-pipeline: 8681685cbe374408b326607f85fbb0c1 -> 2ea3fbdfc44aa048b073f099301574fd
  custom:video-decoder-ogg-theora: a1e56fd34408186e4bbccfd4996cb3dc -> 
  custom:CustomObjectIndexerAttribute: 72b91833f83ae208fae7752999fa3104 -> 
  custom:container-demuxer-webm: 4f35f7cbe854078d1ac9338744f61a02 -> 
  custom:video-encoder-webm-vp8: eb34c28f22e8b96e1ab97ce403110664 -> 
========================================================================
Received Import Request.
  Time since last request: 197.260801 seconds.
  path: Assets/Sounds/coin.wav
  artifactKey: Guid(eb0c309a4832162498bb692f82965963) Importer(815301076,1909f56bfc062723c751e8b465ee728b)
Start importing Assets/Sounds/coin.wav using Guid(eb0c309a4832162498bb692f82965963) Importer(815301076,1909f56bfc062723c751e8b465ee728b) [PhysX] Initialized MultithreadedTaskDispatcher with 12 workers.
[PhysX] Initialized MultithreadedTaskDispatcher with 12 workers.
 -> (artifact id: '9acc88126408d09c3e4d28b3e26941f6') in 0.082302 seconds
Number of updated asset objects reloaded before import = 0
Number of asset objects unloaded after import = 2
========================================================================
Received Import Request.
  Time since last request: 0.000021 seconds.
  path: Assets/Sounds/laser_shoot2.mp3
  artifactKey: Guid(e7e871353df570a47b30cfab6340241b) Importer(815301076,1909f56bfc062723c751e8b465ee728b)
Start importing Assets/Sounds/laser_shoot2.mp3 using Guid(e7e871353df570a47b30cfab6340241b) Importer(815301076,1909f56bfc062723c751e8b465ee728b) [PhysX] Initialized MultithreadedTaskDispatcher with 12 workers.
[PhysX] Initialized MultithreadedTaskDispatcher with 12 workers.
 -> (artifact id: '6d3605e356024421bbfd4e483cc9c621') in 0.010157 seconds
Number of updated asset objects reloaded before import = 0
Number of asset objects unloaded after import = 2
========================================================================
Received Import Request.
  Time since last request: 0.000027 seconds.
  path: Assets/Sounds/menuButtons 1.wav
  artifactKey: Guid(3c32d406c612ab2428624805b3be33f5) Importer(815301076,1909f56bfc062723c751e8b465ee728b)
Start importing Assets/Sounds/menuButtons 1.wav using Guid(3c32d406c612ab2428624805b3be33f5) Importer(815301076,1909f56bfc062723c751e8b465ee728b) [PhysX] Initialized MultithreadedTaskDispatcher with 12 workers.
[PhysX] Initialized MultithreadedTaskDispatcher with 12 workers.
 -> (artifact id: '27e85f0be3f69fa5fb00149b14ef6f5a') in 0.018179 seconds
Number of updated asset objects reloaded before import = 0
Number of asset objects unloaded after import = 2
========================================================================
Received Import Request.
  Time since last request: 0.000041 seconds.
  path: Assets/Sounds/Music/Menu2.mp3
  artifactKey: Guid(5c275fc8376df384aac3ebde039fafc6) Importer(815301076,1909f56bfc062723c751e8b465ee728b)
Start importing Assets/Sounds/Music/Menu2.mp3 using Guid(5c275fc8376df384aac3ebde039fafc6) Importer(815301076,1909f56bfc062723c751e8b465ee728b) [PhysX] Initialized MultithreadedTaskDispatcher with 12 workers.
[PhysX] Initialized MultithreadedTaskDispatcher with 12 workers.
 -> (artifact id: 'baad3095440df029672384a9c6b1727e') in 0.290682 seconds
Number of updated asset objects reloaded before import = 0
Number of asset objects unloaded after import = 2
========================================================================
Received Import Request.
  Time since last request: 0.000035 seconds.
  path: Assets/Sounds/laser_shoot.wav
  artifactKey: Guid(33bb30b902185954b8beb673ea45c4fe) Importer(815301076,1909f56bfc062723c751e8b465ee728b)
Start importing Assets/Sounds/laser_shoot.wav using Guid(33bb30b902185954b8beb673ea45c4fe) Importer(815301076,1909f56bfc062723c751e8b465ee728b) [PhysX] Initialized MultithreadedTaskDispatcher with 12 workers.
[PhysX] Initialized MultithreadedTaskDispatcher with 12 workers.
 -> (artifact id: 'cf3de4e810c7300330ceb676da88570e') in 0.017767 seconds
Number of updated asset objects reloaded before import = 0
Number of asset objects unloaded after import = 2
========================================================================
Received Import Request.
  Time since last request: 0.000034 seconds.
  path: Assets/Sounds/disparo5.mp3
  artifactKey: Guid(25426cf56a061034e984a8bc7dfbb3a2) Importer(815301076,1909f56bfc062723c751e8b465ee728b)
Start importing Assets/Sounds/disparo5.mp3 using Guid(25426cf56a061034e984a8bc7dfbb3a2) Importer(815301076,1909f56bfc062723c751e8b465ee728b) [PhysX] Initialized MultithreadedTaskDispatcher with 12 workers.
[PhysX] Initialized MultithreadedTaskDispatcher with 12 workers.
 -> (artifact id: '6711496664f136e09eee0e73b0776815') in 0.013272 seconds
Number of updated asset objects reloaded before import = 0
Number of asset objects unloaded after import = 2
========================================================================
Received Import Request.
  Time since last request: 0.000031 seconds.
  path: Assets/Sounds/disparo7.mp3
  artifactKey: Guid(15aaa74255cba8d4f8ab9dfbb7feaa10) Importer(815301076,1909f56bfc062723c751e8b465ee728b)
Start importing Assets/Sounds/disparo7.mp3 using Guid(15aaa74255cba8d4f8ab9dfbb7feaa10) Importer(815301076,1909f56bfc062723c751e8b465ee728b) [PhysX] Initialized MultithreadedTaskDispatcher with 12 workers.
[PhysX] Initialized MultithreadedTaskDispatcher with 12 workers.
 -> (artifact id: 'b57016d57dd96587402b960063b19791') in 0.010328 seconds
Number of updated asset objects reloaded before import = 0
Number of asset objects unloaded after import = 2
========================================================================
Received Import Request.
  Time since last request: 0.000025 seconds.
  path: Assets/Sounds/Medieval1.mp3
  artifactKey: Guid(f694dd49149a3ba4e92b1c82d6445747) Importer(815301076,1909f56bfc062723c751e8b465ee728b)
Start importing Assets/Sounds/Medieval1.mp3 using Guid(f694dd49149a3ba4e92b1c82d6445747) Importer(815301076,1909f56bfc062723c751e8b465ee728b) [PhysX] Initialized MultithreadedTaskDispatcher with 12 workers.
[PhysX] Initialized MultithreadedTaskDispatcher with 12 workers.
 -> (artifact id: '30cf570adb3339ef1712a3f2f7776328') in 0.256464 seconds
Number of updated asset objects reloaded before import = 0
Number of asset objects unloaded after import = 2
========================================================================
Received Import Request.
  Time since last request: 0.000029 seconds.
  path: Assets/Sounds/pickUp.wav
  artifactKey: Guid(94f45b3cb8d5c294faff6e32360ff619) Importer(815301076,1909f56bfc062723c751e8b465ee728b)
Start importing Assets/Sounds/pickUp.wav using Guid(94f45b3cb8d5c294faff6e32360ff619) Importer(815301076,1909f56bfc062723c751e8b465ee728b) [PhysX] Initialized MultithreadedTaskDispatcher with 12 workers.
[PhysX] Initialized MultithreadedTaskDispatcher with 12 workers.
 -> (artifact id: '2696f9dc0619174ecb9ab74d41682665') in 0.011239 seconds
Number of updated asset objects reloaded before import = 0
Number of asset objects unloaded after import = 2
========================================================================
Received Import Request.
  Time since last request: 0.000034 seconds.
  path: Assets/Sounds/robot.wav
  artifactKey: Guid(bdcad919e10535e42982d67013c76c00) Importer(815301076,1909f56bfc062723c751e8b465ee728b)
Start importing Assets/Sounds/robot.wav using Guid(bdcad919e10535e42982d67013c76c00) Importer(815301076,1909f56bfc062723c751e8b465ee728b) [PhysX] Initialized MultithreadedTaskDispatcher with 12 workers.
[PhysX] Initialized MultithreadedTaskDispatcher with 12 workers.
 -> (artifact id: '3126f058a9984a94177d19c6c7097d64') in 0.026448 seconds
Number of updated asset objects reloaded before import = 0
Number of asset objects unloaded after import = 2
========================================================================
Received Import Request.
  Time since last request: 0.000028 seconds.
  path: Assets/Sounds/disparo2.mp3
  artifactKey: Guid(2ec2b211e8516ee42be752e7c2eb669d) Importer(815301076,1909f56bfc062723c751e8b465ee728b)
Start importing Assets/Sounds/disparo2.mp3 using Guid(2ec2b211e8516ee42be752e7c2eb669d) Importer(815301076,1909f56bfc062723c751e8b465ee728b) [PhysX] Initialized MultithreadedTaskDispatcher with 12 workers.
[PhysX] Initialized MultithreadedTaskDispatcher with 12 workers.
 -> (artifact id: '935cdc7fe388a944e9040c43d9ff148a') in 0.018458 seconds
Number of updated asset objects reloaded before import = 0
Number of asset objects unloaded after import = 2
========================================================================
Received Import Request.
  Time since last request: 0.000029 seconds.
  path: Assets/Sounds/disparo4.mp3
  artifactKey: Guid(8a013bba5ac0b0041baa146f8a3fbae7) Importer(815301076,1909f56bfc062723c751e8b465ee728b)
Start importing Assets/Sounds/disparo4.mp3 using Guid(8a013bba5ac0b0041baa146f8a3fbae7) Importer(815301076,1909f56bfc062723c751e8b465ee728b) [PhysX] Initialized MultithreadedTaskDispatcher with 12 workers.
[PhysX] Initialized MultithreadedTaskDispatcher with 12 workers.
 -> (artifact id: 'b1027392f4fb623a5a1980d969c5ca06') in 0.015032 seconds
Number of updated asset objects reloaded before import = 0
Number of asset objects unloaded after import = 2
========================================================================
Received Import Request.
  Time since last request: 0.000027 seconds.
  path: Assets/Sounds/MuerteEsqueletos.mp3
  artifactKey: Guid(e92057889f5525c41ad73839cd6deeac) Importer(815301076,1909f56bfc062723c751e8b465ee728b)
Start importing Assets/Sounds/MuerteEsqueletos.mp3 using Guid(e92057889f5525c41ad73839cd6deeac) Importer(815301076,1909f56bfc062723c751e8b465ee728b) [PhysX] Initialized MultithreadedTaskDispatcher with 12 workers.
[PhysX] Initialized MultithreadedTaskDispatcher with 12 workers.
 -> (artifact id: 'f5abbd024fde253c621015b0633878d8') in 0.010727 seconds
Number of updated asset objects reloaded before import = 0
Number of asset objects unloaded after import = 2
========================================================================
Received Import Request.
  Time since last request: 0.000022 seconds.
  path: Assets/Sounds/MusicaJefeIncompleto.mp3
  artifactKey: Guid(8f79b10b5100e08489b1d3828fbd5cfa) Importer(815301076,1909f56bfc062723c751e8b465ee728b)
Start importing Assets/Sounds/MusicaJefeIncompleto.mp3 using Guid(8f79b10b5100e08489b1d3828fbd5cfa) Importer(815301076,1909f56bfc062723c751e8b465ee728b) [PhysX] Initialized MultithreadedTaskDispatcher with 12 workers.
[PhysX] Initialized MultithreadedTaskDispatcher with 12 workers.
 -> (artifact id: '6e818586da2aec055bd5726eaa5d2f12') in 0.035322 seconds
Number of updated asset objects reloaded before import = 0
Number of asset objects unloaded after import = 2
========================================================================
Received Import Request.
  Time since last request: 0.000026 seconds.
  path: Assets/Sounds/Music/musicaMenu2.mp3
  artifactKey: Guid(48fa842ca93b2504da2b4aaa727c2058) Importer(815301076,1909f56bfc062723c751e8b465ee728b)
Start importing Assets/Sounds/Music/musicaMenu2.mp3 using Guid(48fa842ca93b2504da2b4aaa727c2058) Importer(815301076,1909f56bfc062723c751e8b465ee728b) [PhysX] Initialized MultithreadedTaskDispatcher with 12 workers.
[PhysX] Initialized MultithreadedTaskDispatcher with 12 workers.
 -> (artifact id: '67e76cc4359d923ae84f280a98dcd284') in 0.089689 seconds
Number of updated asset objects reloaded before import = 0
Number of asset objects unloaded after import = 2
========================================================================
Received Import Request.
  Time since last request: 0.000038 seconds.
  path: Assets/Sounds/Music/Robot.mp3
  artifactKey: Guid(7bd3a2e51f8672440816a435949130e9) Importer(815301076,1909f56bfc062723c751e8b465ee728b)
Start importing Assets/Sounds/Music/Robot.mp3 using Guid(7bd3a2e51f8672440816a435949130e9) Importer(815301076,1909f56bfc062723c751e8b465ee728b) [PhysX] Initialized MultithreadedTaskDispatcher with 12 workers.
[PhysX] Initialized MultithreadedTaskDispatcher with 12 workers.
 -> (artifact id: '84dc56e9498e7cd79c3f1686dbc9d630') in 0.332460 seconds
Number of updated asset objects reloaded before import = 0
Number of asset objects unloaded after import = 2
========================================================================
Received Import Request.
  Time since last request: 0.000033 seconds.
  path: Assets/Sounds/SonidoHumo1.mp3
  artifactKey: Guid(e5e8277eabe4e6a419d6ea147e9258ad) Importer(815301076,1909f56bfc062723c751e8b465ee728b)
Start importing Assets/Sounds/SonidoHumo1.mp3 using Guid(e5e8277eabe4e6a419d6ea147e9258ad) Importer(815301076,1909f56bfc062723c751e8b465ee728b) [PhysX] Initialized MultithreadedTaskDispatcher with 12 workers.
[PhysX] Initialized MultithreadedTaskDispatcher with 12 workers.
 -> (artifact id: 'a5dbdb51f7d3841704f55ce1f845a52b') in 0.010340 seconds
Number of updated asset objects reloaded before import = 0
Number of asset objects unloaded after import = 2
========================================================================
Received Import Request.
  Time since last request: 0.000037 seconds.
  path: Assets/Sounds/snake1.mp3
  artifactKey: Guid(44ea8dbbb1e25a04c97b3beb0997fd5c) Importer(815301076,1909f56bfc062723c751e8b465ee728b)
Start importing Assets/Sounds/snake1.mp3 using Guid(44ea8dbbb1e25a04c97b3beb0997fd5c) Importer(815301076,1909f56bfc062723c751e8b465ee728b) [PhysX] Initialized MultithreadedTaskDispatcher with 12 workers.
[PhysX] Initialized MultithreadedTaskDispatcher with 12 workers.
 -> (artifact id: '084dd67f27777ba8f10351e8ce6b3d36') in 0.012869 seconds
Number of updated asset objects reloaded before import = 0
Number of asset objects unloaded after import = 2
========================================================================
Received Prepare
Shader Hidden/ProbeVolume/VoxelizeScene is not supported: GPU does not support conservative rasterization
Refreshing native plugins compatible for Editor in 18.40 ms, found 4 plugins.
Preloading 0 native plugins for Editor in 0.00 ms.
Unloading 16 Unused Serialized files (Serialized files now loaded: 0)
Unloading 16 unused Assets / (0.9 MB). Loaded Objects now: 7363.
Memory consumption went from 141.4 MB to 140.6 MB.
Total: 5.451800 ms (FindLiveObjects: 0.641100 ms CreateObjectMapping: 0.238800 ms MarkObjects: 4.086400 ms  DeleteObjects: 0.483800 ms)

Prepare: number of updated asset objects reloaded= 0
AssetImportParameters requested are different than current active one (requested -> active):
  custom:container-demuxer-ogg: 62fdf1f143b41e24485cea50d1cbac27 -> 
  custom:framework-win-MediaFoundation: 216162199b28c13a410421893ffa2e32 -> 
  custom:container-muxer-webm: aa71ff27fc2769a1b78a27578f13a17b -> 
  custom:video-decoder-webm-vp8: 9c59270c3fd7afecdb556c50c9e8de78 -> 
  custom:SearchIndexIgnoredProperties: e643bd26f0fe6173181afceb89e7c659 -> 
  custom:AudioImporter_EditorPlatform: d09bf68614088b80899f8185d706f6e7 -> 
  custom:audio-decoder-ogg-vorbis: bf7c407c2cedff20999df2af8eb42d56 -> 
  custom:audio-encoder-webm-vorbis: bf7c407c2cedff20999df2af8eb42d56 -> 
  custom:video-decoder-ogg-theora: a1e56fd34408186e4bbccfd4996cb3dc -> 
  custom:CustomObjectIndexerAttribute: 72b91833f83ae208fae7752999fa3104 -> 
  custom:container-demuxer-webm: 4f35f7cbe854078d1ac9338744f61a02 -> 
  custom:video-encoder-webm-vp8: eb34c28f22e8b96e1ab97ce403110664 -> 
========================================================================
Received Prepare
Caller must complete domain reload
Begin MonoManager ReloadAssembly
Symbol file LoadedFromMemory is not a mono symbol file
Assembly 'Assets/ExternalDependencyManager/Editor/1.2.181/Google.IOSResolver.dll' will not be loaded due to errors:
Unable to resolve reference 'UnityEditor.iOS.Extensions.Xcode'. Is the assembly missing or incompatible with the current platform?
Reference validation can be disabled in the Plugin Inspector.
- Loaded All Assemblies, in  0.958 seconds
Native extension for WindowsStandalone target not found
Native extension for Android target not found
[Package Manager] Server::EnsureServerProcessIsRunning -- launch failed, reason: Unity was launched with the -noUpm command-line argument
[Package Manager] UpmClient::Send -- Unable to send message (not connected to UPM process).
[Package Manager] Cannot connect to Unity Package Manager local server
Mono: successfully reloaded assembly
- Finished resetting the current domain, in  2.511 seconds
Domain Reload Profiling: 3467ms
	BeginReloadAssembly (282ms)
		ExecutionOrderSort (0ms)
		DisableScriptedObjects (22ms)
		BackupInstance (0ms)
		ReleaseScriptingObjects (0ms)
		CreateAndSetChildDomain (71ms)
	RebuildCommonClasses (46ms)
	RebuildNativeTypeToScriptingClass (20ms)
	initialDomainReloadingComplete (41ms)
	LoadAllAssembliesAndSetupDomain (566ms)
		LoadAssemblies (681ms)
		RebuildTransferFunctionScriptingTraits (0ms)
		AnalyzeDomain (30ms)
			TypeCache.Refresh (10ms)
				TypeCache.ScanAssembly (0ms)
			ScanForSourceGeneratedMonoScriptInfo (0ms)
			ResolveRequiredComponents (18ms)
	FinalizeReload (2512ms)
		ReleaseScriptCaches (0ms)
		RebuildScriptCaches (0ms)
		SetupLoadedEditorAssemblies (1101ms)
			LogAssemblyErrors (0ms)
			InitializePlatformSupportModulesInManaged (32ms)
			SetLoadedEditorAssemblies (10ms)
			RefreshPlugins (0ms)
			BeforeProcessingInitializeOnLoad (287ms)
			ProcessInitializeOnLoadAttributes (625ms)
			ProcessInitializeOnLoadMethodAttributes (142ms)
			AfterProcessingInitializeOnLoad (5ms)
			EditorAssembliesLoaded (1ms)
		ExecutionOrderSort2 (0ms)
		AwakeInstancesAfterBackupRestoration (27ms)
Switching render pipeline e23abffd4ca40a840b370f99035147df -> 681886c5eb7344803b6206f758bf0b1c
Shader Hidden/ProbeVolume/VoxelizeScene is not supported: GPU does not support conservative rasterization
Refreshing native plugins compatible for Editor in 21.68 ms, found 4 plugins.
Preloading 0 native plugins for Editor in 0.00 ms.
Unloading 6659 Unused Serialized files (Serialized files now loaded: 0)
Unloading 47 unused Assets / (0.9 MB). Loaded Objects now: 7367.
Memory consumption went from 245.1 MB to 244.2 MB.
Total: 6.386100 ms (FindLiveObjects: 0.792900 ms CreateObjectMapping: 0.473000 ms MarkObjects: 4.636300 ms  DeleteObjects: 0.482600 ms)

Prepare: number of updated asset objects reloaded= 0
AssetImportParameters requested are different than current active one (requested -> active):
  custom:container-demuxer-ogg: 62fdf1f143b41e24485cea50d1cbac27 -> 
  custom:framework-win-MediaFoundation: 216162199b28c13a410421893ffa2e32 -> 
  custom:container-muxer-webm: aa71ff27fc2769a1b78a27578f13a17b -> 
  custom:video-decoder-webm-vp8: 9c59270c3fd7afecdb556c50c9e8de78 -> 
  custom:SearchIndexIgnoredProperties: e643bd26f0fe6173181afceb89e7c659 -> 
  custom:AudioImporter_EditorPlatform: d09bf68614088b80899f8185d706f6e7 -> 
  custom:audio-decoder-ogg-vorbis: bf7c407c2cedff20999df2af8eb42d56 -> 
  custom:audio-encoder-webm-vorbis: bf7c407c2cedff20999df2af8eb42d56 -> 
  custom:srp/default-pipeline: 8681685cbe374408b326607f85fbb0c1 -> 2ea3fbdfc44aa048b073f099301574fd
  custom:video-decoder-ogg-theora: a1e56fd34408186e4bbccfd4996cb3dc -> 
  custom:CustomObjectIndexerAttribute: 72b91833f83ae208fae7752999fa3104 -> 
  custom:container-demuxer-webm: 4f35f7cbe854078d1ac9338744f61a02 -> 
  custom:video-encoder-webm-vp8: eb34c28f22e8b96e1ab97ce403110664 -> 
Editor requested this worker to shutdown with reason: Scaling down because of idle timeout
TcpMessagingSession - receive error: operation aborted. errorcode: 995, details: La operacin de E/S se anul por una salida de subproceso o por una solicitud de aplicacin.
AssetImportWorker is now disconnected from the server
Process exiting
Exiting without the bug reporter. Application will terminate with return code 0