Using pre-set license
Built from '2022.3/staging' branch; Version is '2022.3.40f1 (cbdda657d2f0) revision 13360550'; Using compiler version '192829333'; Build Type 'Release'
OS: 'Windows 10  (10.0.19045) 64bit Professional' Language: 'es' Physical Memory: 16332 MB
BatchMode: 1, IsHumanControllingUs: 0, StartBugReporterOnCrash: 0, Is64bit: 1, IsPro: 1

COMMAND LINE ARGUMENTS:
F:\Unity\archivos\2022.3.40f1\Editor\Unity.exe
-adb2
-batchMode
-noUpm
-name
AssetImportWorker8
-projectPath
F:/Github/Dungeons-Races/Dungeons&Races
-logFile
Logs/AssetImportWorker8.log
-srvPort
52403
Successfully changed project path to: F:/Github/Dungeons-Races/Dungeons&Races
F:/Github/Dungeons-Races/Dungeons&Races
[UnityMemory] Configuration Parameters - Can be set up in boot.config
    "memorysetup-bucket-allocator-granularity=16"
    "memorysetup-bucket-allocator-bucket-count=8"
    "memorysetup-bucket-allocator-block-size=33554432"
    "memorysetup-bucket-allocator-block-count=8"
    "memorysetup-main-allocator-block-size=16777216"
    "memorysetup-thread-allocator-block-size=16777216"
    "memorysetup-gfx-main-allocator-block-size=16777216"
    "memorysetup-gfx-thread-allocator-block-size=16777216"
    "memorysetup-cache-allocator-block-size=4194304"
    "memorysetup-typetree-allocator-block-size=2097152"
    "memorysetup-profiler-bucket-allocator-granularity=16"
    "memorysetup-profiler-bucket-allocator-bucket-count=8"
    "memorysetup-profiler-bucket-allocator-block-size=33554432"
    "memorysetup-profiler-bucket-allocator-block-count=8"
    "memorysetup-profiler-allocator-block-size=16777216"
    "memorysetup-profiler-editor-allocator-block-size=1048576"
    "memorysetup-temp-allocator-size-main=16777216"
    "memorysetup-job-temp-allocator-block-size=2097152"
    "memorysetup-job-temp-allocator-block-size-background=1048576"
    "memorysetup-job-temp-allocator-reduction-small-platforms=262144"
    "memorysetup-allocator-temp-initial-block-size-main=262144"
    "memorysetup-allocator-temp-initial-block-size-worker=262144"
    "memorysetup-temp-allocator-size-background-worker=32768"
    "memorysetup-temp-allocator-size-job-worker=262144"
    "memorysetup-temp-allocator-size-preload-manager=33554432"
    "memorysetup-temp-allocator-size-nav-mesh-worker=65536"
    "memorysetup-temp-allocator-size-audio-worker=65536"
    "memorysetup-temp-allocator-size-cloud-worker=32768"
    "memorysetup-temp-allocator-size-gi-baking-worker=262144"
    "memorysetup-temp-allocator-size-gfx=262144"
Player connection [24216]  Target information:

Player connection [24216]  * "[IP] 10.10.100.95 [Port] 0 [Flags] 2 [Guid] 395223689 [EditorId] 395223689 [Version] 1048832 [Id] WindowsEditor(7,DESKTOP-KSFICS1) [Debug] 1 [PackageName] WindowsEditor [ProjectName] Editor" 

Player connection [24216] Host joined multi-casting on [225.0.0.222:54997]...
Player connection [24216] Host joined alternative multi-casting on [225.0.0.222:34997]...
[PhysX] Initialized MultithreadedTaskDispatcher with 12 workers.
Refreshing native plugins compatible for Editor in 40.08 ms, found 4 plugins.
Preloading 0 native plugins for Editor in 0.00 ms.
Initialize engine version: 2022.3.40f1 (cbdda657d2f0)
[Subsystems] Discovering subsystems at path F:/Unity/archivos/2022.3.40f1/Editor/Data/Resources/UnitySubsystems
[Subsystems] Discovering subsystems at path F:/Github/Dungeons-Races/Dungeons&Races/Assets
GfxDevice: creating device client; threaded=0; jobified=0
Direct3D:
    Version:  Direct3D 11.0 [level 11.1]
    Renderer: Radeon RX 580 Series (ID=0x67df)
    Vendor:   ATI
    VRAM:     8170 MB
    Driver:   31.0.21921.1000
Shader Hidden/ProbeVolume/VoxelizeScene is not supported: GPU does not support conservative rasterization
Initialize mono
Mono path[0] = 'F:/Unity/archivos/2022.3.40f1/Editor/Data/Managed'
Mono path[1] = 'F:/Unity/archivos/2022.3.40f1/Editor/Data/MonoBleedingEdge/lib/mono/unityjit-win32'
Mono config path = 'F:/Unity/archivos/2022.3.40f1/Editor/Data/MonoBleedingEdge/etc'
Using monoOptions --debugger-agent=transport=dt_socket,embedding=1,server=y,suspend=n,address=127.0.0.1:56880
Begin MonoManager ReloadAssembly
Registering precompiled unity dll's ...
Register platform support module: F:/Unity/archivos/2022.3.40f1/Editor/Data/PlaybackEngines/AndroidPlayer/UnityEditor.Android.Extensions.dll
Register platform support module: F:/Unity/archivos/2022.3.40f1/Editor/Data/PlaybackEngines/WindowsStandaloneSupport/UnityEditor.WindowsStandalone.Extensions.dll
Registered in 0.008026 seconds.
- Loaded All Assemblies, in  0.483 seconds
Native extension for WindowsStandalone target not found
Native extension for Android target not found
Android Extension - Scanning For ADB Devices 323 ms
Mono: successfully reloaded assembly
- Finished resetting the current domain, in  0.742 seconds
Domain Reload Profiling: 1225ms
	BeginReloadAssembly (159ms)
		ExecutionOrderSort (0ms)
		DisableScriptedObjects (0ms)
		BackupInstance (0ms)
		ReleaseScriptingObjects (0ms)
		CreateAndSetChildDomain (1ms)
	RebuildCommonClasses (45ms)
	RebuildNativeTypeToScriptingClass (15ms)
	initialDomainReloadingComplete (67ms)
	LoadAllAssembliesAndSetupDomain (196ms)
		LoadAssemblies (160ms)
		RebuildTransferFunctionScriptingTraits (0ms)
		AnalyzeDomain (192ms)
			TypeCache.Refresh (191ms)
				TypeCache.ScanAssembly (175ms)
			ScanForSourceGeneratedMonoScriptInfo (0ms)
			ResolveRequiredComponents (1ms)
	FinalizeReload (742ms)
		ReleaseScriptCaches (0ms)
		RebuildScriptCaches (0ms)
		SetupLoadedEditorAssemblies (682ms)
			LogAssemblyErrors (0ms)
			InitializePlatformSupportModulesInManaged (455ms)
			SetLoadedEditorAssemblies (6ms)
			RefreshPlugins (0ms)
			BeforeProcessingInitializeOnLoad (3ms)
			ProcessInitializeOnLoadAttributes (155ms)
			ProcessInitializeOnLoadMethodAttributes (63ms)
			AfterProcessingInitializeOnLoad (0ms)
			EditorAssembliesLoaded (0ms)
		ExecutionOrderSort2 (0ms)
		AwakeInstancesAfterBackupRestoration (0ms)
========================================================================
Worker process is ready to serve import requests
Caller must complete domain reload
Begin MonoManager ReloadAssembly
Symbol file LoadedFromMemory is not a mono symbol file
- Loaded All Assemblies, in  1.227 seconds
Native extension for WindowsStandalone target not found
Native extension for Android target not found
Package Manager log level set to [2]
[Package Manager] Server::EnsureServerProcessIsRunning -- launch failed, reason: Unity was launched with the -noUpm command-line argument
[Package Manager] UpmClient::Send -- Unable to send message (not connected to UPM process).
[Package Manager] Cannot connect to Unity Package Manager local server
Mono: successfully reloaded assembly
- Finished resetting the current domain, in  1.508 seconds
Domain Reload Profiling: 2734ms
	BeginReloadAssembly (215ms)
		ExecutionOrderSort (0ms)
		DisableScriptedObjects (9ms)
		BackupInstance (0ms)
		ReleaseScriptingObjects (0ms)
		CreateAndSetChildDomain (26ms)
	RebuildCommonClasses (45ms)
	RebuildNativeTypeToScriptingClass (13ms)
	initialDomainReloadingComplete (54ms)
	LoadAllAssembliesAndSetupDomain (898ms)
		LoadAssemblies (673ms)
		RebuildTransferFunctionScriptingTraits (0ms)
		AnalyzeDomain (363ms)
			TypeCache.Refresh (291ms)
				TypeCache.ScanAssembly (264ms)
			ScanForSourceGeneratedMonoScriptInfo (54ms)
			ResolveRequiredComponents (16ms)
	FinalizeReload (1509ms)
		ReleaseScriptCaches (0ms)
		RebuildScriptCaches (0ms)
		SetupLoadedEditorAssemblies (1270ms)
			LogAssemblyErrors (0ms)
			InitializePlatformSupportModulesInManaged (33ms)
			SetLoadedEditorAssemblies (9ms)
			RefreshPlugins (0ms)
			BeforeProcessingInitializeOnLoad (257ms)
			ProcessInitializeOnLoadAttributes (861ms)
			ProcessInitializeOnLoadMethodAttributes (106ms)
			AfterProcessingInitializeOnLoad (4ms)
			EditorAssembliesLoaded (0ms)
		ExecutionOrderSort2 (0ms)
		AwakeInstancesAfterBackupRestoration (7ms)
Switching render pipeline e23abffd4ca40a840b370f99035147df -> 681886c5eb7344803b6206f758bf0b1c
Shader Hidden/ProbeVolume/VoxelizeScene is not supported: GPU does not support conservative rasterization
Launched and connected shader compiler UnityShaderCompiler.exe after 0.10 seconds
Refreshing native plugins compatible for Editor in 15.07 ms, found 4 plugins.
Preloading 0 native plugins for Editor in 0.00 ms.
Unloading 7243 Unused Serialized files (Serialized files now loaded: 0)
Unloading 46 unused Assets / (386.9 KB). Loaded Objects now: 7725.
Memory consumption went from 265.6 MB to 265.2 MB.
Total: 5.290800 ms (FindLiveObjects: 0.631300 ms CreateObjectMapping: 0.222000 ms MarkObjects: 4.211800 ms  DeleteObjects: 0.224200 ms)

AssetImportParameters requested are different than current active one (requested -> active):
  custom:container-demuxer-ogg: 62fdf1f143b41e24485cea50d1cbac27 -> 
  custom:framework-win-MediaFoundation: 216162199b28c13a410421893ffa2e32 -> 
  custom:container-muxer-webm: aa71ff27fc2769a1b78a27578f13a17b -> 
  custom:video-decoder-webm-vp8: 9c59270c3fd7afecdb556c50c9e8de78 -> 
  custom:SearchIndexIgnoredProperties: e643bd26f0fe6173181afceb89e7c659 -> 
  custom:AudioImporter_EditorPlatform: d09bf68614088b80899f8185d706f6e7 -> 
  custom:audio-decoder-ogg-vorbis: bf7c407c2cedff20999df2af8eb42d56 -> 
  custom:audio-encoder-webm-vorbis: bf7c407c2cedff20999df2af8eb42d56 -> 
  custom:srp/default-pipeline: 8681685cbe374408b326607f85fbb0c1 -> 2ea3fbdfc44aa048b073f099301574fd
  custom:video-decoder-ogg-theora: a1e56fd34408186e4bbccfd4996cb3dc -> 
  custom:CustomObjectIndexerAttribute: 72b91833f83ae208fae7752999fa3104 -> 
  custom:container-demuxer-webm: 4f35f7cbe854078d1ac9338744f61a02 -> 
  custom:video-encoder-webm-vp8: eb34c28f22e8b96e1ab97ce403110664 -> 
========================================================================
Received Prepare
Caller must complete domain reload
Begin MonoManager ReloadAssembly
Symbol file LoadedFromMemory is not a mono symbol file
- Loaded All Assemblies, in  2.180 seconds
Native extension for WindowsStandalone target not found
Native extension for Android target not found
[Package Manager] Server::EnsureServerProcessIsRunning -- launch failed, reason: Unity was launched with the -noUpm command-line argument
[Package Manager] UpmClient::Send -- Unable to send message (not connected to UPM process).
[Package Manager] Cannot connect to Unity Package Manager local server
Mono: successfully reloaded assembly
- Finished resetting the current domain, in  1.893 seconds
Domain Reload Profiling: 4073ms
	BeginReloadAssembly (1492ms)
		ExecutionOrderSort (0ms)
		DisableScriptedObjects (1195ms)
		BackupInstance (0ms)
		ReleaseScriptingObjects (0ms)
		CreateAndSetChildDomain (75ms)
	RebuildCommonClasses (70ms)
	RebuildNativeTypeToScriptingClass (21ms)
	initialDomainReloadingComplete (47ms)
	LoadAllAssembliesAndSetupDomain (549ms)
		LoadAssemblies (692ms)
		RebuildTransferFunctionScriptingTraits (0ms)
		AnalyzeDomain (33ms)
			TypeCache.Refresh (9ms)
				TypeCache.ScanAssembly (0ms)
			ScanForSourceGeneratedMonoScriptInfo (0ms)
			ResolveRequiredComponents (22ms)
	FinalizeReload (1893ms)
		ReleaseScriptCaches (0ms)
		RebuildScriptCaches (0ms)
		SetupLoadedEditorAssemblies (1508ms)
			LogAssemblyErrors (0ms)
			InitializePlatformSupportModulesInManaged (42ms)
			SetLoadedEditorAssemblies (8ms)
			RefreshPlugins (0ms)
			BeforeProcessingInitializeOnLoad (339ms)
			ProcessInitializeOnLoadAttributes (987ms)
			ProcessInitializeOnLoadMethodAttributes (127ms)
			AfterProcessingInitializeOnLoad (4ms)
			EditorAssembliesLoaded (1ms)
		ExecutionOrderSort2 (0ms)
		AwakeInstancesAfterBackupRestoration (24ms)
Switching render pipeline e23abffd4ca40a840b370f99035147df -> 681886c5eb7344803b6206f758bf0b1c
Shader Hidden/ProbeVolume/VoxelizeScene is not supported: GPU does not support conservative rasterization
Refreshing native plugins compatible for Editor in 20.15 ms, found 4 plugins.
Preloading 0 native plugins for Editor in 0.00 ms.
Unloading 7075 Unused Serialized files (Serialized files now loaded: 0)
Unloading 31 unused Assets / (358.5 KB). Loaded Objects now: 7731.
Memory consumption went from 234.4 MB to 234.1 MB.
Total: 7.082100 ms (FindLiveObjects: 0.954100 ms CreateObjectMapping: 0.493000 ms MarkObjects: 5.446300 ms  DeleteObjects: 0.187400 ms)

Prepare: number of updated asset objects reloaded= 0
AssetImportParameters requested are different than current active one (requested -> active):
  custom:container-demuxer-ogg: 62fdf1f143b41e24485cea50d1cbac27 -> 
  custom:framework-win-MediaFoundation: 216162199b28c13a410421893ffa2e32 -> 
  custom:container-muxer-webm: aa71ff27fc2769a1b78a27578f13a17b -> 
  custom:video-decoder-webm-vp8: 9c59270c3fd7afecdb556c50c9e8de78 -> 
  custom:SearchIndexIgnoredProperties: e643bd26f0fe6173181afceb89e7c659 -> 
  custom:AudioImporter_EditorPlatform: d09bf68614088b80899f8185d706f6e7 -> 
  custom:audio-decoder-ogg-vorbis: bf7c407c2cedff20999df2af8eb42d56 -> 
  custom:audio-encoder-webm-vorbis: bf7c407c2cedff20999df2af8eb42d56 -> 
  custom:srp/default-pipeline: 8681685cbe374408b326607f85fbb0c1 -> 2ea3fbdfc44aa048b073f099301574fd
  custom:video-decoder-ogg-theora: a1e56fd34408186e4bbccfd4996cb3dc -> 
  custom:CustomObjectIndexerAttribute: 72b91833f83ae208fae7752999fa3104 -> 
  custom:container-demuxer-webm: 4f35f7cbe854078d1ac9338744f61a02 -> 
  custom:video-encoder-webm-vp8: eb34c28f22e8b96e1ab97ce403110664 -> 
========================================================================
Received Import Request.
  Time since last request: 17182.845651 seconds.
  path: Assets/prefabs/Enemies/acido_rosa.prefab
  artifactKey: Guid(8808b489991a699429fc272fb7040279) Importer(815301076,1909f56bfc062723c751e8b465ee728b)
Start importing Assets/prefabs/Enemies/acido_rosa.prefab using Guid(8808b489991a699429fc272fb7040279) Importer(815301076,1909f56bfc062723c751e8b465ee728b) [PhysX] Initialized MultithreadedTaskDispatcher with 12 workers.
 -> (artifact id: 'e2c0f7b0fbd30d3656926eef1ef0eeed') in 0.002324 seconds
Number of updated asset objects reloaded before import = 0
Number of asset objects unloaded after import = 0
========================================================================
Received Import Request.
  Time since last request: 0.000034 seconds.
  path: Assets/prefabs/Enemies/AlienGreen_Cadaver.prefab
  artifactKey: Guid(216f1a310f273824b947f7c7683601af) Importer(815301076,1909f56bfc062723c751e8b465ee728b)
Start importing Assets/prefabs/Enemies/AlienGreen_Cadaver.prefab using Guid(216f1a310f273824b947f7c7683601af) Importer(815301076,1909f56bfc062723c751e8b465ee728b) [PhysX] Initialized MultithreadedTaskDispatcher with 12 workers.
 -> (artifact id: 'b8ee1423d7c06ff4fbe1264f8cacc1dc') in 0.000607 seconds
Number of updated asset objects reloaded before import = 0
Number of asset objects unloaded after import = 0
========================================================================
Received Import Request.
  Time since last request: 0.000023 seconds.
  path: Assets/prefabs/Enemies/PerroRobot.prefab
  artifactKey: Guid(3495cadcac0bb4b4b813710217acdca3) Importer(815301076,1909f56bfc062723c751e8b465ee728b)
Start importing Assets/prefabs/Enemies/PerroRobot.prefab using Guid(3495cadcac0bb4b4b813710217acdca3) Importer(815301076,1909f56bfc062723c751e8b465ee728b) [PhysX] Initialized MultithreadedTaskDispatcher with 12 workers.
 -> (artifact id: '96725e70e46cb7b2070109f6dcc516c4') in 0.000662 seconds
Number of updated asset objects reloaded before import = 0
Number of asset objects unloaded after import = 0
========================================================================
Received Import Request.
  Time since last request: 0.000032 seconds.
  path: Assets/prefabs/Enemies/GhostDarkKnight.prefab
  artifactKey: Guid(bff6960d465117f48a8b6c4bd0cb0fa1) Importer(815301076,1909f56bfc062723c751e8b465ee728b)
Start importing Assets/prefabs/Enemies/GhostDarkKnight.prefab using Guid(bff6960d465117f48a8b6c4bd0cb0fa1) Importer(815301076,1909f56bfc062723c751e8b465ee728b) [PhysX] Initialized MultithreadedTaskDispatcher with 12 workers.
 -> (artifact id: 'eb93b51789c2233a23dbc3f91c9880b3') in 0.000720 seconds
Number of updated asset objects reloaded before import = 0
Number of asset objects unloaded after import = 0
========================================================================
Received Import Request.
  Time since last request: 0.000026 seconds.
  path: Assets/prefabs/Enemies/Robot_Inofensivo_Azul.prefab
  artifactKey: Guid(3e3b1fd7d293a4a42a507cff245ba742) Importer(815301076,1909f56bfc062723c751e8b465ee728b)
Start importing Assets/prefabs/Enemies/Robot_Inofensivo_Azul.prefab using Guid(3e3b1fd7d293a4a42a507cff245ba742) Importer(815301076,1909f56bfc062723c751e8b465ee728b) [PhysX] Initialized MultithreadedTaskDispatcher with 12 workers.
 -> (artifact id: '2a34253b455327907d02815079b7fbda') in 0.000542 seconds
Number of updated asset objects reloaded before import = 0
Number of asset objects unloaded after import = 0
========================================================================
Received Import Request.
  Time since last request: 0.000021 seconds.
  path: Assets/prefabs/Enemies/SerpienteGris.prefab
  artifactKey: Guid(205337e8110b1fb42af0a94080a9418f) Importer(815301076,1909f56bfc062723c751e8b465ee728b)
Start importing Assets/prefabs/Enemies/SerpienteGris.prefab using Guid(205337e8110b1fb42af0a94080a9418f) Importer(815301076,1909f56bfc062723c751e8b465ee728b) [PhysX] Initialized MultithreadedTaskDispatcher with 12 workers.
 -> (artifact id: 'd64a481432af5fdbb0307267c6db2528') in 0.000595 seconds
Number of updated asset objects reloaded before import = 0
Number of asset objects unloaded after import = 0
========================================================================
Received Import Request.
  Time since last request: 0.000027 seconds.
  path: Assets/prefabs/Enemies/GhostKnight_Cadaver.prefab
  artifactKey: Guid(ae27459463bfbaf448cb1476fb1df815) Importer(815301076,1909f56bfc062723c751e8b465ee728b)
Start importing Assets/prefabs/Enemies/GhostKnight_Cadaver.prefab using Guid(ae27459463bfbaf448cb1476fb1df815) Importer(815301076,1909f56bfc062723c751e8b465ee728b) [PhysX] Initialized MultithreadedTaskDispatcher with 12 workers.
 -> (artifact id: '93f95c8d807b4b1240fde334cdbb3f9c') in 0.000766 seconds
Number of updated asset objects reloaded before import = 0
Number of asset objects unloaded after import = 0
========================================================================
Received Import Request.
  Time since last request: 0.000021 seconds.
  path: Assets/prefabs/Enemies/SerpienteGrisJefe.prefab
  artifactKey: Guid(f4279436daec9f542b67d0add3d28f0c) Importer(815301076,1909f56bfc062723c751e8b465ee728b)
Start importing Assets/prefabs/Enemies/SerpienteGrisJefe.prefab using Guid(f4279436daec9f542b67d0add3d28f0c) Importer(815301076,1909f56bfc062723c751e8b465ee728b) [PhysX] Initialized MultithreadedTaskDispatcher with 12 workers.
 -> (artifact id: 'eb2e7110bcaa25ebcf1f0b39bf80502f') in 0.000618 seconds
Number of updated asset objects reloaded before import = 0
Number of asset objects unloaded after import = 0
========================================================================
Received Import Request.
  Time since last request: 0.000022 seconds.
  path: Assets/prefabs/Enemies/slime_naranja_cadaver.prefab
  artifactKey: Guid(00ddb7a523148614a9ba3da868dcaa9a) Importer(815301076,1909f56bfc062723c751e8b465ee728b)
Start importing Assets/prefabs/Enemies/slime_naranja_cadaver.prefab using Guid(00ddb7a523148614a9ba3da868dcaa9a) Importer(815301076,1909f56bfc062723c751e8b465ee728b) [PhysX] Initialized MultithreadedTaskDispatcher with 12 workers.
 -> (artifact id: 'a8b586334ce9ee352b5cda4d5e5ac2ef') in 0.000583 seconds
Number of updated asset objects reloaded before import = 0
Number of asset objects unloaded after import = 0
========================================================================
Received Import Request.
  Time since last request: 0.000024 seconds.
  path: Assets/prefabs/Enemies/EsqueletoGris_Cadaver.prefab
  artifactKey: Guid(5ee59f687f86d5f42a9d1cc5237cc3f0) Importer(815301076,1909f56bfc062723c751e8b465ee728b)
Start importing Assets/prefabs/Enemies/EsqueletoGris_Cadaver.prefab using Guid(5ee59f687f86d5f42a9d1cc5237cc3f0) Importer(815301076,1909f56bfc062723c751e8b465ee728b) [PhysX] Initialized MultithreadedTaskDispatcher with 12 workers.
 -> (artifact id: '7bdbf35aa6b48234bce56f7917cf30e0') in 0.000643 seconds
Number of updated asset objects reloaded before import = 0
Number of asset objects unloaded after import = 0
========================================================================
Received Import Request.
  Time since last request: 0.000024 seconds.
  path: Assets/prefabs/Enemies/Boss.prefab
  artifactKey: Guid(effa6e65f735b3a43968c969e929933c) Importer(815301076,1909f56bfc062723c751e8b465ee728b)
Start importing Assets/prefabs/Enemies/Boss.prefab using Guid(effa6e65f735b3a43968c969e929933c) Importer(815301076,1909f56bfc062723c751e8b465ee728b) [PhysX] Initialized MultithreadedTaskDispatcher with 12 workers.
 -> (artifact id: 'aee3b40bef0e1061b27240bbfa0ea172') in 0.000593 seconds
Number of updated asset objects reloaded before import = 0
Number of asset objects unloaded after import = 0
========================================================================
Received Import Request.
  Time since last request: 0.000024 seconds.
  path: Assets/prefabs/Enemies/Cadaver.prefab
  artifactKey: Guid(6182d11f52723924e9992bc591a8dd63) Importer(815301076,1909f56bfc062723c751e8b465ee728b)
Start importing Assets/prefabs/Enemies/Cadaver.prefab using Guid(6182d11f52723924e9992bc591a8dd63) Importer(815301076,1909f56bfc062723c751e8b465ee728b) [PhysX] Initialized MultithreadedTaskDispatcher with 12 workers.
 -> (artifact id: '04cf10d2eb61279dfd78e7c3a97667b8') in 0.000607 seconds
Number of updated asset objects reloaded before import = 0
Number of asset objects unloaded after import = 0
========================================================================
Received Import Request.
  Time since last request: 0.000021 seconds.
  path: Assets/prefabs/Enemies/GhostDarkKnight_Cadaver.prefab
  artifactKey: Guid(4b18a564748270c47934eded1a6504a6) Importer(815301076,1909f56bfc062723c751e8b465ee728b)
Start importing Assets/prefabs/Enemies/GhostDarkKnight_Cadaver.prefab using Guid(4b18a564748270c47934eded1a6504a6) Importer(815301076,1909f56bfc062723c751e8b465ee728b) [PhysX] Initialized MultithreadedTaskDispatcher with 12 workers.
 -> (artifact id: '2a99e93ca3bf186a480306fc6e9b9d75') in 0.000593 seconds
Number of updated asset objects reloaded before import = 0
Number of asset objects unloaded after import = 0
========================================================================
Received Import Request.
  Time since last request: 0.000026 seconds.
  path: Assets/prefabs/Enemies/EsqueletoDoradoRango_Cadaver.prefab
  artifactKey: Guid(a0f40fda154647d42b716aaf778bba61) Importer(815301076,1909f56bfc062723c751e8b465ee728b)
Start importing Assets/prefabs/Enemies/EsqueletoDoradoRango_Cadaver.prefab using Guid(a0f40fda154647d42b716aaf778bba61) Importer(815301076,1909f56bfc062723c751e8b465ee728b) [PhysX] Initialized MultithreadedTaskDispatcher with 12 workers.
 -> (artifact id: '22716f65bac81aa333cc6828e9a7f704') in 0.000530 seconds
Number of updated asset objects reloaded before import = 0
Number of asset objects unloaded after import = 0
========================================================================
Received Import Request.
  Time since last request: 0.000020 seconds.
  path: Assets/prefabs/Enemies/EsqueletoRango.prefab
  artifactKey: Guid(0c243db66ad9ebb4c951d013f5d6c753) Importer(815301076,1909f56bfc062723c751e8b465ee728b)
Start importing Assets/prefabs/Enemies/EsqueletoRango.prefab using Guid(0c243db66ad9ebb4c951d013f5d6c753) Importer(815301076,1909f56bfc062723c751e8b465ee728b) [PhysX] Initialized MultithreadedTaskDispatcher with 12 workers.
 -> (artifact id: '83a3b60107616dd7443d1966a9adc82f') in 0.000627 seconds
Number of updated asset objects reloaded before import = 0
Number of asset objects unloaded after import = 0
========================================================================
Received Import Request.
  Time since last request: 0.000022 seconds.
  path: Assets/prefabs/Enemies/EsqueletoGris.prefab
  artifactKey: Guid(fd53cb5afa3400f4889036f13c95342b) Importer(815301076,1909f56bfc062723c751e8b465ee728b)
Start importing Assets/prefabs/Enemies/EsqueletoGris.prefab using Guid(fd53cb5afa3400f4889036f13c95342b) Importer(815301076,1909f56bfc062723c751e8b465ee728b) [PhysX] Initialized MultithreadedTaskDispatcher with 12 workers.
 -> (artifact id: '5827e460dc33f209351e72967df57559') in 0.000813 seconds
Number of updated asset objects reloaded before import = 0
Number of asset objects unloaded after import = 0
========================================================================
Received Import Request.
  Time since last request: 0.000105 seconds.
  path: Assets/prefabs/Enemies/BossKnight.prefab
  artifactKey: Guid(272ded75afd7081449c6e9bc4ce6f6cb) Importer(815301076,1909f56bfc062723c751e8b465ee728b)
Start importing Assets/prefabs/Enemies/BossKnight.prefab using Guid(272ded75afd7081449c6e9bc4ce6f6cb) Importer(815301076,1909f56bfc062723c751e8b465ee728b) [PhysX] Initialized MultithreadedTaskDispatcher with 12 workers.
 -> (artifact id: '78fa99443def64174ec32ab3c8a80985') in 0.000602 seconds
Number of updated asset objects reloaded before import = 0
Number of asset objects unloaded after import = 0
========================================================================
Received Import Request.
  Time since last request: 0.000021 seconds.
  path: Assets/prefabs/Enemies/EsqueletoNegroRango_Cadaver.prefab
  artifactKey: Guid(8a2ed731450739047a874c289e808938) Importer(815301076,1909f56bfc062723c751e8b465ee728b)
Start importing Assets/prefabs/Enemies/EsqueletoNegroRango_Cadaver.prefab using Guid(8a2ed731450739047a874c289e808938) Importer(815301076,1909f56bfc062723c751e8b465ee728b) [PhysX] Initialized MultithreadedTaskDispatcher with 12 workers.
 -> (artifact id: '6e869b3f66e8d179a78e836191170321') in 0.000605 seconds
Number of updated asset objects reloaded before import = 0
Number of asset objects unloaded after import = 0
========================================================================
Received Import Request.
  Time since last request: 0.000048 seconds.
  path: Assets/prefabs/Enemies/mini_Knight_Cadaver.prefab
  artifactKey: Guid(230ef2c2ba56ea54492305704077dd28) Importer(815301076,1909f56bfc062723c751e8b465ee728b)
Start importing Assets/prefabs/Enemies/mini_Knight_Cadaver.prefab using Guid(230ef2c2ba56ea54492305704077dd28) Importer(815301076,1909f56bfc062723c751e8b465ee728b) [PhysX] Initialized MultithreadedTaskDispatcher with 12 workers.
 -> (artifact id: 'd1c23410b5080ff3110e5795cb9b969f') in 0.000638 seconds
Number of updated asset objects reloaded before import = 0
Number of asset objects unloaded after import = 0
========================================================================
Received Prepare
Caller must complete domain reload
Begin MonoManager ReloadAssembly
Symbol file LoadedFromMemory is not a mono symbol file
- Loaded All Assemblies, in  1.023 seconds
Native extension for WindowsStandalone target not found
Native extension for Android target not found
[Package Manager] Server::EnsureServerProcessIsRunning -- launch failed, reason: Unity was launched with the -noUpm command-line argument
[Package Manager] UpmClient::Send -- Unable to send message (not connected to UPM process).
[Package Manager] Cannot connect to Unity Package Manager local server
Mono: successfully reloaded assembly
- Finished resetting the current domain, in  3.046 seconds
Domain Reload Profiling: 4067ms
	BeginReloadAssembly (297ms)
		ExecutionOrderSort (0ms)
		DisableScriptedObjects (18ms)
		BackupInstance (0ms)
		ReleaseScriptingObjects (0ms)
		CreateAndSetChildDomain (66ms)
	RebuildCommonClasses (55ms)
	RebuildNativeTypeToScriptingClass (19ms)
	initialDomainReloadingComplete (60ms)
	LoadAllAssembliesAndSetupDomain (589ms)
		LoadAssemblies (729ms)
		RebuildTransferFunctionScriptingTraits (0ms)
		AnalyzeDomain (34ms)
			TypeCache.Refresh (9ms)
				TypeCache.ScanAssembly (0ms)
			ScanForSourceGeneratedMonoScriptInfo (0ms)
			ResolveRequiredComponents (23ms)
	FinalizeReload (3047ms)
		ReleaseScriptCaches (0ms)
		RebuildScriptCaches (0ms)
		SetupLoadedEditorAssemblies (1510ms)
			LogAssemblyErrors (0ms)
			InitializePlatformSupportModulesInManaged (37ms)
			SetLoadedEditorAssemblies (12ms)
			RefreshPlugins (0ms)
			BeforeProcessingInitializeOnLoad (326ms)
			ProcessInitializeOnLoadAttributes (993ms)
			ProcessInitializeOnLoadMethodAttributes (135ms)
			AfterProcessingInitializeOnLoad (6ms)
			EditorAssembliesLoaded (1ms)
		ExecutionOrderSort2 (0ms)
		AwakeInstancesAfterBackupRestoration (27ms)
Switching render pipeline e23abffd4ca40a840b370f99035147df -> 681886c5eb7344803b6206f758bf0b1c
Shader Hidden/ProbeVolume/VoxelizeScene is not supported: GPU does not support conservative rasterization
Refreshing native plugins compatible for Editor in 18.50 ms, found 4 plugins.
Preloading 0 native plugins for Editor in 0.00 ms.
Unloading 7075 Unused Serialized files (Serialized files now loaded: 0)
Unloading 31 unused Assets / (357.6 KB). Loaded Objects now: 7736.
Memory consumption went from 234.5 MB to 234.1 MB.
Total: 7.608300 ms (FindLiveObjects: 0.665600 ms CreateObjectMapping: 1.067100 ms MarkObjects: 5.708700 ms  DeleteObjects: 0.165500 ms)

Prepare: number of updated asset objects reloaded= 0
AssetImportParameters requested are different than current active one (requested -> active):
  custom:container-demuxer-ogg: 62fdf1f143b41e24485cea50d1cbac27 -> 
  custom:framework-win-MediaFoundation: 216162199b28c13a410421893ffa2e32 -> 
  custom:container-muxer-webm: aa71ff27fc2769a1b78a27578f13a17b -> 
  custom:video-decoder-webm-vp8: 9c59270c3fd7afecdb556c50c9e8de78 -> 
  custom:SearchIndexIgnoredProperties: e643bd26f0fe6173181afceb89e7c659 -> 
  custom:AudioImporter_EditorPlatform: d09bf68614088b80899f8185d706f6e7 -> 
  custom:audio-decoder-ogg-vorbis: bf7c407c2cedff20999df2af8eb42d56 -> 
  custom:audio-encoder-webm-vorbis: bf7c407c2cedff20999df2af8eb42d56 -> 
  custom:srp/default-pipeline: 8681685cbe374408b326607f85fbb0c1 -> 2ea3fbdfc44aa048b073f099301574fd
  custom:video-decoder-ogg-theora: a1e56fd34408186e4bbccfd4996cb3dc -> 
  custom:CustomObjectIndexerAttribute: 72b91833f83ae208fae7752999fa3104 -> 
  custom:container-demuxer-webm: 4f35f7cbe854078d1ac9338744f61a02 -> 
  custom:video-encoder-webm-vp8: eb34c28f22e8b96e1ab97ce403110664 -> 
========================================================================
Received Import Request.
  Time since last request: 60.597122 seconds.
  path: Assets/prefabs/Enemies/acido_rosa.prefab
  artifactKey: Guid(8808b489991a699429fc272fb7040279) Importer(815301076,1909f56bfc062723c751e8b465ee728b)
Start importing Assets/prefabs/Enemies/acido_rosa.prefab using Guid(8808b489991a699429fc272fb7040279) Importer(815301076,1909f56bfc062723c751e8b465ee728b) [PhysX] Initialized MultithreadedTaskDispatcher with 12 workers.
 -> (artifact id: 'e2c0f7b0fbd30d3656926eef1ef0eeed') in 0.002424 seconds
Number of updated asset objects reloaded before import = 0
Number of asset objects unloaded after import = 0
========================================================================
Received Import Request.
  Time since last request: 0.000026 seconds.
  path: Assets/prefabs/Enemies/AlienGreen_Cadaver.prefab
  artifactKey: Guid(216f1a310f273824b947f7c7683601af) Importer(815301076,1909f56bfc062723c751e8b465ee728b)
Start importing Assets/prefabs/Enemies/AlienGreen_Cadaver.prefab using Guid(216f1a310f273824b947f7c7683601af) Importer(815301076,1909f56bfc062723c751e8b465ee728b) [PhysX] Initialized MultithreadedTaskDispatcher with 12 workers.
 -> (artifact id: 'b8ee1423d7c06ff4fbe1264f8cacc1dc') in 0.000725 seconds
Number of updated asset objects reloaded before import = 0
Number of asset objects unloaded after import = 0
========================================================================
Received Import Request.
  Time since last request: 0.000023 seconds.
  path: Assets/prefabs/Enemies/PerroRobot.prefab
  artifactKey: Guid(3495cadcac0bb4b4b813710217acdca3) Importer(815301076,1909f56bfc062723c751e8b465ee728b)
Start importing Assets/prefabs/Enemies/PerroRobot.prefab using Guid(3495cadcac0bb4b4b813710217acdca3) Importer(815301076,1909f56bfc062723c751e8b465ee728b) [PhysX] Initialized MultithreadedTaskDispatcher with 12 workers.
 -> (artifact id: '96725e70e46cb7b2070109f6dcc516c4') in 0.000576 seconds
Number of updated asset objects reloaded before import = 0
Number of asset objects unloaded after import = 0
========================================================================
Received Import Request.
  Time since last request: 0.000027 seconds.
  path: Assets/prefabs/Enemies/Mini_Knight.prefab
  artifactKey: Guid(fb115efb2ec1ab3478b0e40bd64b9746) Importer(815301076,1909f56bfc062723c751e8b465ee728b)
Start importing Assets/prefabs/Enemies/Mini_Knight.prefab using Guid(fb115efb2ec1ab3478b0e40bd64b9746) Importer(815301076,1909f56bfc062723c751e8b465ee728b) [PhysX] Initialized MultithreadedTaskDispatcher with 12 workers.
 -> (artifact id: 'e3859d9f9be03d588200735f3a520264') in 0.000529 seconds
Number of updated asset objects reloaded before import = 0
Number of asset objects unloaded after import = 0
========================================================================
Received Import Request.
  Time since last request: 0.000018 seconds.
  path: Assets/prefabs/Enemies/Robot_Inofensivo_Azul.prefab
  artifactKey: Guid(3e3b1fd7d293a4a42a507cff245ba742) Importer(815301076,1909f56bfc062723c751e8b465ee728b)
Start importing Assets/prefabs/Enemies/Robot_Inofensivo_Azul.prefab using Guid(3e3b1fd7d293a4a42a507cff245ba742) Importer(815301076,1909f56bfc062723c751e8b465ee728b) [PhysX] Initialized MultithreadedTaskDispatcher with 12 workers.
 -> (artifact id: '2a34253b455327907d02815079b7fbda') in 0.000557 seconds
Number of updated asset objects reloaded before import = 0
Number of asset objects unloaded after import = 0
========================================================================
Received Import Request.
  Time since last request: 0.000019 seconds.
  path: Assets/prefabs/Enemies/SerpienteGris.prefab
  artifactKey: Guid(205337e8110b1fb42af0a94080a9418f) Importer(815301076,1909f56bfc062723c751e8b465ee728b)
Start importing Assets/prefabs/Enemies/SerpienteGris.prefab using Guid(205337e8110b1fb42af0a94080a9418f) Importer(815301076,1909f56bfc062723c751e8b465ee728b) [PhysX] Initialized MultithreadedTaskDispatcher with 12 workers.
 -> (artifact id: 'd64a481432af5fdbb0307267c6db2528') in 0.000727 seconds
Number of updated asset objects reloaded before import = 0
Number of asset objects unloaded after import = 0
========================================================================
Received Import Request.
  Time since last request: 0.000035 seconds.
  path: Assets/prefabs/Enemies/GhostKnight_Cadaver.prefab
  artifactKey: Guid(ae27459463bfbaf448cb1476fb1df815) Importer(815301076,1909f56bfc062723c751e8b465ee728b)
Start importing Assets/prefabs/Enemies/GhostKnight_Cadaver.prefab using Guid(ae27459463bfbaf448cb1476fb1df815) Importer(815301076,1909f56bfc062723c751e8b465ee728b) [PhysX] Initialized MultithreadedTaskDispatcher with 12 workers.
 -> (artifact id: '93f95c8d807b4b1240fde334cdbb3f9c') in 0.000565 seconds
Number of updated asset objects reloaded before import = 0
Number of asset objects unloaded after import = 0
========================================================================
Received Import Request.
  Time since last request: 0.000030 seconds.
  path: Assets/prefabs/Enemies/SerpienteGrisJefe.prefab
  artifactKey: Guid(f4279436daec9f542b67d0add3d28f0c) Importer(815301076,1909f56bfc062723c751e8b465ee728b)
Start importing Assets/prefabs/Enemies/SerpienteGrisJefe.prefab using Guid(f4279436daec9f542b67d0add3d28f0c) Importer(815301076,1909f56bfc062723c751e8b465ee728b) [PhysX] Initialized MultithreadedTaskDispatcher with 12 workers.
 -> (artifact id: 'eb2e7110bcaa25ebcf1f0b39bf80502f') in 0.000625 seconds
Number of updated asset objects reloaded before import = 0
Number of asset objects unloaded after import = 0
========================================================================
Received Import Request.
  Time since last request: 0.000018 seconds.
  path: Assets/prefabs/Enemies/slime_naranja_cadaver.prefab
  artifactKey: Guid(00ddb7a523148614a9ba3da868dcaa9a) Importer(815301076,1909f56bfc062723c751e8b465ee728b)
Start importing Assets/prefabs/Enemies/slime_naranja_cadaver.prefab using Guid(00ddb7a523148614a9ba3da868dcaa9a) Importer(815301076,1909f56bfc062723c751e8b465ee728b) [PhysX] Initialized MultithreadedTaskDispatcher with 12 workers.
 -> (artifact id: 'a8b586334ce9ee352b5cda4d5e5ac2ef') in 0.000681 seconds
Number of updated asset objects reloaded before import = 0
Number of asset objects unloaded after import = 0
========================================================================
Received Import Request.
  Time since last request: 0.000024 seconds.
  path: Assets/prefabs/Enemies/EsqueletoGris_Cadaver.prefab
  artifactKey: Guid(5ee59f687f86d5f42a9d1cc5237cc3f0) Importer(815301076,1909f56bfc062723c751e8b465ee728b)
Start importing Assets/prefabs/Enemies/EsqueletoGris_Cadaver.prefab using Guid(5ee59f687f86d5f42a9d1cc5237cc3f0) Importer(815301076,1909f56bfc062723c751e8b465ee728b) [PhysX] Initialized MultithreadedTaskDispatcher with 12 workers.
 -> (artifact id: '7bdbf35aa6b48234bce56f7917cf30e0') in 0.000578 seconds
Number of updated asset objects reloaded before import = 0
Number of asset objects unloaded after import = 0
========================================================================
Received Import Request.
  Time since last request: 0.000023 seconds.
  path: Assets/prefabs/Enemies/Boss.prefab
  artifactKey: Guid(effa6e65f735b3a43968c969e929933c) Importer(815301076,1909f56bfc062723c751e8b465ee728b)
Start importing Assets/prefabs/Enemies/Boss.prefab using Guid(effa6e65f735b3a43968c969e929933c) Importer(815301076,1909f56bfc062723c751e8b465ee728b) [PhysX] Initialized MultithreadedTaskDispatcher with 12 workers.
 -> (artifact id: 'aee3b40bef0e1061b27240bbfa0ea172') in 0.000586 seconds
Number of updated asset objects reloaded before import = 0
Number of asset objects unloaded after import = 0
========================================================================
Received Import Request.
  Time since last request: 0.000023 seconds.
  path: Assets/prefabs/Enemies/Cadaver.prefab
  artifactKey: Guid(6182d11f52723924e9992bc591a8dd63) Importer(815301076,1909f56bfc062723c751e8b465ee728b)
Start importing Assets/prefabs/Enemies/Cadaver.prefab using Guid(6182d11f52723924e9992bc591a8dd63) Importer(815301076,1909f56bfc062723c751e8b465ee728b) [PhysX] Initialized MultithreadedTaskDispatcher with 12 workers.
 -> (artifact id: '04cf10d2eb61279dfd78e7c3a97667b8') in 0.000616 seconds
Number of updated asset objects reloaded before import = 0
Number of asset objects unloaded after import = 0
========================================================================
Received Import Request.
  Time since last request: 0.000021 seconds.
  path: Assets/prefabs/Enemies/GhostDarkKnight_Cadaver.prefab
  artifactKey: Guid(4b18a564748270c47934eded1a6504a6) Importer(815301076,1909f56bfc062723c751e8b465ee728b)
Start importing Assets/prefabs/Enemies/GhostDarkKnight_Cadaver.prefab using Guid(4b18a564748270c47934eded1a6504a6) Importer(815301076,1909f56bfc062723c751e8b465ee728b) [PhysX] Initialized MultithreadedTaskDispatcher with 12 workers.
 -> (artifact id: '2a99e93ca3bf186a480306fc6e9b9d75') in 0.000681 seconds
Number of updated asset objects reloaded before import = 0
Number of asset objects unloaded after import = 0
========================================================================
Received Import Request.
  Time since last request: 0.000025 seconds.
  path: Assets/prefabs/Enemies/EsqueletoDoradoRango_Cadaver.prefab
  artifactKey: Guid(a0f40fda154647d42b716aaf778bba61) Importer(815301076,1909f56bfc062723c751e8b465ee728b)
Start importing Assets/prefabs/Enemies/EsqueletoDoradoRango_Cadaver.prefab using Guid(a0f40fda154647d42b716aaf778bba61) Importer(815301076,1909f56bfc062723c751e8b465ee728b) [PhysX] Initialized MultithreadedTaskDispatcher with 12 workers.
 -> (artifact id: '22716f65bac81aa333cc6828e9a7f704') in 0.000630 seconds
Number of updated asset objects reloaded before import = 0
Number of asset objects unloaded after import = 0
========================================================================
Received Import Request.
  Time since last request: 0.000021 seconds.
  path: Assets/prefabs/Enemies/EsqueletoRango.prefab
  artifactKey: Guid(0c243db66ad9ebb4c951d013f5d6c753) Importer(815301076,1909f56bfc062723c751e8b465ee728b)
Start importing Assets/prefabs/Enemies/EsqueletoRango.prefab using Guid(0c243db66ad9ebb4c951d013f5d6c753) Importer(815301076,1909f56bfc062723c751e8b465ee728b) [PhysX] Initialized MultithreadedTaskDispatcher with 12 workers.
 -> (artifact id: '83a3b60107616dd7443d1966a9adc82f') in 0.000558 seconds
Number of updated asset objects reloaded before import = 0
Number of asset objects unloaded after import = 0
========================================================================
Received Import Request.
  Time since last request: 0.000028 seconds.
  path: Assets/prefabs/Enemies/EsqueletoGris.prefab
  artifactKey: Guid(fd53cb5afa3400f4889036f13c95342b) Importer(815301076,1909f56bfc062723c751e8b465ee728b)
Start importing Assets/prefabs/Enemies/EsqueletoGris.prefab using Guid(fd53cb5afa3400f4889036f13c95342b) Importer(815301076,1909f56bfc062723c751e8b465ee728b) [PhysX] Initialized MultithreadedTaskDispatcher with 12 workers.
 -> (artifact id: '5827e460dc33f209351e72967df57559') in 0.000686 seconds
Number of updated asset objects reloaded before import = 0
Number of asset objects unloaded after import = 0
========================================================================
Received Import Request.
  Time since last request: 0.000026 seconds.
  path: Assets/prefabs/Enemies/BossKnight.prefab
  artifactKey: Guid(272ded75afd7081449c6e9bc4ce6f6cb) Importer(815301076,1909f56bfc062723c751e8b465ee728b)
Start importing Assets/prefabs/Enemies/BossKnight.prefab using Guid(272ded75afd7081449c6e9bc4ce6f6cb) Importer(815301076,1909f56bfc062723c751e8b465ee728b) [PhysX] Initialized MultithreadedTaskDispatcher with 12 workers.
 -> (artifact id: '78fa99443def64174ec32ab3c8a80985') in 0.000564 seconds
Number of updated asset objects reloaded before import = 0
Number of asset objects unloaded after import = 0
========================================================================
Received Import Request.
  Time since last request: 0.000026 seconds.
  path: Assets/prefabs/Enemies/EsqueletoNegroRango_Cadaver.prefab
  artifactKey: Guid(8a2ed731450739047a874c289e808938) Importer(815301076,1909f56bfc062723c751e8b465ee728b)
Start importing Assets/prefabs/Enemies/EsqueletoNegroRango_Cadaver.prefab using Guid(8a2ed731450739047a874c289e808938) Importer(815301076,1909f56bfc062723c751e8b465ee728b) [PhysX] Initialized MultithreadedTaskDispatcher with 12 workers.
 -> (artifact id: '6e869b3f66e8d179a78e836191170321') in 0.000616 seconds
Number of updated asset objects reloaded before import = 0
Number of asset objects unloaded after import = 0
========================================================================
Received Import Request.
  Time since last request: 0.000018 seconds.
  path: Assets/prefabs/Enemies/mini_Knight_Cadaver.prefab
  artifactKey: Guid(230ef2c2ba56ea54492305704077dd28) Importer(815301076,1909f56bfc062723c751e8b465ee728b)
Start importing Assets/prefabs/Enemies/mini_Knight_Cadaver.prefab using Guid(230ef2c2ba56ea54492305704077dd28) Importer(815301076,1909f56bfc062723c751e8b465ee728b) [PhysX] Initialized MultithreadedTaskDispatcher with 12 workers.
 -> (artifact id: 'd1c23410b5080ff3110e5795cb9b969f') in 0.000604 seconds
Number of updated asset objects reloaded before import = 0
Number of asset objects unloaded after import = 0
========================================================================
Received Prepare
Caller must complete domain reload
Begin MonoManager ReloadAssembly
Symbol file LoadedFromMemory is not a mono symbol file
- Loaded All Assemblies, in  0.951 seconds
Native extension for WindowsStandalone target not found
Native extension for Android target not found
[Package Manager] Server::EnsureServerProcessIsRunning -- launch failed, reason: Unity was launched with the -noUpm command-line argument
[Package Manager] UpmClient::Send -- Unable to send message (not connected to UPM process).
[Package Manager] Cannot connect to Unity Package Manager local server
Mono: successfully reloaded assembly
- Finished resetting the current domain, in  2.915 seconds
Domain Reload Profiling: 3866ms
	BeginReloadAssembly (276ms)
		ExecutionOrderSort (0ms)
		DisableScriptedObjects (15ms)
		BackupInstance (0ms)
		ReleaseScriptingObjects (0ms)
		CreateAndSetChildDomain (57ms)
	RebuildCommonClasses (52ms)
	RebuildNativeTypeToScriptingClass (18ms)
	initialDomainReloadingComplete (42ms)
	LoadAllAssembliesAndSetupDomain (562ms)
		LoadAssemblies (702ms)
		RebuildTransferFunctionScriptingTraits (0ms)
		AnalyzeDomain (28ms)
			TypeCache.Refresh (8ms)
				TypeCache.ScanAssembly (0ms)
			ScanForSourceGeneratedMonoScriptInfo (0ms)
			ResolveRequiredComponents (19ms)
	FinalizeReload (2916ms)
		ReleaseScriptCaches (0ms)
		RebuildScriptCaches (0ms)
		SetupLoadedEditorAssemblies (1526ms)
			LogAssemblyErrors (0ms)
			InitializePlatformSupportModulesInManaged (44ms)
			SetLoadedEditorAssemblies (17ms)
			RefreshPlugins (0ms)
			BeforeProcessingInitializeOnLoad (369ms)
			ProcessInitializeOnLoadAttributes (973ms)
			ProcessInitializeOnLoadMethodAttributes (118ms)
			AfterProcessingInitializeOnLoad (4ms)
			EditorAssembliesLoaded (1ms)
		ExecutionOrderSort2 (0ms)
		AwakeInstancesAfterBackupRestoration (22ms)
Switching render pipeline e23abffd4ca40a840b370f99035147df -> 681886c5eb7344803b6206f758bf0b1c
Shader Hidden/ProbeVolume/VoxelizeScene is not supported: GPU does not support conservative rasterization
Refreshing native plugins compatible for Editor in 21.00 ms, found 4 plugins.
Preloading 0 native plugins for Editor in 0.00 ms.
Unloading 7075 Unused Serialized files (Serialized files now loaded: 0)
Unloading 31 unused Assets / (357.5 KB). Loaded Objects now: 7741.
Memory consumption went from 234.5 MB to 234.1 MB.
Total: 9.517400 ms (FindLiveObjects: 0.933700 ms CreateObjectMapping: 1.161200 ms MarkObjects: 7.202100 ms  DeleteObjects: 0.218600 ms)

Prepare: number of updated asset objects reloaded= 0
AssetImportParameters requested are different than current active one (requested -> active):
  custom:container-demuxer-ogg: 62fdf1f143b41e24485cea50d1cbac27 -> 
  custom:framework-win-MediaFoundation: 216162199b28c13a410421893ffa2e32 -> 
  custom:container-muxer-webm: aa71ff27fc2769a1b78a27578f13a17b -> 
  custom:video-decoder-webm-vp8: 9c59270c3fd7afecdb556c50c9e8de78 -> 
  custom:SearchIndexIgnoredProperties: e643bd26f0fe6173181afceb89e7c659 -> 
  custom:AudioImporter_EditorPlatform: d09bf68614088b80899f8185d706f6e7 -> 
  custom:audio-decoder-ogg-vorbis: bf7c407c2cedff20999df2af8eb42d56 -> 
  custom:audio-encoder-webm-vorbis: bf7c407c2cedff20999df2af8eb42d56 -> 
  custom:srp/default-pipeline: 8681685cbe374408b326607f85fbb0c1 -> 2ea3fbdfc44aa048b073f099301574fd
  custom:video-decoder-ogg-theora: a1e56fd34408186e4bbccfd4996cb3dc -> 
  custom:CustomObjectIndexerAttribute: 72b91833f83ae208fae7752999fa3104 -> 
  custom:container-demuxer-webm: 4f35f7cbe854078d1ac9338744f61a02 -> 
  custom:video-encoder-webm-vp8: eb34c28f22e8b96e1ab97ce403110664 -> 
========================================================================
Received Import Request.
  Time since last request: 70.072936 seconds.
  path: Assets/prefabs/Enemies/acido_rosa.prefab
  artifactKey: Guid(8808b489991a699429fc272fb7040279) Importer(815301076,1909f56bfc062723c751e8b465ee728b)
Start importing Assets/prefabs/Enemies/acido_rosa.prefab using Guid(8808b489991a699429fc272fb7040279) Importer(815301076,1909f56bfc062723c751e8b465ee728b) [PhysX] Initialized MultithreadedTaskDispatcher with 12 workers.
 -> (artifact id: 'e2c0f7b0fbd30d3656926eef1ef0eeed') in 0.002825 seconds
Number of updated asset objects reloaded before import = 0
Number of asset objects unloaded after import = 0
========================================================================
Received Import Request.
  Time since last request: 0.000053 seconds.
  path: Assets/prefabs/Enemies/GhostDarkKnight.prefab
  artifactKey: Guid(bff6960d465117f48a8b6c4bd0cb0fa1) Importer(815301076,1909f56bfc062723c751e8b465ee728b)
Start importing Assets/prefabs/Enemies/GhostDarkKnight.prefab using Guid(bff6960d465117f48a8b6c4bd0cb0fa1) Importer(815301076,1909f56bfc062723c751e8b465ee728b) [PhysX] Initialized MultithreadedTaskDispatcher with 12 workers.
 -> (artifact id: 'eb93b51789c2233a23dbc3f91c9880b3') in 0.000513 seconds
Number of updated asset objects reloaded before import = 0
Number of asset objects unloaded after import = 0
========================================================================
Received Import Request.
  Time since last request: 0.000021 seconds.
  path: Assets/prefabs/Enemies/Slime_Rosa.prefab
  artifactKey: Guid(75df9e993125884438ca5736ab7eea89) Importer(815301076,1909f56bfc062723c751e8b465ee728b)
Start importing Assets/prefabs/Enemies/Slime_Rosa.prefab using Guid(75df9e993125884438ca5736ab7eea89) Importer(815301076,1909f56bfc062723c751e8b465ee728b) [PhysX] Initialized MultithreadedTaskDispatcher with 12 workers.
 -> (artifact id: '8ee8a311b17587e080005eee53dbfbff') in 0.000639 seconds
Number of updated asset objects reloaded before import = 0
Number of asset objects unloaded after import = 0
========================================================================
Received Import Request.
  Time since last request: 0.000039 seconds.
  path: Assets/prefabs/Enemies/Robot_Inofensivo_Azul.prefab
  artifactKey: Guid(3e3b1fd7d293a4a42a507cff245ba742) Importer(815301076,1909f56bfc062723c751e8b465ee728b)
Start importing Assets/prefabs/Enemies/Robot_Inofensivo_Azul.prefab using Guid(3e3b1fd7d293a4a42a507cff245ba742) Importer(815301076,1909f56bfc062723c751e8b465ee728b) [PhysX] Initialized MultithreadedTaskDispatcher with 12 workers.
 -> (artifact id: '2a34253b455327907d02815079b7fbda') in 0.000543 seconds
Number of updated asset objects reloaded before import = 0
Number of asset objects unloaded after import = 0
========================================================================
Received Import Request.
  Time since last request: 0.000023 seconds.
  path: Assets/prefabs/Enemies/SerpienteGris.prefab
  artifactKey: Guid(205337e8110b1fb42af0a94080a9418f) Importer(815301076,1909f56bfc062723c751e8b465ee728b)
Start importing Assets/prefabs/Enemies/SerpienteGris.prefab using Guid(205337e8110b1fb42af0a94080a9418f) Importer(815301076,1909f56bfc062723c751e8b465ee728b) [PhysX] Initialized MultithreadedTaskDispatcher with 12 workers.
 -> (artifact id: 'd64a481432af5fdbb0307267c6db2528') in 0.000632 seconds
Number of updated asset objects reloaded before import = 0
Number of asset objects unloaded after import = 0
========================================================================
Received Import Request.
  Time since last request: 0.000030 seconds.
  path: Assets/prefabs/Enemies/GhostKnight_Cadaver.prefab
  artifactKey: Guid(ae27459463bfbaf448cb1476fb1df815) Importer(815301076,1909f56bfc062723c751e8b465ee728b)
Start importing Assets/prefabs/Enemies/GhostKnight_Cadaver.prefab using Guid(ae27459463bfbaf448cb1476fb1df815) Importer(815301076,1909f56bfc062723c751e8b465ee728b) [PhysX] Initialized MultithreadedTaskDispatcher with 12 workers.
 -> (artifact id: '93f95c8d807b4b1240fde334cdbb3f9c') in 0.000589 seconds
Number of updated asset objects reloaded before import = 0
Number of asset objects unloaded after import = 0
========================================================================
Received Import Request.
  Time since last request: 0.000018 seconds.
  path: Assets/prefabs/Enemies/GhostKnight.prefab
  artifactKey: Guid(124a63c5851f698438673f89fb305945) Importer(815301076,1909f56bfc062723c751e8b465ee728b)
Start importing Assets/prefabs/Enemies/GhostKnight.prefab using Guid(124a63c5851f698438673f89fb305945) Importer(815301076,1909f56bfc062723c751e8b465ee728b) [PhysX] Initialized MultithreadedTaskDispatcher with 12 workers.
 -> (artifact id: '9dd049c0b2040a447d8cd118027987a5') in 0.000675 seconds
Number of updated asset objects reloaded before import = 0
Number of asset objects unloaded after import = 0
========================================================================
Received Import Request.
  Time since last request: 0.000021 seconds.
  path: Assets/prefabs/Enemies/SerpienteGrisJefe.prefab
  artifactKey: Guid(f4279436daec9f542b67d0add3d28f0c) Importer(815301076,1909f56bfc062723c751e8b465ee728b)
Start importing Assets/prefabs/Enemies/SerpienteGrisJefe.prefab using Guid(f4279436daec9f542b67d0add3d28f0c) Importer(815301076,1909f56bfc062723c751e8b465ee728b) [PhysX] Initialized MultithreadedTaskDispatcher with 12 workers.
 -> (artifact id: 'eb2e7110bcaa25ebcf1f0b39bf80502f') in 0.000543 seconds
Number of updated asset objects reloaded before import = 0
Number of asset objects unloaded after import = 0
========================================================================
Received Import Request.
  Time since last request: 0.000021 seconds.
  path: Assets/prefabs/Enemies/slime_naranja_cadaver.prefab
  artifactKey: Guid(00ddb7a523148614a9ba3da868dcaa9a) Importer(815301076,1909f56bfc062723c751e8b465ee728b)
Start importing Assets/prefabs/Enemies/slime_naranja_cadaver.prefab using Guid(00ddb7a523148614a9ba3da868dcaa9a) Importer(815301076,1909f56bfc062723c751e8b465ee728b) [PhysX] Initialized MultithreadedTaskDispatcher with 12 workers.
 -> (artifact id: 'a8b586334ce9ee352b5cda4d5e5ac2ef') in 0.000615 seconds
Number of updated asset objects reloaded before import = 0
Number of asset objects unloaded after import = 0
========================================================================
Received Import Request.
  Time since last request: 0.000023 seconds.
  path: Assets/prefabs/Enemies/slime_verde_cadaver.prefab
  artifactKey: Guid(e118814f22303064884caa16a862072e) Importer(815301076,1909f56bfc062723c751e8b465ee728b)
Start importing Assets/prefabs/Enemies/slime_verde_cadaver.prefab using Guid(e118814f22303064884caa16a862072e) Importer(815301076,1909f56bfc062723c751e8b465ee728b) [PhysX] Initialized MultithreadedTaskDispatcher with 12 workers.
 -> (artifact id: '98731b6c41a8a6502b9cd6e12ec350ad') in 0.000585 seconds
Number of updated asset objects reloaded before import = 0
Number of asset objects unloaded after import = 0
========================================================================
Received Import Request.
  Time since last request: 0.000023 seconds.
  path: Assets/prefabs/Enemies/mancha_de_slime.prefab
  artifactKey: Guid(f03f8c00e96fdab46a9f692393abfc43) Importer(815301076,1909f56bfc062723c751e8b465ee728b)
Start importing Assets/prefabs/Enemies/mancha_de_slime.prefab using Guid(f03f8c00e96fdab46a9f692393abfc43) Importer(815301076,1909f56bfc062723c751e8b465ee728b) [PhysX] Initialized MultithreadedTaskDispatcher with 12 workers.
 -> (artifact id: 'fcbfab3d474e8cb6ca29011c6012016b') in 0.000664 seconds
Number of updated asset objects reloaded before import = 0
Number of asset objects unloaded after import = 0
========================================================================
Received Import Request.
  Time since last request: 0.000022 seconds.
  path: Assets/prefabs/Enemies/red_Dron.prefab
  artifactKey: Guid(273634072d6307f4c99253dc1f4ceb78) Importer(815301076,1909f56bfc062723c751e8b465ee728b)
Start importing Assets/prefabs/Enemies/red_Dron.prefab using Guid(273634072d6307f4c99253dc1f4ceb78) Importer(815301076,1909f56bfc062723c751e8b465ee728b) [PhysX] Initialized MultithreadedTaskDispatcher with 12 workers.
 -> (artifact id: 'af6bca24c29b6d3b0877ed5b7e77ef72') in 0.000628 seconds
Number of updated asset objects reloaded before import = 0
Number of asset objects unloaded after import = 0
========================================================================
Received Import Request.
  Time since last request: 0.000020 seconds.
  path: Assets/prefabs/Enemies/SlimeNaranja.prefab
  artifactKey: Guid(fb109044c3a0f6541a4f5b2e9fc2acce) Importer(815301076,1909f56bfc062723c751e8b465ee728b)
Start importing Assets/prefabs/Enemies/SlimeNaranja.prefab using Guid(fb109044c3a0f6541a4f5b2e9fc2acce) Importer(815301076,1909f56bfc062723c751e8b465ee728b) [PhysX] Initialized MultithreadedTaskDispatcher with 12 workers.
 -> (artifact id: '1325fb5eaced7ffa60928f8db7f2ccd0') in 0.000539 seconds
Number of updated asset objects reloaded before import = 0
Number of asset objects unloaded after import = 0
========================================================================
Received Import Request.
  Time since last request: 0.000017 seconds.
  path: Assets/prefabs/Enemies/red_Dron_Cadaver.prefab
  artifactKey: Guid(fb25d87919d4b7d4ab3f25c3a058a31a) Importer(815301076,1909f56bfc062723c751e8b465ee728b)
Start importing Assets/prefabs/Enemies/red_Dron_Cadaver.prefab using Guid(fb25d87919d4b7d4ab3f25c3a058a31a) Importer(815301076,1909f56bfc062723c751e8b465ee728b) [PhysX] Initialized MultithreadedTaskDispatcher with 12 workers.
 -> (artifact id: '2b009e4bdbc8d4d371329c56ae2b60bc') in 0.000544 seconds
Number of updated asset objects reloaded before import = 0
Number of asset objects unloaded after import = 0
========================================================================
Received Import Request.
  Time since last request: 0.000017 seconds.
  path: Assets/prefabs/Enemies/SlimeVerde.prefab
  artifactKey: Guid(64f0690361acbb842a598a70b2306ea4) Importer(815301076,1909f56bfc062723c751e8b465ee728b)
Start importing Assets/prefabs/Enemies/SlimeVerde.prefab using Guid(64f0690361acbb842a598a70b2306ea4) Importer(815301076,1909f56bfc062723c751e8b465ee728b) [PhysX] Initialized MultithreadedTaskDispatcher with 12 workers.
 -> (artifact id: '351c8590736a233de6d9304c6daa1bd4') in 0.000592 seconds
Number of updated asset objects reloaded before import = 0
Number of asset objects unloaded after import = 0
========================================================================
Received Import Request.
  Time since last request: 0.000021 seconds.
  path: Assets/prefabs/Enemies/GigantGhostDarkKnight.prefab
  artifactKey: Guid(b56fd165eb38a8e4fba2594f1db8d73a) Importer(815301076,1909f56bfc062723c751e8b465ee728b)
Start importing Assets/prefabs/Enemies/GigantGhostDarkKnight.prefab using Guid(b56fd165eb38a8e4fba2594f1db8d73a) Importer(815301076,1909f56bfc062723c751e8b465ee728b) [PhysX] Initialized MultithreadedTaskDispatcher with 12 workers.
 -> (artifact id: '73fff0f64a0ee7a206bd8715090fbee3') in 0.000731 seconds
Number of updated asset objects reloaded before import = 0
Number of asset objects unloaded after import = 0
========================================================================
Received Import Request.
  Time since last request: 0.000021 seconds.
  path: Assets/prefabs/Enemies/GigantGhostDarkKnight_Cadaver.prefab
  artifactKey: Guid(7a561975acb9a7b4188be3c692366001) Importer(815301076,1909f56bfc062723c751e8b465ee728b)
Start importing Assets/prefabs/Enemies/GigantGhostDarkKnight_Cadaver.prefab using Guid(7a561975acb9a7b4188be3c692366001) Importer(815301076,1909f56bfc062723c751e8b465ee728b) [PhysX] Initialized MultithreadedTaskDispatcher with 12 workers.
 -> (artifact id: 'dafcb4f5e0847e1be179980872f7958c') in 0.000644 seconds
Number of updated asset objects reloaded before import = 0
Number of asset objects unloaded after import = 0
========================================================================
Received Import Request.
  Time since last request: 0.000019 seconds.
  path: Assets/prefabs/Enemies/SerpienteGris_Cadaver.prefab
  artifactKey: Guid(d666b309d6999e2428ee2430de4fc1b3) Importer(815301076,1909f56bfc062723c751e8b465ee728b)
Start importing Assets/prefabs/Enemies/SerpienteGris_Cadaver.prefab using Guid(d666b309d6999e2428ee2430de4fc1b3) Importer(815301076,1909f56bfc062723c751e8b465ee728b) [PhysX] Initialized MultithreadedTaskDispatcher with 12 workers.
 -> (artifact id: 'd2a8674ce56aa580d303e63b9ce7f0b0') in 0.000674 seconds
Number of updated asset objects reloaded before import = 0
Number of asset objects unloaded after import = 0
========================================================================
Received Prepare
Caller must complete domain reload
Begin MonoManager ReloadAssembly
Symbol file LoadedFromMemory is not a mono symbol file
- Loaded All Assemblies, in  1.019 seconds
Native extension for WindowsStandalone target not found
Native extension for Android target not found
[Package Manager] Server::EnsureServerProcessIsRunning -- launch failed, reason: Unity was launched with the -noUpm command-line argument
[Package Manager] UpmClient::Send -- Unable to send message (not connected to UPM process).
[Package Manager] Cannot connect to Unity Package Manager local server
Mono: successfully reloaded assembly
- Finished resetting the current domain, in  2.984 seconds
Domain Reload Profiling: 4001ms
	BeginReloadAssembly (295ms)
		ExecutionOrderSort (0ms)
		DisableScriptedObjects (19ms)
		BackupInstance (0ms)
		ReleaseScriptingObjects (0ms)
		CreateAndSetChildDomain (67ms)
	RebuildCommonClasses (51ms)
	RebuildNativeTypeToScriptingClass (16ms)
	initialDomainReloadingComplete (86ms)
	LoadAllAssembliesAndSetupDomain (568ms)
		LoadAssemblies (705ms)
		RebuildTransferFunctionScriptingTraits (0ms)
		AnalyzeDomain (28ms)
			TypeCache.Refresh (8ms)
				TypeCache.ScanAssembly (0ms)
			ScanForSourceGeneratedMonoScriptInfo (0ms)
			ResolveRequiredComponents (18ms)
	FinalizeReload (2985ms)
		ReleaseScriptCaches (0ms)
		RebuildScriptCaches (0ms)
		SetupLoadedEditorAssemblies (1550ms)
			LogAssemblyErrors (0ms)
			InitializePlatformSupportModulesInManaged (40ms)
			SetLoadedEditorAssemblies (9ms)
			RefreshPlugins (0ms)
			BeforeProcessingInitializeOnLoad (354ms)
			ProcessInitializeOnLoadAttributes (1022ms)
			ProcessInitializeOnLoadMethodAttributes (119ms)
			AfterProcessingInitializeOnLoad (4ms)
			EditorAssembliesLoaded (1ms)
		ExecutionOrderSort2 (0ms)
		AwakeInstancesAfterBackupRestoration (23ms)
Switching render pipeline e23abffd4ca40a840b370f99035147df -> 681886c5eb7344803b6206f758bf0b1c
Shader Hidden/ProbeVolume/VoxelizeScene is not supported: GPU does not support conservative rasterization
Refreshing native plugins compatible for Editor in 21.28 ms, found 4 plugins.
Preloading 0 native plugins for Editor in 0.00 ms.
Unloading 7075 Unused Serialized files (Serialized files now loaded: 0)
Unloading 31 unused Assets / (357.6 KB). Loaded Objects now: 7746.
Memory consumption went from 234.5 MB to 234.1 MB.
Total: 5.767800 ms (FindLiveObjects: 0.660600 ms CreateObjectMapping: 0.465900 ms MarkObjects: 4.413700 ms  DeleteObjects: 0.226300 ms)

Prepare: number of updated asset objects reloaded= 0
AssetImportParameters requested are different than current active one (requested -> active):
  custom:container-demuxer-ogg: 62fdf1f143b41e24485cea50d1cbac27 -> 
  custom:framework-win-MediaFoundation: 216162199b28c13a410421893ffa2e32 -> 
  custom:container-muxer-webm: aa71ff27fc2769a1b78a27578f13a17b -> 
  custom:video-decoder-webm-vp8: 9c59270c3fd7afecdb556c50c9e8de78 -> 
  custom:SearchIndexIgnoredProperties: e643bd26f0fe6173181afceb89e7c659 -> 
  custom:AudioImporter_EditorPlatform: d09bf68614088b80899f8185d706f6e7 -> 
  custom:audio-decoder-ogg-vorbis: bf7c407c2cedff20999df2af8eb42d56 -> 
  custom:audio-encoder-webm-vorbis: bf7c407c2cedff20999df2af8eb42d56 -> 
  custom:srp/default-pipeline: 8681685cbe374408b326607f85fbb0c1 -> 2ea3fbdfc44aa048b073f099301574fd
  custom:video-decoder-ogg-theora: a1e56fd34408186e4bbccfd4996cb3dc -> 
  custom:CustomObjectIndexerAttribute: 72b91833f83ae208fae7752999fa3104 -> 
  custom:container-demuxer-webm: 4f35f7cbe854078d1ac9338744f61a02 -> 
  custom:video-encoder-webm-vp8: eb34c28f22e8b96e1ab97ce403110664 -> 
Editor requested this worker to shutdown with reason: Scaling down because of idle timeout
TcpMessagingSession - receive error: operation aborted. errorcode: 995, details: La operacin de E/S se anul por una salida de subproceso o por una solicitud de aplicacin.
AssetImportWorker is now disconnected from the server
Process exiting
Exiting without the bug reporter. Application will terminate with return code 0