Using pre-set license
Built from '2022.3/staging' branch; Version is '2022.3.40f1 (cbdda657d2f0) revision 13360550'; Using compiler version '192829333'; Build Type 'Release'
OS: 'Windows 10  (10.0.19045) 64bit Professional' Language: 'es' Physical Memory: 16332 MB
BatchMode: 1, IsHumanControllingUs: 0, StartBugReporterOnCrash: 0, Is64bit: 1, IsPro: 1

COMMAND LINE ARGUMENTS:
F:\Unity\archivos\2022.3.40f1\Editor\Unity.exe
-adb2
-batchMode
-noUpm
-name
AssetImportWorker13
-projectPath
F:/Github/Dungeons-Races/Dungeons&Races
-logFile
Logs/AssetImportWorker13.log
-srvPort
52403
Successfully changed project path to: F:/Github/Dungeons-Races/Dungeons&Races
F:/Github/Dungeons-Races/Dungeons&Races
[UnityMemory] Configuration Parameters - Can be set up in boot.config
    "memorysetup-bucket-allocator-granularity=16"
    "memorysetup-bucket-allocator-bucket-count=8"
    "memorysetup-bucket-allocator-block-size=33554432"
    "memorysetup-bucket-allocator-block-count=8"
    "memorysetup-main-allocator-block-size=16777216"
    "memorysetup-thread-allocator-block-size=16777216"
    "memorysetup-gfx-main-allocator-block-size=16777216"
    "memorysetup-gfx-thread-allocator-block-size=16777216"
    "memorysetup-cache-allocator-block-size=4194304"
    "memorysetup-typetree-allocator-block-size=2097152"
    "memorysetup-profiler-bucket-allocator-granularity=16"
    "memorysetup-profiler-bucket-allocator-bucket-count=8"
    "memorysetup-profiler-bucket-allocator-block-size=33554432"
    "memorysetup-profiler-bucket-allocator-block-count=8"
    "memorysetup-profiler-allocator-block-size=16777216"
    "memorysetup-profiler-editor-allocator-block-size=1048576"
    "memorysetup-temp-allocator-size-main=16777216"
    "memorysetup-job-temp-allocator-block-size=2097152"
    "memorysetup-job-temp-allocator-block-size-background=1048576"
    "memorysetup-job-temp-allocator-reduction-small-platforms=262144"
    "memorysetup-allocator-temp-initial-block-size-main=262144"
    "memorysetup-allocator-temp-initial-block-size-worker=262144"
    "memorysetup-temp-allocator-size-background-worker=32768"
    "memorysetup-temp-allocator-size-job-worker=262144"
    "memorysetup-temp-allocator-size-preload-manager=33554432"
    "memorysetup-temp-allocator-size-nav-mesh-worker=65536"
    "memorysetup-temp-allocator-size-audio-worker=65536"
    "memorysetup-temp-allocator-size-cloud-worker=32768"
    "memorysetup-temp-allocator-size-gi-baking-worker=262144"
    "memorysetup-temp-allocator-size-gfx=262144"
Player connection [25868]  Target information:

Player connection [25868]  * "[IP] 10.10.100.95 [Port] 0 [Flags] 2 [Guid] 3152015904 [EditorId] 3152015904 [Version] 1048832 [Id] WindowsEditor(7,DESKTOP-KSFICS1) [Debug] 1 [PackageName] WindowsEditor [ProjectName] Editor" 

Player connection [25868] Host joined multi-casting on [225.0.0.222:54997]...
Player connection [25868] Host joined alternative multi-casting on [225.0.0.222:34997]...
[PhysX] Initialized MultithreadedTaskDispatcher with 12 workers.
Refreshing native plugins compatible for Editor in 51.39 ms, found 4 plugins.
Preloading 0 native plugins for Editor in 0.00 ms.
Initialize engine version: 2022.3.40f1 (cbdda657d2f0)
[Subsystems] Discovering subsystems at path F:/Unity/archivos/2022.3.40f1/Editor/Data/Resources/UnitySubsystems
[Subsystems] Discovering subsystems at path F:/Github/Dungeons-Races/Dungeons&Races/Assets
GfxDevice: creating device client; threaded=0; jobified=0
Direct3D:
    Version:  Direct3D 11.0 [level 11.1]
    Renderer: Radeon RX 580 Series (ID=0x67df)
    Vendor:   ATI
    VRAM:     8170 MB
    Driver:   31.0.21921.1000
Shader Hidden/ProbeVolume/VoxelizeScene is not supported: GPU does not support conservative rasterization
Initialize mono
Mono path[0] = 'F:/Unity/archivos/2022.3.40f1/Editor/Data/Managed'
Mono path[1] = 'F:/Unity/archivos/2022.3.40f1/Editor/Data/MonoBleedingEdge/lib/mono/unityjit-win32'
Mono config path = 'F:/Unity/archivos/2022.3.40f1/Editor/Data/MonoBleedingEdge/etc'
Using monoOptions --debugger-agent=transport=dt_socket,embedding=1,server=y,suspend=n,address=127.0.0.1:56536
Begin MonoManager ReloadAssembly
Registering precompiled unity dll's ...
Register platform support module: F:/Unity/archivos/2022.3.40f1/Editor/Data/PlaybackEngines/AndroidPlayer/UnityEditor.Android.Extensions.dll
Register platform support module: F:/Unity/archivos/2022.3.40f1/Editor/Data/PlaybackEngines/WindowsStandaloneSupport/UnityEditor.WindowsStandalone.Extensions.dll
Registered in 0.008573 seconds.
- Loaded All Assemblies, in  0.575 seconds
Native extension for WindowsStandalone target not found
Native extension for Android target not found
Android Extension - Scanning For ADB Devices 416 ms
Mono: successfully reloaded assembly
- Finished resetting the current domain, in  0.882 seconds
Domain Reload Profiling: 1457ms
	BeginReloadAssembly (219ms)
		ExecutionOrderSort (0ms)
		DisableScriptedObjects (0ms)
		BackupInstance (0ms)
		ReleaseScriptingObjects (0ms)
		CreateAndSetChildDomain (1ms)
	RebuildCommonClasses (53ms)
	RebuildNativeTypeToScriptingClass (14ms)
	initialDomainReloadingComplete (77ms)
	LoadAllAssembliesAndSetupDomain (212ms)
		LoadAssemblies (219ms)
		RebuildTransferFunctionScriptingTraits (0ms)
		AnalyzeDomain (207ms)
			TypeCache.Refresh (205ms)
				TypeCache.ScanAssembly (188ms)
			ScanForSourceGeneratedMonoScriptInfo (1ms)
			ResolveRequiredComponents (1ms)
	FinalizeReload (883ms)
		ReleaseScriptCaches (0ms)
		RebuildScriptCaches (0ms)
		SetupLoadedEditorAssemblies (817ms)
			LogAssemblyErrors (0ms)
			InitializePlatformSupportModulesInManaged (568ms)
			SetLoadedEditorAssemblies (6ms)
			RefreshPlugins (0ms)
			BeforeProcessingInitializeOnLoad (3ms)
			ProcessInitializeOnLoadAttributes (164ms)
			ProcessInitializeOnLoadMethodAttributes (76ms)
			AfterProcessingInitializeOnLoad (0ms)
			EditorAssembliesLoaded (0ms)
		ExecutionOrderSort2 (0ms)
		AwakeInstancesAfterBackupRestoration (0ms)
========================================================================
Worker process is ready to serve import requests
Caller must complete domain reload
Begin MonoManager ReloadAssembly
Symbol file LoadedFromMemory is not a mono symbol file
- Loaded All Assemblies, in  1.430 seconds
Native extension for WindowsStandalone target not found
Native extension for Android target not found
Package Manager log level set to [2]
[Package Manager] Server::EnsureServerProcessIsRunning -- launch failed, reason: Unity was launched with the -noUpm command-line argument
[Package Manager] UpmClient::Send -- Unable to send message (not connected to UPM process).
[Package Manager] Cannot connect to Unity Package Manager local server
Mono: successfully reloaded assembly
- Finished resetting the current domain, in  1.606 seconds
Domain Reload Profiling: 3035ms
	BeginReloadAssembly (213ms)
		ExecutionOrderSort (0ms)
		DisableScriptedObjects (8ms)
		BackupInstance (0ms)
		ReleaseScriptingObjects (0ms)
		CreateAndSetChildDomain (25ms)
	RebuildCommonClasses (45ms)
	RebuildNativeTypeToScriptingClass (13ms)
	initialDomainReloadingComplete (60ms)
	LoadAllAssembliesAndSetupDomain (1097ms)
		LoadAssemblies (813ms)
		RebuildTransferFunctionScriptingTraits (0ms)
		AnalyzeDomain (424ms)
			TypeCache.Refresh (355ms)
				TypeCache.ScanAssembly (312ms)
			ScanForSourceGeneratedMonoScriptInfo (51ms)
			ResolveRequiredComponents (17ms)
	FinalizeReload (1606ms)
		ReleaseScriptCaches (0ms)
		RebuildScriptCaches (0ms)
		SetupLoadedEditorAssemblies (1366ms)
			LogAssemblyErrors (0ms)
			InitializePlatformSupportModulesInManaged (32ms)
			SetLoadedEditorAssemblies (8ms)
			RefreshPlugins (0ms)
			BeforeProcessingInitializeOnLoad (254ms)
			ProcessInitializeOnLoadAttributes (951ms)
			ProcessInitializeOnLoadMethodAttributes (117ms)
			AfterProcessingInitializeOnLoad (3ms)
			EditorAssembliesLoaded (0ms)
		ExecutionOrderSort2 (0ms)
		AwakeInstancesAfterBackupRestoration (8ms)
Shader Hidden/ProbeVolume/VoxelizeScene is not supported: GPU does not support conservative rasterization
Launched and connected shader compiler UnityShaderCompiler.exe after 0.11 seconds
Refreshing native plugins compatible for Editor in 16.62 ms, found 4 plugins.
Preloading 0 native plugins for Editor in 0.00 ms.
Unloading 7243 Unused Serialized files (Serialized files now loaded: 0)
Unloading 46 unused Assets / (387.4 KB). Loaded Objects now: 7725.
Memory consumption went from 265.6 MB to 265.2 MB.
Total: 5.643900 ms (FindLiveObjects: 0.635500 ms CreateObjectMapping: 0.210300 ms MarkObjects: 4.557200 ms  DeleteObjects: 0.239700 ms)

AssetImportParameters requested are different than current active one (requested -> active):
  custom:container-demuxer-ogg: 62fdf1f143b41e24485cea50d1cbac27 -> 
  custom:framework-win-MediaFoundation: 216162199b28c13a410421893ffa2e32 -> 
  custom:container-muxer-webm: aa71ff27fc2769a1b78a27578f13a17b -> 
  custom:video-decoder-webm-vp8: 9c59270c3fd7afecdb556c50c9e8de78 -> 
  custom:SearchIndexIgnoredProperties: e643bd26f0fe6173181afceb89e7c659 -> 
  custom:AudioImporter_EditorPlatform: d09bf68614088b80899f8185d706f6e7 -> 
  custom:audio-decoder-ogg-vorbis: bf7c407c2cedff20999df2af8eb42d56 -> 
  custom:audio-encoder-webm-vorbis: bf7c407c2cedff20999df2af8eb42d56 -> 
  custom:video-decoder-ogg-theora: a1e56fd34408186e4bbccfd4996cb3dc -> 
  custom:CustomObjectIndexerAttribute: 72b91833f83ae208fae7752999fa3104 -> 
  custom:container-demuxer-webm: 4f35f7cbe854078d1ac9338744f61a02 -> 
  custom:video-encoder-webm-vp8: eb34c28f22e8b96e1ab97ce403110664 -> 
========================================================================
Received Import Request.
  Time since last request: 18726.116185 seconds.
  path: Assets/prefabs/obstaculos/prefab/Nivel1/1.prefab
  artifactKey: Guid(4b2e17c36d028794291b47cb5fa2a280) Importer(815301076,1909f56bfc062723c751e8b465ee728b)
Start importing Assets/prefabs/obstaculos/prefab/Nivel1/1.prefab using Guid(4b2e17c36d028794291b47cb5fa2a280) Importer(815301076,1909f56bfc062723c751e8b465ee728b) [PhysX] Initialized MultithreadedTaskDispatcher with 12 workers.
[PhysX] Initialized MultithreadedTaskDispatcher with 12 workers.
Sprite menu_de_carga3 matches more than one built-in atlases. Default to use the first available atlas.
Sprite menu_de_carga1 matches more than one built-in atlases. Default to use the first available atlas.
Sprite menu_de_carga2 matches more than one built-in atlases. Default to use the first available atlas.
Sprite menu_de_carga4 matches more than one built-in atlases. Default to use the first available atlas.
 -> (artifact id: '7d2243d25a04cfb543224a38000fee1c') in 0.808301 seconds
Number of updated asset objects reloaded before import = 0
Number of asset objects unloaded after import = 1678
========================================================================
Received Import Request.
  Time since last request: 3.797476 seconds.
  path: Assets/prefabs/Rooms/habitacion2_Jefe.prefab
  artifactKey: Guid(9eb1d96d5e248714e894ae6607328362) Importer(815301076,1909f56bfc062723c751e8b465ee728b)
Start importing Assets/prefabs/Rooms/habitacion2_Jefe.prefab using Guid(9eb1d96d5e248714e894ae6607328362) Importer(815301076,1909f56bfc062723c751e8b465ee728b) [PhysX] Initialized MultithreadedTaskDispatcher with 12 workers.
[PhysX] Initialized MultithreadedTaskDispatcher with 12 workers.
Sprite menu_de_carga3 matches more than one built-in atlases. Default to use the first available atlas.
Sprite menu_de_carga1 matches more than one built-in atlases. Default to use the first available atlas.
Sprite menu_de_carga2 matches more than one built-in atlases. Default to use the first available atlas.
Sprite menu_de_carga4 matches more than one built-in atlases. Default to use the first available atlas.
Refreshing native plugins compatible for Editor in 16.13 ms, found 4 plugins.
Preloading 0 native plugins for Editor in 0.00 ms.
 -> (artifact id: '193b42807b49722efbaf3ac470869027') in 1.120430 seconds
Number of updated asset objects reloaded before import = 0
Number of asset objects unloaded after import = 3002
========================================================================
Received Import Request.
  Time since last request: 72.259744 seconds.
  path: Assets/prefabs/Rooms/habitacion2_Jefe.prefab
  artifactKey: Guid(9eb1d96d5e248714e894ae6607328362) Importer(815301076,1909f56bfc062723c751e8b465ee728b)
Start importing Assets/prefabs/Rooms/habitacion2_Jefe.prefab using Guid(9eb1d96d5e248714e894ae6607328362) Importer(815301076,1909f56bfc062723c751e8b465ee728b) [PhysX] Initialized MultithreadedTaskDispatcher with 12 workers.
[PhysX] Initialized MultithreadedTaskDispatcher with 12 workers.
Sprite menu_de_carga3 matches more than one built-in atlases. Default to use the first available atlas.
Sprite menu_de_carga1 matches more than one built-in atlases. Default to use the first available atlas.
Sprite menu_de_carga2 matches more than one built-in atlases. Default to use the first available atlas.
Sprite menu_de_carga4 matches more than one built-in atlases. Default to use the first available atlas.
Refreshing native plugins compatible for Editor in 15.54 ms, found 4 plugins.
Preloading 0 native plugins for Editor in 0.00 ms.
 -> (artifact id: 'e84e5c772707127a2cc367f38e51efac') in 0.391458 seconds
Number of updated asset objects reloaded before import = 0
Number of asset objects unloaded after import = 3002
========================================================================
Received Prepare
Caller must complete domain reload
Begin MonoManager ReloadAssembly
Symbol file LoadedFromMemory is not a mono symbol file
- Loaded All Assemblies, in  2.138 seconds
Native extension for WindowsStandalone target not found
Native extension for Android target not found
[Package Manager] Server::EnsureServerProcessIsRunning -- launch failed, reason: Unity was launched with the -noUpm command-line argument
[Package Manager] UpmClient::Send -- Unable to send message (not connected to UPM process).
[Package Manager] Cannot connect to Unity Package Manager local server
Mono: successfully reloaded assembly
- Finished resetting the current domain, in  1.743 seconds
Domain Reload Profiling: 3881ms
	BeginReloadAssembly (1429ms)
		ExecutionOrderSort (0ms)
		DisableScriptedObjects (1121ms)
		BackupInstance (0ms)
		ReleaseScriptingObjects (0ms)
		CreateAndSetChildDomain (67ms)
	RebuildCommonClasses (55ms)
	RebuildNativeTypeToScriptingClass (20ms)
	initialDomainReloadingComplete (51ms)
	LoadAllAssembliesAndSetupDomain (582ms)
		LoadAssemblies (696ms)
		RebuildTransferFunctionScriptingTraits (0ms)
		AnalyzeDomain (74ms)
			TypeCache.Refresh (19ms)
				TypeCache.ScanAssembly (3ms)
			ScanForSourceGeneratedMonoScriptInfo (37ms)
			ResolveRequiredComponents (17ms)
	FinalizeReload (1744ms)
		ReleaseScriptCaches (0ms)
		RebuildScriptCaches (0ms)
		SetupLoadedEditorAssemblies (1411ms)
			LogAssemblyErrors (0ms)
			InitializePlatformSupportModulesInManaged (39ms)
			SetLoadedEditorAssemblies (13ms)
			RefreshPlugins (0ms)
			BeforeProcessingInitializeOnLoad (298ms)
			ProcessInitializeOnLoadAttributes (937ms)
			ProcessInitializeOnLoadMethodAttributes (118ms)
			AfterProcessingInitializeOnLoad (6ms)
			EditorAssembliesLoaded (1ms)
		ExecutionOrderSort2 (0ms)
		AwakeInstancesAfterBackupRestoration (28ms)
Shader Hidden/ProbeVolume/VoxelizeScene is not supported: GPU does not support conservative rasterization
Refreshing native plugins compatible for Editor in 17.76 ms, found 4 plugins.
Preloading 0 native plugins for Editor in 0.00 ms.
Unloading 7075 Unused Serialized files (Serialized files now loaded: 0)
Unloading 31 unused Assets / (358.4 KB). Loaded Objects now: 7777.
Memory consumption went from 234.8 MB to 234.4 MB.
Total: 6.248000 ms (FindLiveObjects: 0.681700 ms CreateObjectMapping: 0.242800 ms MarkObjects: 5.119900 ms  DeleteObjects: 0.201500 ms)

Prepare: number of updated asset objects reloaded= 0
AssetImportParameters requested are different than current active one (requested -> active):
  custom:container-demuxer-ogg: 62fdf1f143b41e24485cea50d1cbac27 -> 
  custom:framework-win-MediaFoundation: 216162199b28c13a410421893ffa2e32 -> 
  custom:container-muxer-webm: aa71ff27fc2769a1b78a27578f13a17b -> 
  custom:video-decoder-webm-vp8: 9c59270c3fd7afecdb556c50c9e8de78 -> 
  custom:SearchIndexIgnoredProperties: e643bd26f0fe6173181afceb89e7c659 -> 
  custom:AudioImporter_EditorPlatform: d09bf68614088b80899f8185d706f6e7 -> 
  custom:audio-decoder-ogg-vorbis: bf7c407c2cedff20999df2af8eb42d56 -> 
  custom:audio-encoder-webm-vorbis: bf7c407c2cedff20999df2af8eb42d56 -> 
  custom:video-decoder-ogg-theora: a1e56fd34408186e4bbccfd4996cb3dc -> 
  custom:CustomObjectIndexerAttribute: 72b91833f83ae208fae7752999fa3104 -> 
  custom:container-demuxer-webm: 4f35f7cbe854078d1ac9338744f61a02 -> 
  custom:video-encoder-webm-vp8: eb34c28f22e8b96e1ab97ce403110664 -> 
========================================================================
Received Import Request.
  Time since last request: 21.551016 seconds.
  path: Assets/prefabs/Rooms/HabitacionAmarilla.prefab
  artifactKey: Guid(4e177b92c51a1af48b9e8c18afa89a90) Importer(815301076,1909f56bfc062723c751e8b465ee728b)
Start importing Assets/prefabs/Rooms/HabitacionAmarilla.prefab using Guid(4e177b92c51a1af48b9e8c18afa89a90) Importer(815301076,1909f56bfc062723c751e8b465ee728b) [PhysX] Initialized MultithreadedTaskDispatcher with 12 workers.
 -> (artifact id: 'e8d6823921472f6ac36d5d79ed6a9cf6') in 0.002318 seconds
Number of updated asset objects reloaded before import = 0
Number of asset objects unloaded after import = 0
========================================================================
Received Import Request.
  Time since last request: 0.000044 seconds.
  path: Assets/prefabs/Rooms/HabitacionVerde.prefab
  artifactKey: Guid(708718d3d646cb246a99707cf514e49f) Importer(815301076,1909f56bfc062723c751e8b465ee728b)
Start importing Assets/prefabs/Rooms/HabitacionVerde.prefab using Guid(708718d3d646cb246a99707cf514e49f) Importer(815301076,1909f56bfc062723c751e8b465ee728b) [PhysX] Initialized MultithreadedTaskDispatcher with 12 workers.
 -> (artifact id: '64c59f08d0e61f41fe5d5edeb152a3bf') in 0.000683 seconds
Number of updated asset objects reloaded before import = 0
Number of asset objects unloaded after import = 0
========================================================================
Received Import Request.
  Time since last request: 0.000022 seconds.
  path: Assets/prefabs/Rooms/habitacion2_Jefe.prefab
  artifactKey: Guid(9eb1d96d5e248714e894ae6607328362) Importer(815301076,1909f56bfc062723c751e8b465ee728b)
Start importing Assets/prefabs/Rooms/habitacion2_Jefe.prefab using Guid(9eb1d96d5e248714e894ae6607328362) Importer(815301076,1909f56bfc062723c751e8b465ee728b) [PhysX] Initialized MultithreadedTaskDispatcher with 12 workers.
 -> (artifact id: '5e3d12a558b6adbcd885d368d194063d') in 0.000610 seconds
Number of updated asset objects reloaded before import = 0
Number of asset objects unloaded after import = 0
========================================================================
Received Import Request.
  Time since last request: 0.000030 seconds.
  path: Assets/prefabs/Rooms/habitacion2_SubJefe.prefab
  artifactKey: Guid(14762e151fb893b4cb153f560467c5d9) Importer(815301076,1909f56bfc062723c751e8b465ee728b)
Start importing Assets/prefabs/Rooms/habitacion2_SubJefe.prefab using Guid(14762e151fb893b4cb153f560467c5d9) Importer(815301076,1909f56bfc062723c751e8b465ee728b) [PhysX] Initialized MultithreadedTaskDispatcher with 12 workers.
 -> (artifact id: '22883aeddb7d89cbaf60ea6564de858c') in 0.000506 seconds
Number of updated asset objects reloaded before import = 0
Number of asset objects unloaded after import = 0
========================================================================
Received Import Request.
  Time since last request: 0.000021 seconds.
  path: Assets/prefabs/Rooms/habitacionInicio2.prefab
  artifactKey: Guid(2d6019a324ce97a49ad06ee17679504b) Importer(815301076,1909f56bfc062723c751e8b465ee728b)
Start importing Assets/prefabs/Rooms/habitacionInicio2.prefab using Guid(2d6019a324ce97a49ad06ee17679504b) Importer(815301076,1909f56bfc062723c751e8b465ee728b) [PhysX] Initialized MultithreadedTaskDispatcher with 12 workers.
 -> (artifact id: 'e79246e27882b2044c2464121d93532c') in 0.000634 seconds
Number of updated asset objects reloaded before import = 0
Number of asset objects unloaded after import = 0
========================================================================
Received Import Request.
  Time since last request: 0.000024 seconds.
  path: Assets/prefabs/Rooms/habitacionIncial_padre.prefab
  artifactKey: Guid(676893457838e3640b5aa1c342aa21c8) Importer(815301076,1909f56bfc062723c751e8b465ee728b)
Start importing Assets/prefabs/Rooms/habitacionIncial_padre.prefab using Guid(676893457838e3640b5aa1c342aa21c8) Importer(815301076,1909f56bfc062723c751e8b465ee728b) [PhysX] Initialized MultithreadedTaskDispatcher with 12 workers.
 -> (artifact id: '6d515e127d10a3022724f447af4e599c') in 0.000705 seconds
Number of updated asset objects reloaded before import = 0
Number of asset objects unloaded after import = 0
========================================================================
Received Import Request.
  Time since last request: 60.211216 seconds.
  path: Assets/prefabs/Rooms/habitacion2_Jefe.prefab
  artifactKey: Guid(9eb1d96d5e248714e894ae6607328362) Importer(815301076,1909f56bfc062723c751e8b465ee728b)
Start importing Assets/prefabs/Rooms/habitacion2_Jefe.prefab using Guid(9eb1d96d5e248714e894ae6607328362) Importer(815301076,1909f56bfc062723c751e8b465ee728b) [PhysX] Initialized MultithreadedTaskDispatcher with 12 workers.
 -> (artifact id: '5e3d12a558b6adbcd885d368d194063d') in 0.000489 seconds
Number of updated asset objects reloaded before import = 0
Number of asset objects unloaded after import = 0
========================================================================
Received Import Request.
  Time since last request: 0.000038 seconds.
  path: Assets/prefabs/Rooms/HabitacionVerde.prefab
  artifactKey: Guid(708718d3d646cb246a99707cf514e49f) Importer(815301076,1909f56bfc062723c751e8b465ee728b)
Start importing Assets/prefabs/Rooms/HabitacionVerde.prefab using Guid(708718d3d646cb246a99707cf514e49f) Importer(815301076,1909f56bfc062723c751e8b465ee728b) [PhysX] Initialized MultithreadedTaskDispatcher with 12 workers.
 -> (artifact id: '64c59f08d0e61f41fe5d5edeb152a3bf') in 0.000611 seconds
Number of updated asset objects reloaded before import = 0
Number of asset objects unloaded after import = 0
========================================================================
Received Import Request.
  Time since last request: 0.000023 seconds.
  path: Assets/prefabs/Rooms/habitacion2_SubJefe.prefab
  artifactKey: Guid(14762e151fb893b4cb153f560467c5d9) Importer(815301076,1909f56bfc062723c751e8b465ee728b)
Start importing Assets/prefabs/Rooms/habitacion2_SubJefe.prefab using Guid(14762e151fb893b4cb153f560467c5d9) Importer(815301076,1909f56bfc062723c751e8b465ee728b) [PhysX] Initialized MultithreadedTaskDispatcher with 12 workers.
 -> (artifact id: '22883aeddb7d89cbaf60ea6564de858c') in 0.000597 seconds
Number of updated asset objects reloaded before import = 0
Number of asset objects unloaded after import = 0
========================================================================
Received Import Request.
  Time since last request: 0.000020 seconds.
  path: Assets/prefabs/Rooms/habitacion2_padre.prefab
  artifactKey: Guid(59db9a28a7f3d394e89df524d1a165bf) Importer(815301076,1909f56bfc062723c751e8b465ee728b)
Start importing Assets/prefabs/Rooms/habitacion2_padre.prefab using Guid(59db9a28a7f3d394e89df524d1a165bf) Importer(815301076,1909f56bfc062723c751e8b465ee728b) [PhysX] Initialized MultithreadedTaskDispatcher with 12 workers.
 -> (artifact id: 'b93f6fe8f23b893187c524ce99a9b147') in 0.000546 seconds
Number of updated asset objects reloaded before import = 0
Number of asset objects unloaded after import = 0
========================================================================
Received Import Request.
  Time since last request: 0.000023 seconds.
  path: Assets/prefabs/Rooms/habitacionInicio2.prefab
  artifactKey: Guid(2d6019a324ce97a49ad06ee17679504b) Importer(815301076,1909f56bfc062723c751e8b465ee728b)
Start importing Assets/prefabs/Rooms/habitacionInicio2.prefab using Guid(2d6019a324ce97a49ad06ee17679504b) Importer(815301076,1909f56bfc062723c751e8b465ee728b) [PhysX] Initialized MultithreadedTaskDispatcher with 12 workers.
 -> (artifact id: 'e79246e27882b2044c2464121d93532c') in 0.000554 seconds
Number of updated asset objects reloaded before import = 0
Number of asset objects unloaded after import = 0
========================================================================
Received Prepare
Caller must complete domain reload
Begin MonoManager ReloadAssembly
Symbol file LoadedFromMemory is not a mono symbol file
- Loaded All Assemblies, in  1.045 seconds
Native extension for WindowsStandalone target not found
Native extension for Android target not found
[Package Manager] Server::EnsureServerProcessIsRunning -- launch failed, reason: Unity was launched with the -noUpm command-line argument
[Package Manager] UpmClient::Send -- Unable to send message (not connected to UPM process).
[Package Manager] Cannot connect to Unity Package Manager local server
Mono: successfully reloaded assembly
- Finished resetting the current domain, in  2.876 seconds
Domain Reload Profiling: 3918ms
	BeginReloadAssembly (300ms)
		ExecutionOrderSort (0ms)
		DisableScriptedObjects (20ms)
		BackupInstance (0ms)
		ReleaseScriptingObjects (0ms)
		CreateAndSetChildDomain (67ms)
	RebuildCommonClasses (53ms)
	RebuildNativeTypeToScriptingClass (22ms)
	initialDomainReloadingComplete (53ms)
	LoadAllAssembliesAndSetupDomain (614ms)
		LoadAssemblies (687ms)
		RebuildTransferFunctionScriptingTraits (0ms)
		AnalyzeDomain (91ms)
			TypeCache.Refresh (20ms)
				TypeCache.ScanAssembly (4ms)
			ScanForSourceGeneratedMonoScriptInfo (47ms)
			ResolveRequiredComponents (23ms)
	FinalizeReload (2877ms)
		ReleaseScriptCaches (0ms)
		RebuildScriptCaches (0ms)
		SetupLoadedEditorAssemblies (1372ms)
			LogAssemblyErrors (0ms)
			InitializePlatformSupportModulesInManaged (35ms)
			SetLoadedEditorAssemblies (13ms)
			RefreshPlugins (0ms)
			BeforeProcessingInitializeOnLoad (338ms)
			ProcessInitializeOnLoadAttributes (864ms)
			ProcessInitializeOnLoadMethodAttributes (117ms)
			AfterProcessingInitializeOnLoad (5ms)
			EditorAssembliesLoaded (1ms)
		ExecutionOrderSort2 (0ms)
		AwakeInstancesAfterBackupRestoration (25ms)
Shader Hidden/ProbeVolume/VoxelizeScene is not supported: GPU does not support conservative rasterization
Refreshing native plugins compatible for Editor in 20.01 ms, found 4 plugins.
Preloading 0 native plugins for Editor in 0.00 ms.
Unloading 7075 Unused Serialized files (Serialized files now loaded: 0)
Unloading 31 unused Assets / (357.7 KB). Loaded Objects now: 7782.
Memory consumption went from 234.7 MB to 234.3 MB.
Total: 5.941000 ms (FindLiveObjects: 0.785600 ms CreateObjectMapping: 0.391800 ms MarkObjects: 4.607700 ms  DeleteObjects: 0.154500 ms)

Prepare: number of updated asset objects reloaded= 0
AssetImportParameters requested are different than current active one (requested -> active):
  custom:container-demuxer-ogg: 62fdf1f143b41e24485cea50d1cbac27 -> 
  custom:framework-win-MediaFoundation: 216162199b28c13a410421893ffa2e32 -> 
  custom:container-muxer-webm: aa71ff27fc2769a1b78a27578f13a17b -> 
  custom:video-decoder-webm-vp8: 9c59270c3fd7afecdb556c50c9e8de78 -> 
  custom:SearchIndexIgnoredProperties: e643bd26f0fe6173181afceb89e7c659 -> 
  custom:AudioImporter_EditorPlatform: d09bf68614088b80899f8185d706f6e7 -> 
  custom:audio-decoder-ogg-vorbis: bf7c407c2cedff20999df2af8eb42d56 -> 
  custom:audio-encoder-webm-vorbis: bf7c407c2cedff20999df2af8eb42d56 -> 
  custom:video-decoder-ogg-theora: a1e56fd34408186e4bbccfd4996cb3dc -> 
  custom:CustomObjectIndexerAttribute: 72b91833f83ae208fae7752999fa3104 -> 
  custom:container-demuxer-webm: 4f35f7cbe854078d1ac9338744f61a02 -> 
  custom:video-encoder-webm-vp8: eb34c28f22e8b96e1ab97ce403110664 -> 
========================================================================
Received Import Request.
  Time since last request: 16.372915 seconds.
  path: Assets/prefabs/Rooms/HabitacionVerde.prefab
  artifactKey: Guid(708718d3d646cb246a99707cf514e49f) Importer(815301076,1909f56bfc062723c751e8b465ee728b)
Start importing Assets/prefabs/Rooms/HabitacionVerde.prefab using Guid(708718d3d646cb246a99707cf514e49f) Importer(815301076,1909f56bfc062723c751e8b465ee728b) [PhysX] Initialized MultithreadedTaskDispatcher with 12 workers.
 -> (artifact id: '64c59f08d0e61f41fe5d5edeb152a3bf') in 0.002399 seconds
Number of updated asset objects reloaded before import = 0
Number of asset objects unloaded after import = 0
========================================================================
Received Import Request.
  Time since last request: 0.000052 seconds.
  path: Assets/prefabs/Rooms/HabitacionRoja.prefab
  artifactKey: Guid(5ae74830a9f4536408ddd9dfc690ecee) Importer(815301076,1909f56bfc062723c751e8b465ee728b)
Start importing Assets/prefabs/Rooms/HabitacionRoja.prefab using Guid(5ae74830a9f4536408ddd9dfc690ecee) Importer(815301076,1909f56bfc062723c751e8b465ee728b) [PhysX] Initialized MultithreadedTaskDispatcher with 12 workers.
 -> (artifact id: '48466336ee9c18932841f7f4e00b4a25') in 0.000678 seconds
Number of updated asset objects reloaded before import = 0
Number of asset objects unloaded after import = 0
========================================================================
Received Import Request.
  Time since last request: 0.000027 seconds.
  path: Assets/prefabs/Rooms/habitacion2_SubJefe.prefab
  artifactKey: Guid(14762e151fb893b4cb153f560467c5d9) Importer(815301076,1909f56bfc062723c751e8b465ee728b)
Start importing Assets/prefabs/Rooms/habitacion2_SubJefe.prefab using Guid(14762e151fb893b4cb153f560467c5d9) Importer(815301076,1909f56bfc062723c751e8b465ee728b) [PhysX] Initialized MultithreadedTaskDispatcher with 12 workers.
 -> (artifact id: '22883aeddb7d89cbaf60ea6564de858c') in 0.000960 seconds
Number of updated asset objects reloaded before import = 0
Number of asset objects unloaded after import = 0
========================================================================
Received Import Request.
  Time since last request: 0.000035 seconds.
  path: Assets/prefabs/Rooms/HabitacionVioleta.prefab
  artifactKey: Guid(691b0dd054aa2754f99189341e0184c7) Importer(815301076,1909f56bfc062723c751e8b465ee728b)
Start importing Assets/prefabs/Rooms/HabitacionVioleta.prefab using Guid(691b0dd054aa2754f99189341e0184c7) Importer(815301076,1909f56bfc062723c751e8b465ee728b) [PhysX] Initialized MultithreadedTaskDispatcher with 12 workers.
 -> (artifact id: 'c53c9c3aff60d60a07b319e8d0c4f2fe') in 0.000907 seconds
Number of updated asset objects reloaded before import = 0
Number of asset objects unloaded after import = 0
========================================================================
Received Import Request.
  Time since last request: 0.000033 seconds.
  path: Assets/prefabs/Rooms/habitacion1_padre.prefab
  artifactKey: Guid(d9b1784a68847e546ab7115e7c2dde8a) Importer(815301076,1909f56bfc062723c751e8b465ee728b)
Start importing Assets/prefabs/Rooms/habitacion1_padre.prefab using Guid(d9b1784a68847e546ab7115e7c2dde8a) Importer(815301076,1909f56bfc062723c751e8b465ee728b) [PhysX] Initialized MultithreadedTaskDispatcher with 12 workers.
 -> (artifact id: '1c2c2795b1bef893f486e788751f8748') in 0.000608 seconds
Number of updated asset objects reloaded before import = 0
Number of asset objects unloaded after import = 0
========================================================================
Received Import Request.
  Time since last request: 0.000025 seconds.
  path: Assets/prefabs/Rooms/habitacionIncial_padre.prefab
  artifactKey: Guid(676893457838e3640b5aa1c342aa21c8) Importer(815301076,1909f56bfc062723c751e8b465ee728b)
Start importing Assets/prefabs/Rooms/habitacionIncial_padre.prefab using Guid(676893457838e3640b5aa1c342aa21c8) Importer(815301076,1909f56bfc062723c751e8b465ee728b) [PhysX] Initialized MultithreadedTaskDispatcher with 12 workers.
 -> (artifact id: '6d515e127d10a3022724f447af4e599c') in 0.000729 seconds
Number of updated asset objects reloaded before import = 0
Number of asset objects unloaded after import = 0
========================================================================
Received Import Request.
  Time since last request: 31.372106 seconds.
  path: Assets/prefabs/Rooms/habitacion2_Jefe.prefab
  artifactKey: Guid(9eb1d96d5e248714e894ae6607328362) Importer(815301076,1909f56bfc062723c751e8b465ee728b)
Start importing Assets/prefabs/Rooms/habitacion2_Jefe.prefab using Guid(9eb1d96d5e248714e894ae6607328362) Importer(815301076,1909f56bfc062723c751e8b465ee728b) [PhysX] Initialized MultithreadedTaskDispatcher with 12 workers.
 -> (artifact id: '5e3d12a558b6adbcd885d368d194063d') in 0.000506 seconds
Number of updated asset objects reloaded before import = 0
Number of asset objects unloaded after import = 0
========================================================================
Received Import Request.
  Time since last request: 0.000022 seconds.
  path: Assets/prefabs/Rooms/HabitacionVerde.prefab
  artifactKey: Guid(708718d3d646cb246a99707cf514e49f) Importer(815301076,1909f56bfc062723c751e8b465ee728b)
Start importing Assets/prefabs/Rooms/HabitacionVerde.prefab using Guid(708718d3d646cb246a99707cf514e49f) Importer(815301076,1909f56bfc062723c751e8b465ee728b) [PhysX] Initialized MultithreadedTaskDispatcher with 12 workers.
 -> (artifact id: '64c59f08d0e61f41fe5d5edeb152a3bf') in 0.000666 seconds
Number of updated asset objects reloaded before import = 0
Number of asset objects unloaded after import = 0
========================================================================
Received Import Request.
  Time since last request: 0.000017 seconds.
  path: Assets/prefabs/Rooms/habitacion2_SubJefe.prefab
  artifactKey: Guid(14762e151fb893b4cb153f560467c5d9) Importer(815301076,1909f56bfc062723c751e8b465ee728b)
Start importing Assets/prefabs/Rooms/habitacion2_SubJefe.prefab using Guid(14762e151fb893b4cb153f560467c5d9) Importer(815301076,1909f56bfc062723c751e8b465ee728b) [PhysX] Initialized MultithreadedTaskDispatcher with 12 workers.
 -> (artifact id: '22883aeddb7d89cbaf60ea6564de858c') in 0.000573 seconds
Number of updated asset objects reloaded before import = 0
Number of asset objects unloaded after import = 0
========================================================================
Received Import Request.
  Time since last request: 0.000021 seconds.
  path: Assets/prefabs/Rooms/HabitacionVioleta.prefab
  artifactKey: Guid(691b0dd054aa2754f99189341e0184c7) Importer(815301076,1909f56bfc062723c751e8b465ee728b)
Start importing Assets/prefabs/Rooms/HabitacionVioleta.prefab using Guid(691b0dd054aa2754f99189341e0184c7) Importer(815301076,1909f56bfc062723c751e8b465ee728b) [PhysX] Initialized MultithreadedTaskDispatcher with 12 workers.
 -> (artifact id: 'c53c9c3aff60d60a07b319e8d0c4f2fe') in 0.000652 seconds
Number of updated asset objects reloaded before import = 0
Number of asset objects unloaded after import = 0
========================================================================
Received Prepare
Caller must complete domain reload
Begin MonoManager ReloadAssembly
Symbol file LoadedFromMemory is not a mono symbol file
- Loaded All Assemblies, in  1.010 seconds
Native extension for WindowsStandalone target not found
Native extension for Android target not found
[Package Manager] Server::EnsureServerProcessIsRunning -- launch failed, reason: Unity was launched with the -noUpm command-line argument
[Package Manager] UpmClient::Send -- Unable to send message (not connected to UPM process).
[Package Manager] Cannot connect to Unity Package Manager local server
Mono: successfully reloaded assembly
- Finished resetting the current domain, in  2.764 seconds
Domain Reload Profiling: 3772ms
	BeginReloadAssembly (278ms)
		ExecutionOrderSort (0ms)
		DisableScriptedObjects (15ms)
		BackupInstance (0ms)
		ReleaseScriptingObjects (0ms)
		CreateAndSetChildDomain (61ms)
	RebuildCommonClasses (51ms)
	RebuildNativeTypeToScriptingClass (15ms)
	initialDomainReloadingComplete (49ms)
	LoadAllAssembliesAndSetupDomain (614ms)
		LoadAssemblies (695ms)
		RebuildTransferFunctionScriptingTraits (0ms)
		AnalyzeDomain (83ms)
			TypeCache.Refresh (23ms)
				TypeCache.ScanAssembly (4ms)
			ScanForSourceGeneratedMonoScriptInfo (41ms)
			ResolveRequiredComponents (18ms)
	FinalizeReload (2765ms)
		ReleaseScriptCaches (0ms)
		RebuildScriptCaches (0ms)
		SetupLoadedEditorAssemblies (1326ms)
			LogAssemblyErrors (0ms)
			InitializePlatformSupportModulesInManaged (48ms)
			SetLoadedEditorAssemblies (11ms)
			RefreshPlugins (0ms)
			BeforeProcessingInitializeOnLoad (302ms)
			ProcessInitializeOnLoadAttributes (856ms)
			ProcessInitializeOnLoadMethodAttributes (105ms)
			AfterProcessingInitializeOnLoad (3ms)
			EditorAssembliesLoaded (1ms)
		ExecutionOrderSort2 (0ms)
		AwakeInstancesAfterBackupRestoration (28ms)
Shader Hidden/ProbeVolume/VoxelizeScene is not supported: GPU does not support conservative rasterization
Refreshing native plugins compatible for Editor in 23.15 ms, found 4 plugins.
Preloading 0 native plugins for Editor in 0.00 ms.
Unloading 7075 Unused Serialized files (Serialized files now loaded: 0)
Unloading 31 unused Assets / (357.6 KB). Loaded Objects now: 7787.
Memory consumption went from 234.7 MB to 234.3 MB.
Total: 7.477000 ms (FindLiveObjects: 0.790000 ms CreateObjectMapping: 0.308000 ms MarkObjects: 6.172500 ms  DeleteObjects: 0.205000 ms)

Prepare: number of updated asset objects reloaded= 0
AssetImportParameters requested are different than current active one (requested -> active):
  custom:container-demuxer-ogg: 62fdf1f143b41e24485cea50d1cbac27 -> 
  custom:framework-win-MediaFoundation: 216162199b28c13a410421893ffa2e32 -> 
  custom:container-muxer-webm: aa71ff27fc2769a1b78a27578f13a17b -> 
  custom:video-decoder-webm-vp8: 9c59270c3fd7afecdb556c50c9e8de78 -> 
  custom:SearchIndexIgnoredProperties: e643bd26f0fe6173181afceb89e7c659 -> 
  custom:AudioImporter_EditorPlatform: d09bf68614088b80899f8185d706f6e7 -> 
  custom:audio-decoder-ogg-vorbis: bf7c407c2cedff20999df2af8eb42d56 -> 
  custom:audio-encoder-webm-vorbis: bf7c407c2cedff20999df2af8eb42d56 -> 
  custom:video-decoder-ogg-theora: a1e56fd34408186e4bbccfd4996cb3dc -> 
  custom:CustomObjectIndexerAttribute: 72b91833f83ae208fae7752999fa3104 -> 
  custom:container-demuxer-webm: 4f35f7cbe854078d1ac9338744f61a02 -> 
  custom:video-encoder-webm-vp8: eb34c28f22e8b96e1ab97ce403110664 -> 
========================================================================
Received Import Request.
  Time since last request: 14.649051 seconds.
  path: Assets/prefabs/Rooms/habitacion2_SubJefe.prefab
  artifactKey: Guid(14762e151fb893b4cb153f560467c5d9) Importer(815301076,1909f56bfc062723c751e8b465ee728b)
Start importing Assets/prefabs/Rooms/habitacion2_SubJefe.prefab using Guid(14762e151fb893b4cb153f560467c5d9) Importer(815301076,1909f56bfc062723c751e8b465ee728b) [PhysX] Initialized MultithreadedTaskDispatcher with 12 workers.
 -> (artifact id: '22883aeddb7d89cbaf60ea6564de858c') in 0.002719 seconds
Number of updated asset objects reloaded before import = 0
Number of asset objects unloaded after import = 0
========================================================================
Received Import Request.
  Time since last request: 0.000048 seconds.
  path: Assets/prefabs/Rooms/habitacionInicio2.prefab
  artifactKey: Guid(2d6019a324ce97a49ad06ee17679504b) Importer(815301076,1909f56bfc062723c751e8b465ee728b)
Start importing Assets/prefabs/Rooms/habitacionInicio2.prefab using Guid(2d6019a324ce97a49ad06ee17679504b) Importer(815301076,1909f56bfc062723c751e8b465ee728b) [PhysX] Initialized MultithreadedTaskDispatcher with 12 workers.
 -> (artifact id: 'e79246e27882b2044c2464121d93532c') in 0.000671 seconds
Number of updated asset objects reloaded before import = 0
Number of asset objects unloaded after import = 0
========================================================================
Received Import Request.
  Time since last request: 10.295689 seconds.
  path: Assets/prefabs/obstaculos/prefab/Nivel2/1.prefab
  artifactKey: Guid(0d0d839f51ebc1b41908761107a3e813) Importer(815301076,1909f56bfc062723c751e8b465ee728b)
Start importing Assets/prefabs/obstaculos/prefab/Nivel2/1.prefab using Guid(0d0d839f51ebc1b41908761107a3e813) Importer(815301076,1909f56bfc062723c751e8b465ee728b) [PhysX] Initialized MultithreadedTaskDispatcher with 12 workers.
 -> (artifact id: '6dbfa2b2fac888286019b7fc2af39c9f') in 0.000520 seconds
Number of updated asset objects reloaded before import = 0
Number of asset objects unloaded after import = 0
========================================================================
Received Import Request.
  Time since last request: 0.000030 seconds.
  path: Assets/prefabs/obstaculos/prefab/Nivel1/3.prefab
  artifactKey: Guid(abb4de839bc5810409607f1992c9dd94) Importer(815301076,1909f56bfc062723c751e8b465ee728b)
Start importing Assets/prefabs/obstaculos/prefab/Nivel1/3.prefab using Guid(abb4de839bc5810409607f1992c9dd94) Importer(815301076,1909f56bfc062723c751e8b465ee728b) [PhysX] Initialized MultithreadedTaskDispatcher with 12 workers.
 -> (artifact id: 'd46d6d86afb70c5b321306a6feac100a') in 0.000591 seconds
Number of updated asset objects reloaded before import = 0
Number of asset objects unloaded after import = 0
========================================================================
Received Import Request.
  Time since last request: 0.033779 seconds.
  path: Assets/prefabs/obstaculos/prefab/Nivel1/4.prefab
  artifactKey: Guid(74fb69e7f12c9c74ba0082be52320534) Importer(815301076,1909f56bfc062723c751e8b465ee728b)
Start importing Assets/prefabs/obstaculos/prefab/Nivel1/4.prefab using Guid(74fb69e7f12c9c74ba0082be52320534) Importer(815301076,1909f56bfc062723c751e8b465ee728b) [PhysX] Initialized MultithreadedTaskDispatcher with 12 workers.
 -> (artifact id: '25e2874aa4a27caea41e2d200a6bb409') in 0.000535 seconds
Number of updated asset objects reloaded before import = 0
Number of asset objects unloaded after import = 0
========================================================================
Received Import Request.
  Time since last request: 0.012481 seconds.
  path: Assets/prefabs/obstaculos/prefab/Nivel2/6.prefab
  artifactKey: Guid(c05fe3a43f0722f47b6bb99abb76d1dd) Importer(815301076,1909f56bfc062723c751e8b465ee728b)
Start importing Assets/prefabs/obstaculos/prefab/Nivel2/6.prefab using Guid(c05fe3a43f0722f47b6bb99abb76d1dd) Importer(815301076,1909f56bfc062723c751e8b465ee728b) [PhysX] Initialized MultithreadedTaskDispatcher with 12 workers.
 -> (artifact id: '2f1d851ca33f87a0e33f06372d218d09') in 0.000463 seconds
Number of updated asset objects reloaded before import = 0
Number of asset objects unloaded after import = 0
========================================================================
Received Import Request.
  Time since last request: 0.000023 seconds.
  path: Assets/prefabs/obstaculos/prefab/Nivel1/7.prefab
  artifactKey: Guid(e14d00335cf9b364ba4f273fb4a7e5d2) Importer(815301076,1909f56bfc062723c751e8b465ee728b)
Start importing Assets/prefabs/obstaculos/prefab/Nivel1/7.prefab using Guid(e14d00335cf9b364ba4f273fb4a7e5d2) Importer(815301076,1909f56bfc062723c751e8b465ee728b) [PhysX] Initialized MultithreadedTaskDispatcher with 12 workers.
 -> (artifact id: '7ec029c8f62426122302ddd358e9b08e') in 0.000466 seconds
Number of updated asset objects reloaded before import = 0
Number of asset objects unloaded after import = 0
========================================================================
Received Import Request.
  Time since last request: 1.182635 seconds.
  path: Assets/prefabs/Drons/DronDisparo.prefab
  artifactKey: Guid(4a63db2349d555647b63a3c925832a90) Importer(815301076,1909f56bfc062723c751e8b465ee728b)
Start importing Assets/prefabs/Drons/DronDisparo.prefab using Guid(4a63db2349d555647b63a3c925832a90) Importer(815301076,1909f56bfc062723c751e8b465ee728b) [PhysX] Initialized MultithreadedTaskDispatcher with 12 workers.
 -> (artifact id: '0fa252a858f805b1ceb3a1f1482de62d') in 0.000612 seconds
Number of updated asset objects reloaded before import = 0
Number of asset objects unloaded after import = 0
========================================================================
Received Import Request.
  Time since last request: 0.120971 seconds.
  path: Assets/sprites/Enemies/Robot_para_Fede.ase
  artifactKey: Guid(147728bbda0d51446a3703300c9becac) Importer(815301076,1909f56bfc062723c751e8b465ee728b)
Start importing Assets/sprites/Enemies/Robot_para_Fede.ase using Guid(147728bbda0d51446a3703300c9becac) Importer(815301076,1909f56bfc062723c751e8b465ee728b) [PhysX] Initialized MultithreadedTaskDispatcher with 12 workers.
[PhysX] Initialized MultithreadedTaskDispatcher with 12 workers.
[PhysX] Initialized MultithreadedTaskDispatcher with 12 workers.
Sprite menu_de_carga3 matches more than one built-in atlases. Default to use the first available atlas.
Sprite menu_de_carga1 matches more than one built-in atlases. Default to use the first available atlas.
Sprite menu_de_carga2 matches more than one built-in atlases. Default to use the first available atlas.
Sprite menu_de_carga4 matches more than one built-in atlases. Default to use the first available atlas.
 -> (artifact id: '490125b5c0ebc7d4d9b66f09b34587b8') in 0.906984 seconds
Number of updated asset objects reloaded before import = 0
Number of asset objects unloaded after import = 1560
========================================================================
Received Import Request.
  Time since last request: 1.031269 seconds.
  path: Assets/prefabs/Rooms/habitacion2_Jefe.prefab
  artifactKey: Guid(9eb1d96d5e248714e894ae6607328362) Importer(815301076,1909f56bfc062723c751e8b465ee728b)
Start importing Assets/prefabs/Rooms/habitacion2_Jefe.prefab using Guid(9eb1d96d5e248714e894ae6607328362) Importer(815301076,1909f56bfc062723c751e8b465ee728b) [PhysX] Initialized MultithreadedTaskDispatcher with 12 workers.
 -> (artifact id: '5e3d12a558b6adbcd885d368d194063d') in 0.001151 seconds
Number of updated asset objects reloaded before import = 0
Number of asset objects unloaded after import = 0
========================================================================
Received Import Request.
  Time since last request: 0.000039 seconds.
  path: Assets/prefabs/Rooms/HabitacionAzul.prefab
  artifactKey: Guid(e0af8eec041d6b8479cc6a490a3db5c2) Importer(815301076,1909f56bfc062723c751e8b465ee728b)
Start importing Assets/prefabs/Rooms/HabitacionAzul.prefab using Guid(e0af8eec041d6b8479cc6a490a3db5c2) Importer(815301076,1909f56bfc062723c751e8b465ee728b) [PhysX] Initialized MultithreadedTaskDispatcher with 12 workers.
 -> (artifact id: '5bc9c4a23f6d91ca121d2d531d47e9a0') in 0.000572 seconds
Number of updated asset objects reloaded before import = 0
Number of asset objects unloaded after import = 0
========================================================================
Received Import Request.
  Time since last request: 0.000022 seconds.
  path: Assets/prefabs/Rooms/HabitacionVioleta.prefab
  artifactKey: Guid(691b0dd054aa2754f99189341e0184c7) Importer(815301076,1909f56bfc062723c751e8b465ee728b)
Start importing Assets/prefabs/Rooms/HabitacionVioleta.prefab using Guid(691b0dd054aa2754f99189341e0184c7) Importer(815301076,1909f56bfc062723c751e8b465ee728b) [PhysX] Initialized MultithreadedTaskDispatcher with 12 workers.
 -> (artifact id: 'c53c9c3aff60d60a07b319e8d0c4f2fe') in 0.000624 seconds
Number of updated asset objects reloaded before import = 0
Number of asset objects unloaded after import = 0
========================================================================
Received Import Request.
  Time since last request: 0.978371 seconds.
  path: Assets/Sounds/Music/Dungeon2.mp3
  artifactKey: Guid(01689b87b5724474caae70928856af56) Importer(815301076,1909f56bfc062723c751e8b465ee728b)
Start importing Assets/Sounds/Music/Dungeon2.mp3 using Guid(01689b87b5724474caae70928856af56) Importer(815301076,1909f56bfc062723c751e8b465ee728b) [PhysX] Initialized MultithreadedTaskDispatcher with 12 workers.
[PhysX] Initialized MultithreadedTaskDispatcher with 12 workers.
 -> (artifact id: '15fc4f804d019d969d97daf285655f06') in 0.376337 seconds
Number of updated asset objects reloaded before import = 0
Number of asset objects unloaded after import = 2
========================================================================
Received Import Request.
  Time since last request: 2.185371 seconds.
  path: Assets/prefabs/Rooms/habitacion2_Jefe.prefab
  artifactKey: Guid(9eb1d96d5e248714e894ae6607328362) Importer(815301076,1909f56bfc062723c751e8b465ee728b)
Start importing Assets/prefabs/Rooms/habitacion2_Jefe.prefab using Guid(9eb1d96d5e248714e894ae6607328362) Importer(815301076,1909f56bfc062723c751e8b465ee728b) [PhysX] Initialized MultithreadedTaskDispatcher with 12 workers.
 -> (artifact id: '5e3d12a558b6adbcd885d368d194063d') in 0.000537 seconds
Number of updated asset objects reloaded before import = 0
Number of asset objects unloaded after import = 0
========================================================================
Received Import Request.
  Time since last request: 0.000022 seconds.
  path: Assets/prefabs/Rooms/HabitacionVerde.prefab
  artifactKey: Guid(708718d3d646cb246a99707cf514e49f) Importer(815301076,1909f56bfc062723c751e8b465ee728b)
Start importing Assets/prefabs/Rooms/HabitacionVerde.prefab using Guid(708718d3d646cb246a99707cf514e49f) Importer(815301076,1909f56bfc062723c751e8b465ee728b) [PhysX] Initialized MultithreadedTaskDispatcher with 12 workers.
 -> (artifact id: '64c59f08d0e61f41fe5d5edeb152a3bf') in 0.000541 seconds
Number of updated asset objects reloaded before import = 0
Number of asset objects unloaded after import = 0
========================================================================
Received Import Request.
  Time since last request: 0.000019 seconds.
  path: Assets/prefabs/Rooms/habitacion2_SubJefe.prefab
  artifactKey: Guid(14762e151fb893b4cb153f560467c5d9) Importer(815301076,1909f56bfc062723c751e8b465ee728b)
Start importing Assets/prefabs/Rooms/habitacion2_SubJefe.prefab using Guid(14762e151fb893b4cb153f560467c5d9) Importer(815301076,1909f56bfc062723c751e8b465ee728b) [PhysX] Initialized MultithreadedTaskDispatcher with 12 workers.
 -> (artifact id: '22883aeddb7d89cbaf60ea6564de858c') in 0.000467 seconds
Number of updated asset objects reloaded before import = 0
Number of asset objects unloaded after import = 0
========================================================================
Received Import Request.
  Time since last request: 0.000070 seconds.
  path: Assets/prefabs/Rooms/habitacionIncial_padre.prefab
  artifactKey: Guid(676893457838e3640b5aa1c342aa21c8) Importer(815301076,1909f56bfc062723c751e8b465ee728b)
Start importing Assets/prefabs/Rooms/habitacionIncial_padre.prefab using Guid(676893457838e3640b5aa1c342aa21c8) Importer(815301076,1909f56bfc062723c751e8b465ee728b) [PhysX] Initialized MultithreadedTaskDispatcher with 12 workers.
 -> (artifact id: '6d515e127d10a3022724f447af4e599c') in 0.000841 seconds
Number of updated asset objects reloaded before import = 0
Number of asset objects unloaded after import = 0
========================================================================
Received Import Request.
  Time since last request: 9.799673 seconds.
  path: Assets/prefabs/obstaculos/prefab/Nivel2/1.prefab
  artifactKey: Guid(0d0d839f51ebc1b41908761107a3e813) Importer(815301076,1909f56bfc062723c751e8b465ee728b)
Start importing Assets/prefabs/obstaculos/prefab/Nivel2/1.prefab using Guid(0d0d839f51ebc1b41908761107a3e813) Importer(815301076,1909f56bfc062723c751e8b465ee728b) [PhysX] Initialized MultithreadedTaskDispatcher with 12 workers.
 -> (artifact id: '6dbfa2b2fac888286019b7fc2af39c9f') in 0.000667 seconds
Number of updated asset objects reloaded before import = 0
Number of asset objects unloaded after import = 0
========================================================================
Received Import Request.
  Time since last request: 0.000026 seconds.
  path: Assets/prefabs/obstaculos/prefab/Nivel1/8.prefab
  artifactKey: Guid(d13a91abef4c4d041a8a76565536a54c) Importer(815301076,1909f56bfc062723c751e8b465ee728b)
Start importing Assets/prefabs/obstaculos/prefab/Nivel1/8.prefab using Guid(d13a91abef4c4d041a8a76565536a54c) Importer(815301076,1909f56bfc062723c751e8b465ee728b) [PhysX] Initialized MultithreadedTaskDispatcher with 12 workers.
 -> (artifact id: '42e2554c67ea7cc334a106e4d2176ed4') in 0.000605 seconds
Number of updated asset objects reloaded before import = 0
Number of asset objects unloaded after import = 0
========================================================================
Received Import Request.
  Time since last request: 0.000032 seconds.
  path: Assets/prefabs/obstaculos/prefab/Nivel2/6.prefab
  artifactKey: Guid(c05fe3a43f0722f47b6bb99abb76d1dd) Importer(815301076,1909f56bfc062723c751e8b465ee728b)
Start importing Assets/prefabs/obstaculos/prefab/Nivel2/6.prefab using Guid(c05fe3a43f0722f47b6bb99abb76d1dd) Importer(815301076,1909f56bfc062723c751e8b465ee728b) [PhysX] Initialized MultithreadedTaskDispatcher with 12 workers.
 -> (artifact id: '2f1d851ca33f87a0e33f06372d218d09') in 0.000479 seconds
Number of updated asset objects reloaded before import = 0
Number of asset objects unloaded after import = 0
========================================================================
Received Import Request.
  Time since last request: 0.000027 seconds.
  path: Assets/prefabs/obstaculos/prefab/Nivel1/5.prefab
  artifactKey: Guid(c7c909629222d5247ab54aa862939ef2) Importer(815301076,1909f56bfc062723c751e8b465ee728b)
Start importing Assets/prefabs/obstaculos/prefab/Nivel1/5.prefab using Guid(c7c909629222d5247ab54aa862939ef2) Importer(815301076,1909f56bfc062723c751e8b465ee728b) [PhysX] Initialized MultithreadedTaskDispatcher with 12 workers.
 -> (artifact id: 'a4f3cf9d8e8581eabca2e047db21121b') in 0.000561 seconds
Number of updated asset objects reloaded before import = 0
Number of asset objects unloaded after import = 0
========================================================================
Received Import Request.
  Time since last request: 0.000025 seconds.
  path: Assets/prefabs/obstaculos/prefab/Nivel2/5.prefab
  artifactKey: Guid(7748476a7a5955a4bbca98fab38b0091) Importer(815301076,1909f56bfc062723c751e8b465ee728b)
Start importing Assets/prefabs/obstaculos/prefab/Nivel2/5.prefab using Guid(7748476a7a5955a4bbca98fab38b0091) Importer(815301076,1909f56bfc062723c751e8b465ee728b) [PhysX] Initialized MultithreadedTaskDispatcher with 12 workers.
 -> (artifact id: 'c762110a690bc20e824147aa0d4209ff') in 0.000609 seconds
Number of updated asset objects reloaded before import = 0
Number of asset objects unloaded after import = 0
========================================================================
Received Import Request.
  Time since last request: 7.063228 seconds.
  path: Assets/prefabs/Rooms/habitacion2_Jefe.prefab
  artifactKey: Guid(9eb1d96d5e248714e894ae6607328362) Importer(815301076,1909f56bfc062723c751e8b465ee728b)
Start importing Assets/prefabs/Rooms/habitacion2_Jefe.prefab using Guid(9eb1d96d5e248714e894ae6607328362) Importer(815301076,1909f56bfc062723c751e8b465ee728b) [PhysX] Initialized MultithreadedTaskDispatcher with 12 workers.
 -> (artifact id: '5e3d12a558b6adbcd885d368d194063d') in 0.000538 seconds
Number of updated asset objects reloaded before import = 0
Number of asset objects unloaded after import = 0
========================================================================
Received Import Request.
  Time since last request: 0.000026 seconds.
  path: Assets/prefabs/Rooms/HabitacionVerde.prefab
  artifactKey: Guid(708718d3d646cb246a99707cf514e49f) Importer(815301076,1909f56bfc062723c751e8b465ee728b)
Start importing Assets/prefabs/Rooms/HabitacionVerde.prefab using Guid(708718d3d646cb246a99707cf514e49f) Importer(815301076,1909f56bfc062723c751e8b465ee728b) [PhysX] Initialized MultithreadedTaskDispatcher with 12 workers.
 -> (artifact id: '64c59f08d0e61f41fe5d5edeb152a3bf') in 0.000497 seconds
Number of updated asset objects reloaded before import = 0
Number of asset objects unloaded after import = 0
========================================================================
Received Import Request.
  Time since last request: 0.000032 seconds.
  path: Assets/prefabs/Rooms/HabitacionVioleta.prefab
  artifactKey: Guid(691b0dd054aa2754f99189341e0184c7) Importer(815301076,1909f56bfc062723c751e8b465ee728b)
Start importing Assets/prefabs/Rooms/HabitacionVioleta.prefab using Guid(691b0dd054aa2754f99189341e0184c7) Importer(815301076,1909f56bfc062723c751e8b465ee728b) [PhysX] Initialized MultithreadedTaskDispatcher with 12 workers.
 -> (artifact id: 'c53c9c3aff60d60a07b319e8d0c4f2fe') in 0.000593 seconds
Number of updated asset objects reloaded before import = 0
Number of asset objects unloaded after import = 0
========================================================================
Received Import Request.
  Time since last request: 0.000024 seconds.
  path: Assets/prefabs/Rooms/habitacionInicio2.prefab
  artifactKey: Guid(2d6019a324ce97a49ad06ee17679504b) Importer(815301076,1909f56bfc062723c751e8b465ee728b)
Start importing Assets/prefabs/Rooms/habitacionInicio2.prefab using Guid(2d6019a324ce97a49ad06ee17679504b) Importer(815301076,1909f56bfc062723c751e8b465ee728b) [PhysX] Initialized MultithreadedTaskDispatcher with 12 workers.
 -> (artifact id: 'e79246e27882b2044c2464121d93532c') in 0.000681 seconds
Number of updated asset objects reloaded before import = 0
Number of asset objects unloaded after import = 0
========================================================================
Received Import Request.
  Time since last request: 6.104139 seconds.
  path: Assets/prefabs/obstaculos/prefab/Nivel2/1.prefab
  artifactKey: Guid(0d0d839f51ebc1b41908761107a3e813) Importer(815301076,1909f56bfc062723c751e8b465ee728b)
Start importing Assets/prefabs/obstaculos/prefab/Nivel2/1.prefab using Guid(0d0d839f51ebc1b41908761107a3e813) Importer(815301076,1909f56bfc062723c751e8b465ee728b) [PhysX] Initialized MultithreadedTaskDispatcher with 12 workers.
 -> (artifact id: '6dbfa2b2fac888286019b7fc2af39c9f') in 0.000653 seconds
Number of updated asset objects reloaded before import = 0
Number of asset objects unloaded after import = 0
========================================================================
Received Import Request.
  Time since last request: 0.000028 seconds.
  path: Assets/prefabs/obstaculos/prefab/Nivel1/8.prefab
  artifactKey: Guid(d13a91abef4c4d041a8a76565536a54c) Importer(815301076,1909f56bfc062723c751e8b465ee728b)
Start importing Assets/prefabs/obstaculos/prefab/Nivel1/8.prefab using Guid(d13a91abef4c4d041a8a76565536a54c) Importer(815301076,1909f56bfc062723c751e8b465ee728b) [PhysX] Initialized MultithreadedTaskDispatcher with 12 workers.
 -> (artifact id: '42e2554c67ea7cc334a106e4d2176ed4') in 0.000662 seconds
Number of updated asset objects reloaded before import = 0
Number of asset objects unloaded after import = 0
========================================================================
Received Import Request.
  Time since last request: 0.000027 seconds.
  path: Assets/prefabs/obstaculos/prefab/Nivel2/8.prefab
  artifactKey: Guid(86f0d7841a124184190a32cb69918950) Importer(815301076,1909f56bfc062723c751e8b465ee728b)
Start importing Assets/prefabs/obstaculos/prefab/Nivel2/8.prefab using Guid(86f0d7841a124184190a32cb69918950) Importer(815301076,1909f56bfc062723c751e8b465ee728b) [PhysX] Initialized MultithreadedTaskDispatcher with 12 workers.
 -> (artifact id: '2616278dc2b845aab4f94d8739d2f190') in 0.000614 seconds
Number of updated asset objects reloaded before import = 0
Number of asset objects unloaded after import = 0
========================================================================
Received Import Request.
  Time since last request: 0.000020 seconds.
  path: Assets/prefabs/obstaculos/prefab/Nivel1/4.prefab
  artifactKey: Guid(74fb69e7f12c9c74ba0082be52320534) Importer(815301076,1909f56bfc062723c751e8b465ee728b)
Start importing Assets/prefabs/obstaculos/prefab/Nivel1/4.prefab using Guid(74fb69e7f12c9c74ba0082be52320534) Importer(815301076,1909f56bfc062723c751e8b465ee728b) [PhysX] Initialized MultithreadedTaskDispatcher with 12 workers.
 -> (artifact id: '25e2874aa4a27caea41e2d200a6bb409') in 0.000625 seconds
Number of updated asset objects reloaded before import = 0
Number of asset objects unloaded after import = 0
========================================================================
Received Import Request.
  Time since last request: 0.000026 seconds.
  path: Assets/prefabs/obstaculos/prefab/Nivel2/3.prefab
  artifactKey: Guid(b51885b2512d03b4f8c8d0b7de16a472) Importer(815301076,1909f56bfc062723c751e8b465ee728b)
Start importing Assets/prefabs/obstaculos/prefab/Nivel2/3.prefab using Guid(b51885b2512d03b4f8c8d0b7de16a472) Importer(815301076,1909f56bfc062723c751e8b465ee728b) [PhysX] Initialized MultithreadedTaskDispatcher with 12 workers.
 -> (artifact id: '0b5294b58420317d4e6f806a166a946c') in 0.000638 seconds
Number of updated asset objects reloaded before import = 0
Number of asset objects unloaded after import = 0
========================================================================
Received Import Request.
  Time since last request: 0.000028 seconds.
  path: Assets/prefabs/obstaculos/prefab/Nivel1/6.prefab
  artifactKey: Guid(d1d6878c6cfb9ec48acb6fffdf0594fa) Importer(815301076,1909f56bfc062723c751e8b465ee728b)
Start importing Assets/prefabs/obstaculos/prefab/Nivel1/6.prefab using Guid(d1d6878c6cfb9ec48acb6fffdf0594fa) Importer(815301076,1909f56bfc062723c751e8b465ee728b) [PhysX] Initialized MultithreadedTaskDispatcher with 12 workers.
 -> (artifact id: 'ef3a660b6ee3cccc9bdb2882a6b37c31') in 0.000583 seconds
Number of updated asset objects reloaded before import = 0
Number of asset objects unloaded after import = 0
========================================================================
Received Import Request.
  Time since last request: 5.644682 seconds.
  path: Assets/prefabs/Rooms/habitacion2_padre.prefab
  artifactKey: Guid(59db9a28a7f3d394e89df524d1a165bf) Importer(815301076,1909f56bfc062723c751e8b465ee728b)
Start importing Assets/prefabs/Rooms/habitacion2_padre.prefab using Guid(59db9a28a7f3d394e89df524d1a165bf) Importer(815301076,1909f56bfc062723c751e8b465ee728b) [PhysX] Initialized MultithreadedTaskDispatcher with 12 workers.
 -> (artifact id: 'b93f6fe8f23b893187c524ce99a9b147') in 0.000576 seconds
Number of updated asset objects reloaded before import = 0
Number of asset objects unloaded after import = 0
========================================================================
Received Import Request.
  Time since last request: 0.000035 seconds.
  path: Assets/prefabs/Rooms/HabitacionAzul.prefab
  artifactKey: Guid(e0af8eec041d6b8479cc6a490a3db5c2) Importer(815301076,1909f56bfc062723c751e8b465ee728b)
Start importing Assets/prefabs/Rooms/HabitacionAzul.prefab using Guid(e0af8eec041d6b8479cc6a490a3db5c2) Importer(815301076,1909f56bfc062723c751e8b465ee728b) [PhysX] Initialized MultithreadedTaskDispatcher with 12 workers.
 -> (artifact id: '5bc9c4a23f6d91ca121d2d531d47e9a0') in 0.000586 seconds
Number of updated asset objects reloaded before import = 0
Number of asset objects unloaded after import = 0
========================================================================
Received Import Request.
  Time since last request: 0.000027 seconds.
  path: Assets/prefabs/Rooms/habitacionInicio2.prefab
  artifactKey: Guid(2d6019a324ce97a49ad06ee17679504b) Importer(815301076,1909f56bfc062723c751e8b465ee728b)
Start importing Assets/prefabs/Rooms/habitacionInicio2.prefab using Guid(2d6019a324ce97a49ad06ee17679504b) Importer(815301076,1909f56bfc062723c751e8b465ee728b) [PhysX] Initialized MultithreadedTaskDispatcher with 12 workers.
 -> (artifact id: 'e79246e27882b2044c2464121d93532c') in 0.000621 seconds
Number of updated asset objects reloaded before import = 0
Number of asset objects unloaded after import = 0
========================================================================
Received Import Request.
  Time since last request: 1.268399 seconds.
  path: Assets/prefabs/Items/Stand/Item1.prefab
  artifactKey: Guid(6f00a1cacd818d64b9edf33899d9d40c) Importer(815301076,1909f56bfc062723c751e8b465ee728b)
Start importing Assets/prefabs/Items/Stand/Item1.prefab using Guid(6f00a1cacd818d64b9edf33899d9d40c) Importer(815301076,1909f56bfc062723c751e8b465ee728b) [PhysX] Initialized MultithreadedTaskDispatcher with 12 workers.
 -> (artifact id: '7eb63d5d2dad1ba476123b560a5131f1') in 0.000473 seconds
Number of updated asset objects reloaded before import = 0
Number of asset objects unloaded after import = 0
========================================================================
Received Import Request.
  Time since last request: 0.000021 seconds.
  path: Assets/prefabs/Items/Stand/Item4.prefab
  artifactKey: Guid(bd355ae3f20d5d54c99c130b32393a12) Importer(815301076,1909f56bfc062723c751e8b465ee728b)
Start importing Assets/prefabs/Items/Stand/Item4.prefab using Guid(bd355ae3f20d5d54c99c130b32393a12) Importer(815301076,1909f56bfc062723c751e8b465ee728b) [PhysX] Initialized MultithreadedTaskDispatcher with 12 workers.
 -> (artifact id: 'a7d68b846d03b7c09548ea2bf74c2997') in 0.000531 seconds
Number of updated asset objects reloaded before import = 0
Number of asset objects unloaded after import = 0
========================================================================
Received Import Request.
  Time since last request: 0.001374 seconds.
  path: Assets/prefabs/Items/Stand/Item7.prefab
  artifactKey: Guid(f461090913edcd64782e4331d1401a97) Importer(815301076,1909f56bfc062723c751e8b465ee728b)
Start importing Assets/prefabs/Items/Stand/Item7.prefab using Guid(f461090913edcd64782e4331d1401a97) Importer(815301076,1909f56bfc062723c751e8b465ee728b) [PhysX] Initialized MultithreadedTaskDispatcher with 12 workers.
 -> (artifact id: '7d5b040c9d5d636c81285394bfca8726') in 0.000702 seconds
Number of updated asset objects reloaded before import = 0
Number of asset objects unloaded after import = 0
========================================================================
Received Import Request.
  Time since last request: 0.000029 seconds.
  path: Assets/prefabs/Items/Stand/Item10.prefab
  artifactKey: Guid(728ffebfcc863c84f8888b45e91f58a8) Importer(815301076,1909f56bfc062723c751e8b465ee728b)
Start importing Assets/prefabs/Items/Stand/Item10.prefab using Guid(728ffebfcc863c84f8888b45e91f58a8) Importer(815301076,1909f56bfc062723c751e8b465ee728b) [PhysX] Initialized MultithreadedTaskDispatcher with 12 workers.
 -> (artifact id: 'e326cb985ca4d87f791b7e51e67df5cc') in 0.000546 seconds
Number of updated asset objects reloaded before import = 0
Number of asset objects unloaded after import = 0
========================================================================
Received Import Request.
  Time since last request: 0.004924 seconds.
  path: Assets/prefabs/Items/Stand/Item13.prefab
  artifactKey: Guid(9b5fee1e2798dc647afdc73b6746b4b3) Importer(815301076,1909f56bfc062723c751e8b465ee728b)
Start importing Assets/prefabs/Items/Stand/Item13.prefab using Guid(9b5fee1e2798dc647afdc73b6746b4b3) Importer(815301076,1909f56bfc062723c751e8b465ee728b) [PhysX] Initialized MultithreadedTaskDispatcher with 12 workers.
 -> (artifact id: 'c272e989bb283fa59c8d4c020fe89100') in 0.000595 seconds
Number of updated asset objects reloaded before import = 0
Number of asset objects unloaded after import = 0
========================================================================
Received Import Request.
  Time since last request: 0.001242 seconds.
  path: Assets/prefabs/Items/Stand/Item16.prefab
  artifactKey: Guid(fbbad8e1529301e40b16d57ff1dc019d) Importer(815301076,1909f56bfc062723c751e8b465ee728b)
Start importing Assets/prefabs/Items/Stand/Item16.prefab using Guid(fbbad8e1529301e40b16d57ff1dc019d) Importer(815301076,1909f56bfc062723c751e8b465ee728b) [PhysX] Initialized MultithreadedTaskDispatcher with 12 workers.
 -> (artifact id: 'ac6d6d09991775a6600cd94d1703ba6c') in 0.000602 seconds
Number of updated asset objects reloaded before import = 0
Number of asset objects unloaded after import = 0
========================================================================
Received Import Request.
  Time since last request: 0.000030 seconds.
  path: Assets/prefabs/Items/Stand/Item20.prefab
  artifactKey: Guid(9c16aebd3488efd469431d80277a18d4) Importer(815301076,1909f56bfc062723c751e8b465ee728b)
Start importing Assets/prefabs/Items/Stand/Item20.prefab using Guid(9c16aebd3488efd469431d80277a18d4) Importer(815301076,1909f56bfc062723c751e8b465ee728b) [PhysX] Initialized MultithreadedTaskDispatcher with 12 workers.
 -> (artifact id: 'c39b487601dda374e9b888ce47f8a6ea') in 0.000646 seconds
Number of updated asset objects reloaded before import = 0
Number of asset objects unloaded after import = 0
========================================================================
Received Import Request.
  Time since last request: 0.000027 seconds.
  path: Assets/prefabs/Items/Stand/Item25.prefab
  artifactKey: Guid(42ee425c0fc2a7c4eb0b608d7d36abba) Importer(815301076,1909f56bfc062723c751e8b465ee728b)
Start importing Assets/prefabs/Items/Stand/Item25.prefab using Guid(42ee425c0fc2a7c4eb0b608d7d36abba) Importer(815301076,1909f56bfc062723c751e8b465ee728b) [PhysX] Initialized MultithreadedTaskDispatcher with 12 workers.
 -> (artifact id: '057892a94e601af02f565d2d961e1b30') in 0.000517 seconds
Number of updated asset objects reloaded before import = 0
Number of asset objects unloaded after import = 0
========================================================================
Received Import Request.
  Time since last request: 0.000024 seconds.
  path: Assets/prefabs/Items/Stand/Item28.prefab
  artifactKey: Guid(b16f825618b7aee419befc83cfff7a10) Importer(815301076,1909f56bfc062723c751e8b465ee728b)
Start importing Assets/prefabs/Items/Stand/Item28.prefab using Guid(b16f825618b7aee419befc83cfff7a10) Importer(815301076,1909f56bfc062723c751e8b465ee728b) [PhysX] Initialized MultithreadedTaskDispatcher with 12 workers.
 -> (artifact id: '082b47b83419b8e9d09083b8d7977524') in 0.000554 seconds
Number of updated asset objects reloaded before import = 0
Number of asset objects unloaded after import = 0
========================================================================
Received Import Request.
  Time since last request: 0.000022 seconds.
  path: Assets/prefabs/Items/Stand/Item30.prefab
  artifactKey: Guid(d63e512c807702c448a4c74084486fa5) Importer(815301076,1909f56bfc062723c751e8b465ee728b)
Start importing Assets/prefabs/Items/Stand/Item30.prefab using Guid(d63e512c807702c448a4c74084486fa5) Importer(815301076,1909f56bfc062723c751e8b465ee728b) [PhysX] Initialized MultithreadedTaskDispatcher with 12 workers.
 -> (artifact id: '23585fc9f8e978a196b8e2ee76e49f2a') in 0.000538 seconds
Number of updated asset objects reloaded before import = 0
Number of asset objects unloaded after import = 0
========================================================================
Received Import Request.
  Time since last request: 0.000028 seconds.
  path: Assets/prefabs/Items/Stand/Item33.prefab
  artifactKey: Guid(6f01cb8f886c4eb4a9cd89a9c187d54c) Importer(815301076,1909f56bfc062723c751e8b465ee728b)
Start importing Assets/prefabs/Items/Stand/Item33.prefab using Guid(6f01cb8f886c4eb4a9cd89a9c187d54c) Importer(815301076,1909f56bfc062723c751e8b465ee728b) [PhysX] Initialized MultithreadedTaskDispatcher with 12 workers.
 -> (artifact id: 'a8c9c152e2411fcc57621196f7fa0fe1') in 0.000590 seconds
Number of updated asset objects reloaded before import = 0
Number of asset objects unloaded after import = 0
========================================================================
Received Import Request.
  Time since last request: 0.000021 seconds.
  path: Assets/prefabs/Items/Stand/Item35.prefab
  artifactKey: Guid(ba6b3e40a4a04564bb2c718b676cf5a3) Importer(815301076,1909f56bfc062723c751e8b465ee728b)
Start importing Assets/prefabs/Items/Stand/Item35.prefab using Guid(ba6b3e40a4a04564bb2c718b676cf5a3) Importer(815301076,1909f56bfc062723c751e8b465ee728b) [PhysX] Initialized MultithreadedTaskDispatcher with 12 workers.
 -> (artifact id: 'b5a84ef85a86cb369905b616a4772c1b') in 0.000564 seconds
Number of updated asset objects reloaded before import = 0
Number of asset objects unloaded after import = 0
========================================================================
Received Import Request.
  Time since last request: 10.332940 seconds.
  path: Assets/prefabs/obstaculos/prefab/Nivel2/1.prefab
  artifactKey: Guid(0d0d839f51ebc1b41908761107a3e813) Importer(815301076,1909f56bfc062723c751e8b465ee728b)
Start importing Assets/prefabs/obstaculos/prefab/Nivel2/1.prefab using Guid(0d0d839f51ebc1b41908761107a3e813) Importer(815301076,1909f56bfc062723c751e8b465ee728b) [PhysX] Initialized MultithreadedTaskDispatcher with 12 workers.
 -> (artifact id: '6dbfa2b2fac888286019b7fc2af39c9f') in 0.000511 seconds
Number of updated asset objects reloaded before import = 0
Number of asset objects unloaded after import = 0
========================================================================
Received Import Request.
  Time since last request: 0.000023 seconds.
  path: Assets/prefabs/obstaculos/prefab/Nivel1/8.prefab
  artifactKey: Guid(d13a91abef4c4d041a8a76565536a54c) Importer(815301076,1909f56bfc062723c751e8b465ee728b)
Start importing Assets/prefabs/obstaculos/prefab/Nivel1/8.prefab using Guid(d13a91abef4c4d041a8a76565536a54c) Importer(815301076,1909f56bfc062723c751e8b465ee728b) [PhysX] Initialized MultithreadedTaskDispatcher with 12 workers.
 -> (artifact id: '42e2554c67ea7cc334a106e4d2176ed4') in 0.000540 seconds
Number of updated asset objects reloaded before import = 0
Number of asset objects unloaded after import = 0
========================================================================
Received Import Request.
  Time since last request: 0.000021 seconds.
  path: Assets/prefabs/obstaculos/prefab/Nivel2/6.prefab
  artifactKey: Guid(c05fe3a43f0722f47b6bb99abb76d1dd) Importer(815301076,1909f56bfc062723c751e8b465ee728b)
Start importing Assets/prefabs/obstaculos/prefab/Nivel2/6.prefab using Guid(c05fe3a43f0722f47b6bb99abb76d1dd) Importer(815301076,1909f56bfc062723c751e8b465ee728b) [PhysX] Initialized MultithreadedTaskDispatcher with 12 workers.
 -> (artifact id: '2f1d851ca33f87a0e33f06372d218d09') in 0.000519 seconds
Number of updated asset objects reloaded before import = 0
Number of asset objects unloaded after import = 0
========================================================================
Received Import Request.
  Time since last request: 0.000035 seconds.
  path: Assets/prefabs/obstaculos/prefab/Nivel1/5.prefab
  artifactKey: Guid(c7c909629222d5247ab54aa862939ef2) Importer(815301076,1909f56bfc062723c751e8b465ee728b)
Start importing Assets/prefabs/obstaculos/prefab/Nivel1/5.prefab using Guid(c7c909629222d5247ab54aa862939ef2) Importer(815301076,1909f56bfc062723c751e8b465ee728b) [PhysX] Initialized MultithreadedTaskDispatcher with 12 workers.
 -> (artifact id: 'a4f3cf9d8e8581eabca2e047db21121b') in 0.000568 seconds
Number of updated asset objects reloaded before import = 0
Number of asset objects unloaded after import = 0
========================================================================
Received Import Request.
  Time since last request: 0.000036 seconds.
  path: Assets/prefabs/obstaculos/prefab/Nivel2/5.prefab
  artifactKey: Guid(7748476a7a5955a4bbca98fab38b0091) Importer(815301076,1909f56bfc062723c751e8b465ee728b)
Start importing Assets/prefabs/obstaculos/prefab/Nivel2/5.prefab using Guid(7748476a7a5955a4bbca98fab38b0091) Importer(815301076,1909f56bfc062723c751e8b465ee728b) [PhysX] Initialized MultithreadedTaskDispatcher with 12 workers.
 -> (artifact id: 'c762110a690bc20e824147aa0d4209ff') in 0.000465 seconds
Number of updated asset objects reloaded before import = 0
Number of asset objects unloaded after import = 0
========================================================================
Received Import Request.
  Time since last request: 6.990759 seconds.
  path: Assets/prefabs/Rooms/habitacion2_Jefe.prefab
  artifactKey: Guid(9eb1d96d5e248714e894ae6607328362) Importer(815301076,1909f56bfc062723c751e8b465ee728b)
Start importing Assets/prefabs/Rooms/habitacion2_Jefe.prefab using Guid(9eb1d96d5e248714e894ae6607328362) Importer(815301076,1909f56bfc062723c751e8b465ee728b) [PhysX] Initialized MultithreadedTaskDispatcher with 12 workers.
 -> (artifact id: '41708ddc10ffcba7abaa50b2f248cfe2') in 0.000630 seconds
Number of updated asset objects reloaded before import = 0
Number of asset objects unloaded after import = 0
========================================================================
Received Import Request.
  Time since last request: 0.000021 seconds.
  path: Assets/prefabs/Rooms/HabitacionAzul.prefab
  artifactKey: Guid(e0af8eec041d6b8479cc6a490a3db5c2) Importer(815301076,1909f56bfc062723c751e8b465ee728b)
Start importing Assets/prefabs/Rooms/HabitacionAzul.prefab using Guid(e0af8eec041d6b8479cc6a490a3db5c2) Importer(815301076,1909f56bfc062723c751e8b465ee728b) [PhysX] Initialized MultithreadedTaskDispatcher with 12 workers.
 -> (artifact id: '5bc9c4a23f6d91ca121d2d531d47e9a0') in 0.000424 seconds
Number of updated asset objects reloaded before import = 0
Number of asset objects unloaded after import = 0
========================================================================
Received Import Request.
  Time since last request: 0.000028 seconds.
  path: Assets/prefabs/Rooms/HabitacionVioleta.prefab
  artifactKey: Guid(691b0dd054aa2754f99189341e0184c7) Importer(815301076,1909f56bfc062723c751e8b465ee728b)
Start importing Assets/prefabs/Rooms/HabitacionVioleta.prefab using Guid(691b0dd054aa2754f99189341e0184c7) Importer(815301076,1909f56bfc062723c751e8b465ee728b) [PhysX] Initialized MultithreadedTaskDispatcher with 12 workers.
 -> (artifact id: 'c53c9c3aff60d60a07b319e8d0c4f2fe') in 0.000559 seconds
Number of updated asset objects reloaded before import = 0
Number of asset objects unloaded after import = 0
========================================================================
Received Prepare
Caller must complete domain reload
Begin MonoManager ReloadAssembly
Symbol file LoadedFromMemory is not a mono symbol file
- Loaded All Assemblies, in  1.049 seconds
Native extension for WindowsStandalone target not found
Native extension for Android target not found
[Package Manager] Server::EnsureServerProcessIsRunning -- launch failed, reason: Unity was launched with the -noUpm command-line argument
[Package Manager] UpmClient::Send -- Unable to send message (not connected to UPM process).
[Package Manager] Cannot connect to Unity Package Manager local server
Mono: successfully reloaded assembly
- Finished resetting the current domain, in  2.871 seconds
Domain Reload Profiling: 3914ms
	BeginReloadAssembly (349ms)
		ExecutionOrderSort (0ms)
		DisableScriptedObjects (37ms)
		BackupInstance (0ms)
		ReleaseScriptingObjects (0ms)
		CreateAndSetChildDomain (80ms)
	RebuildCommonClasses (48ms)
	RebuildNativeTypeToScriptingClass (19ms)
	initialDomainReloadingComplete (58ms)
	LoadAllAssembliesAndSetupDomain (567ms)
		LoadAssemblies (719ms)
		RebuildTransferFunctionScriptingTraits (0ms)
		AnalyzeDomain (30ms)
			TypeCache.Refresh (8ms)
				TypeCache.ScanAssembly (0ms)
			ScanForSourceGeneratedMonoScriptInfo (0ms)
			ResolveRequiredComponents (20ms)
	FinalizeReload (2872ms)
		ReleaseScriptCaches (0ms)
		RebuildScriptCaches (0ms)
		SetupLoadedEditorAssemblies (1448ms)
			LogAssemblyErrors (0ms)
			InitializePlatformSupportModulesInManaged (41ms)
			SetLoadedEditorAssemblies (11ms)
			RefreshPlugins (0ms)
			BeforeProcessingInitializeOnLoad (315ms)
			ProcessInitializeOnLoadAttributes (957ms)
			ProcessInitializeOnLoadMethodAttributes (119ms)
			AfterProcessingInitializeOnLoad (5ms)
			EditorAssembliesLoaded (1ms)
		ExecutionOrderSort2 (0ms)
		AwakeInstancesAfterBackupRestoration (32ms)
Switching render pipeline e23abffd4ca40a840b370f99035147df -> 681886c5eb7344803b6206f758bf0b1c
Shader Hidden/ProbeVolume/VoxelizeScene is not supported: GPU does not support conservative rasterization
Refreshing native plugins compatible for Editor in 20.87 ms, found 4 plugins.
Preloading 0 native plugins for Editor in 0.00 ms.
Unloading 7075 Unused Serialized files (Serialized files now loaded: 0)
Unloading 31 unused Assets / (357.7 KB). Loaded Objects now: 7835.
Memory consumption went from 234.9 MB to 234.6 MB.
Total: 7.226800 ms (FindLiveObjects: 0.959600 ms CreateObjectMapping: 1.004000 ms MarkObjects: 5.115600 ms  DeleteObjects: 0.146000 ms)

Prepare: number of updated asset objects reloaded= 0
AssetImportParameters requested are different than current active one (requested -> active):
  custom:container-demuxer-ogg: 62fdf1f143b41e24485cea50d1cbac27 -> 
  custom:framework-win-MediaFoundation: 216162199b28c13a410421893ffa2e32 -> 
  custom:container-muxer-webm: aa71ff27fc2769a1b78a27578f13a17b -> 
  custom:video-decoder-webm-vp8: 9c59270c3fd7afecdb556c50c9e8de78 -> 
  custom:SearchIndexIgnoredProperties: e643bd26f0fe6173181afceb89e7c659 -> 
  custom:AudioImporter_EditorPlatform: d09bf68614088b80899f8185d706f6e7 -> 
  custom:audio-decoder-ogg-vorbis: bf7c407c2cedff20999df2af8eb42d56 -> 
  custom:audio-encoder-webm-vorbis: bf7c407c2cedff20999df2af8eb42d56 -> 
  custom:srp/default-pipeline: 8681685cbe374408b326607f85fbb0c1 -> 2ea3fbdfc44aa048b073f099301574fd
  custom:video-decoder-ogg-theora: a1e56fd34408186e4bbccfd4996cb3dc -> 
  custom:CustomObjectIndexerAttribute: 72b91833f83ae208fae7752999fa3104 -> 
  custom:container-demuxer-webm: 4f35f7cbe854078d1ac9338744f61a02 -> 
  custom:video-encoder-webm-vp8: eb34c28f22e8b96e1ab97ce403110664 -> 
Editor requested this worker to shutdown with reason: Scaling down because of idle timeout
TcpMessagingSession - receive error: operation aborted. errorcode: 995, details: La operacin de E/S se anul por una salida de subproceso o por una solicitud de aplicacin.
AssetImportWorker is now disconnected from the server
Process exiting
Exiting without the bug reporter. Application will terminate with return code 0