Using pre-set license
Built from '2022.3/staging' branch; Version is '2022.3.40f1 (cbdda657d2f0) revision 13360550'; Using compiler version '192829333'; Build Type 'Release'
OS: 'Windows 10  (10.0.19045) 64bit Professional' Language: 'es' Physical Memory: 16332 MB
BatchMode: 1, IsHumanControllingUs: 0, StartBugReporterOnCrash: 0, Is64bit: 1, IsPro: 1

COMMAND LINE ARGUMENTS:
F:\Unity\archivos\2022.3.40f1\Editor\Unity.exe
-adb2
-batchMode
-noUpm
-name
AssetImportWorker2
-projectPath
F:/Github/Dungeons-Races/Dungeons&Races
-logFile
Logs/AssetImportWorker2.log
-srvPort
54087
Successfully changed project path to: F:/Github/Dungeons-Races/Dungeons&Races
F:/Github/Dungeons-Races/Dungeons&Races
[UnityMemory] Configuration Parameters - Can be set up in boot.config
    "memorysetup-bucket-allocator-granularity=16"
    "memorysetup-bucket-allocator-bucket-count=8"
    "memorysetup-bucket-allocator-block-size=33554432"
    "memorysetup-bucket-allocator-block-count=8"
    "memorysetup-main-allocator-block-size=16777216"
    "memorysetup-thread-allocator-block-size=16777216"
    "memorysetup-gfx-main-allocator-block-size=16777216"
    "memorysetup-gfx-thread-allocator-block-size=16777216"
    "memorysetup-cache-allocator-block-size=4194304"
    "memorysetup-typetree-allocator-block-size=2097152"
    "memorysetup-profiler-bucket-allocator-granularity=16"
    "memorysetup-profiler-bucket-allocator-bucket-count=8"
    "memorysetup-profiler-bucket-allocator-block-size=33554432"
    "memorysetup-profiler-bucket-allocator-block-count=8"
    "memorysetup-profiler-allocator-block-size=16777216"
    "memorysetup-profiler-editor-allocator-block-size=1048576"
    "memorysetup-temp-allocator-size-main=16777216"
    "memorysetup-job-temp-allocator-block-size=2097152"
    "memorysetup-job-temp-allocator-block-size-background=1048576"
    "memorysetup-job-temp-allocator-reduction-small-platforms=262144"
    "memorysetup-allocator-temp-initial-block-size-main=262144"
    "memorysetup-allocator-temp-initial-block-size-worker=262144"
    "memorysetup-temp-allocator-size-background-worker=32768"
    "memorysetup-temp-allocator-size-job-worker=262144"
    "memorysetup-temp-allocator-size-preload-manager=33554432"
    "memorysetup-temp-allocator-size-nav-mesh-worker=65536"
    "memorysetup-temp-allocator-size-audio-worker=65536"
    "memorysetup-temp-allocator-size-cloud-worker=32768"
    "memorysetup-temp-allocator-size-gi-baking-worker=262144"
    "memorysetup-temp-allocator-size-gfx=262144"
Player connection [1432]  Target information:

Player connection [1432]  * "[IP] 10.10.100.95 [Port] 0 [Flags] 2 [Guid] 3777758545 [EditorId] 3777758545 [Version] 1048832 [Id] WindowsEditor(7,DESKTOP-KSFICS1) [Debug] 1 [PackageName] WindowsEditor [ProjectName] Editor" 

Player connection [1432] Host joined multi-casting on [225.0.0.222:54997]...
Player connection [1432] Host joined alternative multi-casting on [225.0.0.222:34997]...
[PhysX] Initialized MultithreadedTaskDispatcher with 12 workers.
Refreshing native plugins compatible for Editor in 34.82 ms, found 4 plugins.
Preloading 0 native plugins for Editor in 0.00 ms.
Initialize engine version: 2022.3.40f1 (cbdda657d2f0)
[Subsystems] Discovering subsystems at path F:/Unity/archivos/2022.3.40f1/Editor/Data/Resources/UnitySubsystems
[Subsystems] Discovering subsystems at path F:/Github/Dungeons-Races/Dungeons&Races/Assets
GfxDevice: creating device client; threaded=0; jobified=0
Direct3D:
    Version:  Direct3D 11.0 [level 11.1]
    Renderer: Radeon RX 580 Series (ID=0x67df)
    Vendor:   ATI
    VRAM:     8170 MB
    Driver:   31.0.21921.1000
Shader Hidden/ProbeVolume/VoxelizeScene is not supported: GPU does not support conservative rasterization
Initialize mono
Mono path[0] = 'F:/Unity/archivos/2022.3.40f1/Editor/Data/Managed'
Mono path[1] = 'F:/Unity/archivos/2022.3.40f1/Editor/Data/MonoBleedingEdge/lib/mono/unityjit-win32'
Mono config path = 'F:/Unity/archivos/2022.3.40f1/Editor/Data/MonoBleedingEdge/etc'
Using monoOptions --debugger-agent=transport=dt_socket,embedding=1,server=y,suspend=n,address=127.0.0.1:56760
Begin MonoManager ReloadAssembly
Registering precompiled unity dll's ...
Register platform support module: F:/Unity/archivos/2022.3.40f1/Editor/Data/PlaybackEngines/AndroidPlayer/UnityEditor.Android.Extensions.dll
Register platform support module: F:/Unity/archivos/2022.3.40f1/Editor/Data/PlaybackEngines/WindowsStandaloneSupport/UnityEditor.WindowsStandalone.Extensions.dll
Registered in 0.007467 seconds.
- Loaded All Assemblies, in  0.467 seconds
Native extension for WindowsStandalone target not found
Native extension for Android target not found
Android Extension - Scanning For ADB Devices 371 ms
Mono: successfully reloaded assembly
- Finished resetting the current domain, in  0.788 seconds
Domain Reload Profiling: 1255ms
	BeginReloadAssembly (161ms)
		ExecutionOrderSort (0ms)
		DisableScriptedObjects (0ms)
		BackupInstance (0ms)
		ReleaseScriptingObjects (0ms)
		CreateAndSetChildDomain (1ms)
	RebuildCommonClasses (44ms)
	RebuildNativeTypeToScriptingClass (13ms)
	initialDomainReloadingComplete (64ms)
	LoadAllAssembliesAndSetupDomain (184ms)
		LoadAssemblies (163ms)
		RebuildTransferFunctionScriptingTraits (0ms)
		AnalyzeDomain (178ms)
			TypeCache.Refresh (176ms)
				TypeCache.ScanAssembly (161ms)
			ScanForSourceGeneratedMonoScriptInfo (0ms)
			ResolveRequiredComponents (1ms)
	FinalizeReload (788ms)
		ReleaseScriptCaches (0ms)
		RebuildScriptCaches (0ms)
		SetupLoadedEditorAssemblies (729ms)
			LogAssemblyErrors (0ms)
			InitializePlatformSupportModulesInManaged (500ms)
			SetLoadedEditorAssemblies (6ms)
			RefreshPlugins (0ms)
			BeforeProcessingInitializeOnLoad (3ms)
			ProcessInitializeOnLoadAttributes (157ms)
			ProcessInitializeOnLoadMethodAttributes (63ms)
			AfterProcessingInitializeOnLoad (0ms)
			EditorAssembliesLoaded (0ms)
		ExecutionOrderSort2 (0ms)
		AwakeInstancesAfterBackupRestoration (0ms)
========================================================================
Worker process is ready to serve import requests
Caller must complete domain reload
Begin MonoManager ReloadAssembly
Symbol file LoadedFromMemory is not a mono symbol file
- Loaded All Assemblies, in  1.225 seconds
Native extension for WindowsStandalone target not found
Native extension for Android target not found
Package Manager log level set to [2]
[Package Manager] Server::EnsureServerProcessIsRunning -- launch failed, reason: Unity was launched with the -noUpm command-line argument
[Package Manager] UpmClient::Send -- Unable to send message (not connected to UPM process).
[Package Manager] Cannot connect to Unity Package Manager local server
Mono: successfully reloaded assembly
- Finished resetting the current domain, in  1.473 seconds
Domain Reload Profiling: 2697ms
	BeginReloadAssembly (219ms)
		ExecutionOrderSort (0ms)
		DisableScriptedObjects (11ms)
		BackupInstance (0ms)
		ReleaseScriptingObjects (0ms)
		CreateAndSetChildDomain (28ms)
	RebuildCommonClasses (46ms)
	RebuildNativeTypeToScriptingClass (13ms)
	initialDomainReloadingComplete (53ms)
	LoadAllAssembliesAndSetupDomain (893ms)
		LoadAssemblies (658ms)
		RebuildTransferFunctionScriptingTraits (0ms)
		AnalyzeDomain (367ms)
			TypeCache.Refresh (301ms)
				TypeCache.ScanAssembly (273ms)
			ScanForSourceGeneratedMonoScriptInfo (48ms)
			ResolveRequiredComponents (17ms)
	FinalizeReload (1474ms)
		ReleaseScriptCaches (0ms)
		RebuildScriptCaches (0ms)
		SetupLoadedEditorAssemblies (1241ms)
			LogAssemblyErrors (0ms)
			InitializePlatformSupportModulesInManaged (33ms)
			SetLoadedEditorAssemblies (8ms)
			RefreshPlugins (0ms)
			BeforeProcessingInitializeOnLoad (265ms)
			ProcessInitializeOnLoadAttributes (820ms)
			ProcessInitializeOnLoadMethodAttributes (110ms)
			AfterProcessingInitializeOnLoad (4ms)
			EditorAssembliesLoaded (0ms)
		ExecutionOrderSort2 (0ms)
		AwakeInstancesAfterBackupRestoration (8ms)
Switching render pipeline e23abffd4ca40a840b370f99035147df -> 681886c5eb7344803b6206f758bf0b1c
Shader Hidden/ProbeVolume/VoxelizeScene is not supported: GPU does not support conservative rasterization
Launched and connected shader compiler UnityShaderCompiler.exe after 0.14 seconds
Refreshing native plugins compatible for Editor in 15.46 ms, found 4 plugins.
Preloading 0 native plugins for Editor in 0.00 ms.
Unloading 6862 Unused Serialized files (Serialized files now loaded: 0)
Unloading 44 unused Assets / (349.7 KB). Loaded Objects now: 7340.
Memory consumption went from 258.2 MB to 257.8 MB.
Total: 5.955200 ms (FindLiveObjects: 0.681200 ms CreateObjectMapping: 0.274100 ms MarkObjects: 4.780100 ms  DeleteObjects: 0.218000 ms)

AssetImportParameters requested are different than current active one (requested -> active):
  custom:scripting/monoscript/fileName/NavMeshSurface.cs: bae6a604140e0a250291b1e16f121d39 -> 1cd02bcdec9d22fff74c99422329f637
  custom:container-demuxer-ogg: 62fdf1f143b41e24485cea50d1cbac27 -> 
  custom:scripting/monoscript/fileName/NavMeshModifierVolumeEditor.cs: 7e6bbc17cd7e779c3d06fc75f9f2b39b -> 9ff23c1c3f57fe2d5f4522b7b3750d5d
  custom:scripting/monoscript/fileName/NavMeshExtension.cs: e94d5e8039b3059958b75f580b01d92d -> f2880cc340f13915f85c8de1a56c5b36
  custom:framework-win-MediaFoundation: 216162199b28c13a410421893ffa2e32 -> 
  custom:scripting/monoscript/fileName/CollectSourcesCache2d.cs: ef9ad2377268615344096e75083c8362 -> 25a2fc54d6daa18dc264d5d4cee75246
  custom:scripting/monoscript/fileName/AgentOverride2dEditor.cs: 7b85b8c8ae9e924b8a510b0d6b3daf11 -> 6de205457008ed0fb4e3092b0c3c5865
  custom:scripting/monoscript/fileName/NavMeshSurfaceEditor.cs: d5a0843d2312cde0b1c28f0080a4ffce -> 2129d1e3360abae92b79358f48c31e11
  custom:scripting/monoscript/fileName/NavMeshModifierVolume.cs: c8686175e50db42ddb3dadad334fb8b8 -> 0ce026f1094606c8a54952ab73721471
  custom:scripting/monoscript/fileName/NavMeshModifierEditor.cs: 6a838d6e9a382004fdd4a198d570d3d5 -> 07f56655059b4b41c3dd29ef40cb7f73
  custom:container-muxer-webm: aa71ff27fc2769a1b78a27578f13a17b -> 
  custom:video-decoder-webm-vp8: 9c59270c3fd7afecdb556c50c9e8de78 -> 
  custom:SearchIndexIgnoredProperties: e643bd26f0fe6173181afceb89e7c659 -> 
  custom:scripting/monoscript/fileName/NavMeshLinkEditor.cs: 3e28cb06a4458bea05fc23807cbea86a -> 27a612e605519f2563b5eebb8ecf2c15
  custom:AudioImporter_EditorPlatform: d09bf68614088b80899f8185d706f6e7 -> 
  custom:scripting/monoscript/fileName/RotateAgentInstantly.cs: 05117f7ed360a6cb94be5b626b2a83e3 -> ad87b628ef97add4b69a6c7ee7f415df
  custom:scripting/monoscript/fileName/CollectSources2d.cs: bb9f7096d86c26999605ddd07da0513c -> c3bca549cfe734d766ea29e1c1865842
  custom:scripting/monoscript/fileName/NavMeshBuilder2d.cs: a49d48d3da4f389d3d1a63af99f44908 -> d3b8c2725a9cd9e98a701a88e05c8b47
  custom:scripting/monoscript/fileName/NavMeshLink.cs: 3f17e74c0294932c496e8f34e2c56725 -> e14e05ace48bbb07a523202228054a2d
  custom:scripting/monoscript/fileName/RootSources2dEditor.cs: 8f23ce79429f9bec6963e6c627dfe8ca -> 73a24493fd3383cfe13e4b704142b0a3
  custom:audio-decoder-ogg-vorbis: bf7c407c2cedff20999df2af8eb42d56 -> 
  custom:scripting/monoscript/fileName/NavMeshExtensionsProvider.cs: baa1efe47e0876ea2ac481e48403c86c -> 69e6f55ea01b350798a9a6877d8f1980
  custom:audio-encoder-webm-vorbis: bf7c407c2cedff20999df2af8eb42d56 -> 
  custom:scripting/monoscript/fileName/AgentRotate2d.cs: eb1e8c53a7e9fa9677eadf6a2b0d0a06 -> 4fc9bf049e642c22bb70a10bd6141854
  custom:srp/default-pipeline: 8681685cbe374408b326607f85fbb0c1 -> 2ea3fbdfc44aa048b073f099301574fd
  custom:video-decoder-ogg-theora: a1e56fd34408186e4bbccfd4996cb3dc -> 
  custom:scripting/monoscript/fileName/NavMeshComponentsGUIUtility.cs: 858095d4f43c046839d52d1184fe9aa9 -> c36fbfafc49fa17941fd91bcea1fc8aa
  custom:CustomObjectIndexerAttribute: 72b91833f83ae208fae7752999fa3104 -> 
  custom:scripting/monoscript/fileName/NavMeshAssetManager.cs: 6a40bbc79f60886673a78caf6d85873e -> 520a1130381647e06575ec6ac4473f2b
  custom:container-demuxer-webm: 4f35f7cbe854078d1ac9338744f61a02 -> 
  custom:scripting/monoscript/fileName/CollectSources2dEditor.cs: 01a1d5eec2b6a89241393965f03694a9 -> b7e0ba2599756384eb5c465d845f955e
  custom:scripting/monoscript/fileName/RotateAgentSmoothly.cs: 865173d6911e851991cb5b638a3589e6 -> 862431bad16f34c4c67f6b9b39eb0ef7
  custom:scripting/monoscript/fileName/NavMeshModifier.cs: ad03a8a61dfc41a66a94a2031b0902b1 -> 08c148f5182ce13ca868880b0ccc03b9
  custom:scripting/monoscript/fileName/NavMeshBuilderState.cs: 10105a06fe75ca7e8c402c767365445e -> 6d7f164db587b9d55ca8274fbe918c8a
  custom:scripting/monoscript/fileName/RootSources2d.cs: 1d25637805cceca39c048fed8663e586 -> b5ed6c198f25e32663e8eb90cc749880
  custom:video-encoder-webm-vp8: eb34c28f22e8b96e1ab97ce403110664 -> 
  custom:scripting/monoscript/fileName/AgentOverride2d.cs: da2d6722b2568d4ce7ce71915ecf589b -> 866bbdb2fb2e2b9168f317739e51c882
  custom:scripting/monoscript/fileName/AgentRotateSmooth2d.cs: 12b2423c8d5c77669ffc7dc24bbe64b0 -> 5bf90977ac15dd6e18f747d1f81e4170
  custom:scripting/monoscript/fileName/CollectSourcesCache2dEditor.cs: 55deae6ec0f16ac740f943eff9452dbd -> 7923a05fa1d7bc1f80ceaccaa5f228e0
========================================================================
Received Prepare
Shader Hidden/ProbeVolume/VoxelizeScene is not supported: GPU does not support conservative rasterization
Refreshing native plugins compatible for Editor in 15.49 ms, found 4 plugins.
Preloading 0 native plugins for Editor in 0.00 ms.
Unloading 2 Unused Serialized files (Serialized files now loaded: 0)
Unloading 2 unused Assets / (290.7 KB). Loaded Objects now: 7340.
Memory consumption went from 123.9 MB to 123.6 MB.
Total: 4.682700 ms (FindLiveObjects: 0.589800 ms CreateObjectMapping: 0.195400 ms MarkObjects: 3.813600 ms  DeleteObjects: 0.082900 ms)

Prepare: number of updated asset objects reloaded= 0
AssetImportParameters requested are different than current active one (requested -> active):
  custom:scripting/monoscript/fileName/NavMeshSurface.cs: bae6a604140e0a250291b1e16f121d39 -> 1cd02bcdec9d22fff74c99422329f637
  custom:container-demuxer-ogg: 62fdf1f143b41e24485cea50d1cbac27 -> 
  custom:scripting/monoscript/fileName/NavMeshModifierVolumeEditor.cs: 7e6bbc17cd7e779c3d06fc75f9f2b39b -> 9ff23c1c3f57fe2d5f4522b7b3750d5d
  custom:scripting/monoscript/fileName/NavMeshExtension.cs: e94d5e8039b3059958b75f580b01d92d -> f2880cc340f13915f85c8de1a56c5b36
  custom:framework-win-MediaFoundation: 216162199b28c13a410421893ffa2e32 -> 
  custom:scripting/monoscript/fileName/CollectSourcesCache2d.cs: ef9ad2377268615344096e75083c8362 -> 25a2fc54d6daa18dc264d5d4cee75246
  custom:scripting/monoscript/fileName/AgentOverride2dEditor.cs: 7b85b8c8ae9e924b8a510b0d6b3daf11 -> 6de205457008ed0fb4e3092b0c3c5865
  custom:scripting/monoscript/fileName/NavMeshSurfaceEditor.cs: d5a0843d2312cde0b1c28f0080a4ffce -> 2129d1e3360abae92b79358f48c31e11
  custom:scripting/monoscript/fileName/NavMeshModifierVolume.cs: c8686175e50db42ddb3dadad334fb8b8 -> 0ce026f1094606c8a54952ab73721471
  custom:scripting/monoscript/fileName/NavMeshModifierEditor.cs: 6a838d6e9a382004fdd4a198d570d3d5 -> 07f56655059b4b41c3dd29ef40cb7f73
  custom:container-muxer-webm: aa71ff27fc2769a1b78a27578f13a17b -> 
  custom:video-decoder-webm-vp8: 9c59270c3fd7afecdb556c50c9e8de78 -> 
  custom:SearchIndexIgnoredProperties: e643bd26f0fe6173181afceb89e7c659 -> 
  custom:scripting/monoscript/fileName/NavMeshLinkEditor.cs: 3e28cb06a4458bea05fc23807cbea86a -> 27a612e605519f2563b5eebb8ecf2c15
  custom:AudioImporter_EditorPlatform: d09bf68614088b80899f8185d706f6e7 -> 
  custom:scripting/monoscript/fileName/RotateAgentInstantly.cs: 05117f7ed360a6cb94be5b626b2a83e3 -> ad87b628ef97add4b69a6c7ee7f415df
  custom:scripting/monoscript/fileName/CollectSources2d.cs: bb9f7096d86c26999605ddd07da0513c -> c3bca549cfe734d766ea29e1c1865842
  custom:scripting/monoscript/fileName/NavMeshBuilder2d.cs: a49d48d3da4f389d3d1a63af99f44908 -> d3b8c2725a9cd9e98a701a88e05c8b47
  custom:scripting/monoscript/fileName/NavMeshLink.cs: 3f17e74c0294932c496e8f34e2c56725 -> e14e05ace48bbb07a523202228054a2d
  custom:scripting/monoscript/fileName/RootSources2dEditor.cs: 8f23ce79429f9bec6963e6c627dfe8ca -> 73a24493fd3383cfe13e4b704142b0a3
  custom:audio-decoder-ogg-vorbis: bf7c407c2cedff20999df2af8eb42d56 -> 
  custom:scripting/monoscript/fileName/NavMeshExtensionsProvider.cs: baa1efe47e0876ea2ac481e48403c86c -> 69e6f55ea01b350798a9a6877d8f1980
  custom:audio-encoder-webm-vorbis: bf7c407c2cedff20999df2af8eb42d56 -> 
  custom:scripting/monoscript/fileName/AgentRotate2d.cs: eb1e8c53a7e9fa9677eadf6a2b0d0a06 -> 4fc9bf049e642c22bb70a10bd6141854
  custom:video-decoder-ogg-theora: a1e56fd34408186e4bbccfd4996cb3dc -> 
  custom:scripting/monoscript/fileName/NavMeshComponentsGUIUtility.cs: 858095d4f43c046839d52d1184fe9aa9 -> c36fbfafc49fa17941fd91bcea1fc8aa
  custom:CustomObjectIndexerAttribute: 72b91833f83ae208fae7752999fa3104 -> 
  custom:scripting/monoscript/fileName/NavMeshAssetManager.cs: 6a40bbc79f60886673a78caf6d85873e -> 520a1130381647e06575ec6ac4473f2b
  custom:container-demuxer-webm: 4f35f7cbe854078d1ac9338744f61a02 -> 
  custom:scripting/monoscript/fileName/CollectSources2dEditor.cs: 01a1d5eec2b6a89241393965f03694a9 -> b7e0ba2599756384eb5c465d845f955e
  custom:scripting/monoscript/fileName/RotateAgentSmoothly.cs: 865173d6911e851991cb5b638a3589e6 -> 862431bad16f34c4c67f6b9b39eb0ef7
  custom:scripting/monoscript/fileName/NavMeshModifier.cs: ad03a8a61dfc41a66a94a2031b0902b1 -> 08c148f5182ce13ca868880b0ccc03b9
  custom:scripting/monoscript/fileName/NavMeshBuilderState.cs: 10105a06fe75ca7e8c402c767365445e -> 6d7f164db587b9d55ca8274fbe918c8a
  custom:scripting/monoscript/fileName/RootSources2d.cs: 1d25637805cceca39c048fed8663e586 -> b5ed6c198f25e32663e8eb90cc749880
  custom:video-encoder-webm-vp8: eb34c28f22e8b96e1ab97ce403110664 -> 
  custom:scripting/monoscript/fileName/AgentOverride2d.cs: da2d6722b2568d4ce7ce71915ecf589b -> 866bbdb2fb2e2b9168f317739e51c882
  custom:scripting/monoscript/fileName/AgentRotateSmooth2d.cs: 12b2423c8d5c77669ffc7dc24bbe64b0 -> 5bf90977ac15dd6e18f747d1f81e4170
  custom:scripting/monoscript/fileName/CollectSourcesCache2dEditor.cs: 55deae6ec0f16ac740f943eff9452dbd -> 7923a05fa1d7bc1f80ceaccaa5f228e0
========================================================================
Received Import Request.
  Time since last request: 13052.293789 seconds.
  path: Assets/prefabs/Enemies/acido_rosa.prefab
  artifactKey: Guid(8808b489991a699429fc272fb7040279) Importer(815301076,1909f56bfc062723c751e8b465ee728b)
Start importing Assets/prefabs/Enemies/acido_rosa.prefab using Guid(8808b489991a699429fc272fb7040279) Importer(815301076,1909f56bfc062723c751e8b465ee728b) [PhysX] Initialized MultithreadedTaskDispatcher with 12 workers.
[PhysX] Initialized MultithreadedTaskDispatcher with 12 workers.
Sprite menu_de_carga3 matches more than one built-in atlases. Default to use the first available atlas.
Sprite menu_de_carga1 matches more than one built-in atlases. Default to use the first available atlas.
Sprite menu_de_carga2 matches more than one built-in atlases. Default to use the first available atlas.
Sprite menu_de_carga4 matches more than one built-in atlases. Default to use the first available atlas.
 -> (artifact id: '356016d6b6a64cb6727636f82d0cac0e') in 0.551657 seconds
Number of updated asset objects reloaded before import = 0
Number of asset objects unloaded after import = 1425
========================================================================
Received Import Request.
  Time since last request: 10.482090 seconds.
  path: Assets/prefabs/Enemies/Boss.prefab
  artifactKey: Guid(effa6e65f735b3a43968c969e929933c) Importer(815301076,1909f56bfc062723c751e8b465ee728b)
Start importing Assets/prefabs/Enemies/Boss.prefab using Guid(effa6e65f735b3a43968c969e929933c) Importer(815301076,1909f56bfc062723c751e8b465ee728b) [PhysX] Initialized MultithreadedTaskDispatcher with 12 workers.
[PhysX] Initialized MultithreadedTaskDispatcher with 12 workers.
Sprite menu_de_carga3 matches more than one built-in atlases. Default to use the first available atlas.
Sprite menu_de_carga1 matches more than one built-in atlases. Default to use the first available atlas.
Sprite menu_de_carga2 matches more than one built-in atlases. Default to use the first available atlas.
Sprite menu_de_carga4 matches more than one built-in atlases. Default to use the first available atlas.
Refreshing native plugins compatible for Editor in 15.33 ms, found 4 plugins.
Preloading 0 native plugins for Editor in 0.00 ms.
 -> (artifact id: 'beda773f345e1ce684630c5fbbf75a02') in 0.237793 seconds
Number of updated asset objects reloaded before import = 0
Number of asset objects unloaded after import = 1573
========================================================================
Received Import Request.
  Time since last request: 1.370662 seconds.
  path: Assets/prefabs/Enemies/BossKnight.prefab
  artifactKey: Guid(272ded75afd7081449c6e9bc4ce6f6cb) Importer(815301076,1909f56bfc062723c751e8b465ee728b)
Start importing Assets/prefabs/Enemies/BossKnight.prefab using Guid(272ded75afd7081449c6e9bc4ce6f6cb) Importer(815301076,1909f56bfc062723c751e8b465ee728b) [PhysX] Initialized MultithreadedTaskDispatcher with 12 workers.
[PhysX] Initialized MultithreadedTaskDispatcher with 12 workers.
Sprite menu_de_carga3 matches more than one built-in atlases. Default to use the first available atlas.
Sprite menu_de_carga1 matches more than one built-in atlases. Default to use the first available atlas.
Sprite menu_de_carga2 matches more than one built-in atlases. Default to use the first available atlas.
Sprite menu_de_carga4 matches more than one built-in atlases. Default to use the first available atlas.
Refreshing native plugins compatible for Editor in 17.31 ms, found 4 plugins.
Preloading 0 native plugins for Editor in 0.00 ms.
 -> (artifact id: '07487d800c6596afc4db254b5628248d') in 0.234557 seconds
Number of updated asset objects reloaded before import = 0
Number of asset objects unloaded after import = 1549
========================================================================
Received Import Request.
  Time since last request: 9.829596 seconds.
  path: Assets/prefabs/Enemies/Cadaver.prefab
  artifactKey: Guid(6182d11f52723924e9992bc591a8dd63) Importer(815301076,1909f56bfc062723c751e8b465ee728b)
Start importing Assets/prefabs/Enemies/Cadaver.prefab using Guid(6182d11f52723924e9992bc591a8dd63) Importer(815301076,1909f56bfc062723c751e8b465ee728b) [PhysX] Initialized MultithreadedTaskDispatcher with 12 workers.
[PhysX] Initialized MultithreadedTaskDispatcher with 12 workers.
Sprite menu_de_carga3 matches more than one built-in atlases. Default to use the first available atlas.
Sprite menu_de_carga1 matches more than one built-in atlases. Default to use the first available atlas.
Sprite menu_de_carga2 matches more than one built-in atlases. Default to use the first available atlas.
Sprite menu_de_carga4 matches more than one built-in atlases. Default to use the first available atlas.
 -> (artifact id: '3a6850181986989072ea1e9149ddcc2d') in 0.192679 seconds
Number of updated asset objects reloaded before import = 0
Number of asset objects unloaded after import = 1406
========================================================================
Received Prepare
Caller must complete domain reload
Begin MonoManager ReloadAssembly
Symbol file LoadedFromMemory is not a mono symbol file
- Loaded All Assemblies, in  2.049 seconds
Native extension for WindowsStandalone target not found
Native extension for Android target not found
[Package Manager] Server::EnsureServerProcessIsRunning -- launch failed, reason: Unity was launched with the -noUpm command-line argument
[Package Manager] UpmClient::Send -- Unable to send message (not connected to UPM process).
[Package Manager] Cannot connect to Unity Package Manager local server
Mono: successfully reloaded assembly
- Finished resetting the current domain, in  1.705 seconds
Domain Reload Profiling: 3755ms
	BeginReloadAssembly (1373ms)
		ExecutionOrderSort (0ms)
		DisableScriptedObjects (1091ms)
		BackupInstance (0ms)
		ReleaseScriptingObjects (0ms)
		CreateAndSetChildDomain (81ms)
	RebuildCommonClasses (44ms)
	RebuildNativeTypeToScriptingClass (15ms)
	initialDomainReloadingComplete (52ms)
	LoadAllAssembliesAndSetupDomain (565ms)
		LoadAssemblies (689ms)
		RebuildTransferFunctionScriptingTraits (0ms)
		AnalyzeDomain (33ms)
			TypeCache.Refresh (9ms)
				TypeCache.ScanAssembly (0ms)
			ScanForSourceGeneratedMonoScriptInfo (0ms)
			ResolveRequiredComponents (23ms)
	FinalizeReload (1706ms)
		ReleaseScriptCaches (0ms)
		RebuildScriptCaches (0ms)
		SetupLoadedEditorAssemblies (1336ms)
			LogAssemblyErrors (0ms)
			InitializePlatformSupportModulesInManaged (34ms)
			SetLoadedEditorAssemblies (9ms)
			RefreshPlugins (0ms)
			BeforeProcessingInitializeOnLoad (314ms)
			ProcessInitializeOnLoadAttributes (861ms)
			ProcessInitializeOnLoadMethodAttributes (114ms)
			AfterProcessingInitializeOnLoad (4ms)
			EditorAssembliesLoaded (1ms)
		ExecutionOrderSort2 (0ms)
		AwakeInstancesAfterBackupRestoration (28ms)
Switching render pipeline e23abffd4ca40a840b370f99035147df -> 681886c5eb7344803b6206f758bf0b1c
Shader Hidden/ProbeVolume/VoxelizeScene is not supported: GPU does not support conservative rasterization
Refreshing native plugins compatible for Editor in 22.64 ms, found 4 plugins.
Preloading 0 native plugins for Editor in 0.00 ms.
Unloading 6694 Unused Serialized files (Serialized files now loaded: 0)
Unloading 31 unused Assets / (319.2 KB). Loaded Objects now: 7392.
Memory consumption went from 227.3 MB to 227.0 MB.
Total: 7.131200 ms (FindLiveObjects: 0.891100 ms CreateObjectMapping: 0.655700 ms MarkObjects: 5.401700 ms  DeleteObjects: 0.181100 ms)

Prepare: number of updated asset objects reloaded= 0
AssetImportParameters requested are different than current active one (requested -> active):
  custom:scripting/monoscript/fileName/NavMeshSurface.cs: bae6a604140e0a250291b1e16f121d39 -> 1cd02bcdec9d22fff74c99422329f637
  custom:container-demuxer-ogg: 62fdf1f143b41e24485cea50d1cbac27 -> 
  custom:scripting/monoscript/fileName/NavMeshModifierVolumeEditor.cs: 7e6bbc17cd7e779c3d06fc75f9f2b39b -> 9ff23c1c3f57fe2d5f4522b7b3750d5d
  custom:scripting/monoscript/fileName/NavMeshExtension.cs: e94d5e8039b3059958b75f580b01d92d -> f2880cc340f13915f85c8de1a56c5b36
  custom:framework-win-MediaFoundation: 216162199b28c13a410421893ffa2e32 -> 
  custom:scripting/monoscript/fileName/CollectSourcesCache2d.cs: ef9ad2377268615344096e75083c8362 -> 25a2fc54d6daa18dc264d5d4cee75246
  custom:scripting/monoscript/fileName/AgentOverride2dEditor.cs: 7b85b8c8ae9e924b8a510b0d6b3daf11 -> 6de205457008ed0fb4e3092b0c3c5865
  custom:scripting/monoscript/fileName/NavMeshSurfaceEditor.cs: d5a0843d2312cde0b1c28f0080a4ffce -> 2129d1e3360abae92b79358f48c31e11
  custom:scripting/monoscript/fileName/NavMeshModifierVolume.cs: c8686175e50db42ddb3dadad334fb8b8 -> 0ce026f1094606c8a54952ab73721471
  custom:scripting/monoscript/fileName/NavMeshModifierEditor.cs: 6a838d6e9a382004fdd4a198d570d3d5 -> 07f56655059b4b41c3dd29ef40cb7f73
  custom:container-muxer-webm: aa71ff27fc2769a1b78a27578f13a17b -> 
  custom:video-decoder-webm-vp8: 9c59270c3fd7afecdb556c50c9e8de78 -> 
  custom:SearchIndexIgnoredProperties: e643bd26f0fe6173181afceb89e7c659 -> 
  custom:scripting/monoscript/fileName/NavMeshLinkEditor.cs: 3e28cb06a4458bea05fc23807cbea86a -> 27a612e605519f2563b5eebb8ecf2c15
  custom:AudioImporter_EditorPlatform: d09bf68614088b80899f8185d706f6e7 -> 
  custom:scripting/monoscript/fileName/RotateAgentInstantly.cs: 05117f7ed360a6cb94be5b626b2a83e3 -> ad87b628ef97add4b69a6c7ee7f415df
  custom:scripting/monoscript/fileName/CollectSources2d.cs: bb9f7096d86c26999605ddd07da0513c -> c3bca549cfe734d766ea29e1c1865842
  custom:scripting/monoscript/fileName/NavMeshBuilder2d.cs: a49d48d3da4f389d3d1a63af99f44908 -> d3b8c2725a9cd9e98a701a88e05c8b47
  custom:scripting/monoscript/fileName/NavMeshLink.cs: 3f17e74c0294932c496e8f34e2c56725 -> e14e05ace48bbb07a523202228054a2d
  custom:scripting/monoscript/fileName/RootSources2dEditor.cs: 8f23ce79429f9bec6963e6c627dfe8ca -> 73a24493fd3383cfe13e4b704142b0a3
  custom:audio-decoder-ogg-vorbis: bf7c407c2cedff20999df2af8eb42d56 -> 
  custom:scripting/monoscript/fileName/NavMeshExtensionsProvider.cs: baa1efe47e0876ea2ac481e48403c86c -> 69e6f55ea01b350798a9a6877d8f1980
  custom:audio-encoder-webm-vorbis: bf7c407c2cedff20999df2af8eb42d56 -> 
  custom:scripting/monoscript/fileName/AgentRotate2d.cs: eb1e8c53a7e9fa9677eadf6a2b0d0a06 -> 4fc9bf049e642c22bb70a10bd6141854
  custom:srp/default-pipeline: 8681685cbe374408b326607f85fbb0c1 -> 2ea3fbdfc44aa048b073f099301574fd
  custom:video-decoder-ogg-theora: a1e56fd34408186e4bbccfd4996cb3dc -> 
  custom:scripting/monoscript/fileName/NavMeshComponentsGUIUtility.cs: 858095d4f43c046839d52d1184fe9aa9 -> c36fbfafc49fa17941fd91bcea1fc8aa
  custom:CustomObjectIndexerAttribute: 72b91833f83ae208fae7752999fa3104 -> 
  custom:scripting/monoscript/fileName/NavMeshAssetManager.cs: 6a40bbc79f60886673a78caf6d85873e -> 520a1130381647e06575ec6ac4473f2b
  custom:container-demuxer-webm: 4f35f7cbe854078d1ac9338744f61a02 -> 
  custom:scripting/monoscript/fileName/CollectSources2dEditor.cs: 01a1d5eec2b6a89241393965f03694a9 -> b7e0ba2599756384eb5c465d845f955e
  custom:scripting/monoscript/fileName/RotateAgentSmoothly.cs: 865173d6911e851991cb5b638a3589e6 -> 862431bad16f34c4c67f6b9b39eb0ef7
  custom:scripting/monoscript/fileName/NavMeshModifier.cs: ad03a8a61dfc41a66a94a2031b0902b1 -> 08c148f5182ce13ca868880b0ccc03b9
  custom:scripting/monoscript/fileName/NavMeshBuilderState.cs: 10105a06fe75ca7e8c402c767365445e -> 6d7f164db587b9d55ca8274fbe918c8a
  custom:scripting/monoscript/fileName/RootSources2d.cs: 1d25637805cceca39c048fed8663e586 -> b5ed6c198f25e32663e8eb90cc749880
  custom:video-encoder-webm-vp8: eb34c28f22e8b96e1ab97ce403110664 -> 
  custom:scripting/monoscript/fileName/AgentOverride2d.cs: da2d6722b2568d4ce7ce71915ecf589b -> 866bbdb2fb2e2b9168f317739e51c882
  custom:scripting/monoscript/fileName/AgentRotateSmooth2d.cs: 12b2423c8d5c77669ffc7dc24bbe64b0 -> 5bf90977ac15dd6e18f747d1f81e4170
  custom:scripting/monoscript/fileName/CollectSourcesCache2dEditor.cs: 55deae6ec0f16ac740f943eff9452dbd -> 7923a05fa1d7bc1f80ceaccaa5f228e0
========================================================================
Received Import Request.
  Time since last request: 11.920321 seconds.
  path: Assets/prefabs/Enemies/Slime_Rosa.prefab
  artifactKey: Guid(75df9e993125884438ca5736ab7eea89) Importer(815301076,1909f56bfc062723c751e8b465ee728b)
Start importing Assets/prefabs/Enemies/Slime_Rosa.prefab using Guid(75df9e993125884438ca5736ab7eea89) Importer(815301076,1909f56bfc062723c751e8b465ee728b) [PhysX] Initialized MultithreadedTaskDispatcher with 12 workers.
 -> (artifact id: '8ee8a311b17587e080005eee53dbfbff') in 0.003135 seconds
Number of updated asset objects reloaded before import = 0
Number of asset objects unloaded after import = 0
========================================================================
Received Import Request.
  Time since last request: 0.000045 seconds.
  path: Assets/prefabs/Enemies/Esqueleto_Amarillo.prefab
  artifactKey: Guid(37178d323aa5d064a86c0390208b2479) Importer(815301076,1909f56bfc062723c751e8b465ee728b)
Start importing Assets/prefabs/Enemies/Esqueleto_Amarillo.prefab using Guid(37178d323aa5d064a86c0390208b2479) Importer(815301076,1909f56bfc062723c751e8b465ee728b) [PhysX] Initialized MultithreadedTaskDispatcher with 12 workers.
 -> (artifact id: '5d32168cbcd7acab0f068f72807daf80') in 0.000896 seconds
Number of updated asset objects reloaded before import = 0
Number of asset objects unloaded after import = 0
========================================================================
Received Import Request.
  Time since last request: 0.000026 seconds.
  path: Assets/prefabs/Enemies/SerpienteGris.prefab
  artifactKey: Guid(205337e8110b1fb42af0a94080a9418f) Importer(815301076,1909f56bfc062723c751e8b465ee728b)
Start importing Assets/prefabs/Enemies/SerpienteGris.prefab using Guid(205337e8110b1fb42af0a94080a9418f) Importer(815301076,1909f56bfc062723c751e8b465ee728b) [PhysX] Initialized MultithreadedTaskDispatcher with 12 workers.
 -> (artifact id: 'b02a9e6e39e931af5a9a11079ad65263') in 0.000746 seconds
Number of updated asset objects reloaded before import = 0
Number of asset objects unloaded after import = 0
========================================================================
Received Import Request.
  Time since last request: 0.000034 seconds.
  path: Assets/prefabs/Enemies/GhostKnight_Cadaver.prefab
  artifactKey: Guid(ae27459463bfbaf448cb1476fb1df815) Importer(815301076,1909f56bfc062723c751e8b465ee728b)
Start importing Assets/prefabs/Enemies/GhostKnight_Cadaver.prefab using Guid(ae27459463bfbaf448cb1476fb1df815) Importer(815301076,1909f56bfc062723c751e8b465ee728b) [PhysX] Initialized MultithreadedTaskDispatcher with 12 workers.
 -> (artifact id: '93f95c8d807b4b1240fde334cdbb3f9c') in 0.000608 seconds
Number of updated asset objects reloaded before import = 0
Number of asset objects unloaded after import = 0
========================================================================
Received Import Request.
  Time since last request: 0.000030 seconds.
  path: Assets/prefabs/Enemies/eyelessDog_Cadaver.prefab
  artifactKey: Guid(74330a53729b3ba4ab7456221cfd6633) Importer(815301076,1909f56bfc062723c751e8b465ee728b)
Start importing Assets/prefabs/Enemies/eyelessDog_Cadaver.prefab using Guid(74330a53729b3ba4ab7456221cfd6633) Importer(815301076,1909f56bfc062723c751e8b465ee728b) [PhysX] Initialized MultithreadedTaskDispatcher with 12 workers.
 -> (artifact id: 'bd8312073844fdeff824187fe1134a63') in 0.000591 seconds
Number of updated asset objects reloaded before import = 0
Number of asset objects unloaded after import = 0
========================================================================
Received Import Request.
  Time since last request: 0.000019 seconds.
  path: Assets/prefabs/Enemies/EsqueletoGris_Cadaver.prefab
  artifactKey: Guid(5ee59f687f86d5f42a9d1cc5237cc3f0) Importer(815301076,1909f56bfc062723c751e8b465ee728b)
Start importing Assets/prefabs/Enemies/EsqueletoGris_Cadaver.prefab using Guid(5ee59f687f86d5f42a9d1cc5237cc3f0) Importer(815301076,1909f56bfc062723c751e8b465ee728b) [PhysX] Initialized MultithreadedTaskDispatcher with 12 workers.
 -> (artifact id: '7bdbf35aa6b48234bce56f7917cf30e0') in 0.000620 seconds
Number of updated asset objects reloaded before import = 0
Number of asset objects unloaded after import = 0
========================================================================
Received Import Request.
  Time since last request: 0.000023 seconds.
  path: Assets/prefabs/Enemies/mancha_de_slime.prefab
  artifactKey: Guid(f03f8c00e96fdab46a9f692393abfc43) Importer(815301076,1909f56bfc062723c751e8b465ee728b)
Start importing Assets/prefabs/Enemies/mancha_de_slime.prefab using Guid(f03f8c00e96fdab46a9f692393abfc43) Importer(815301076,1909f56bfc062723c751e8b465ee728b) [PhysX] Initialized MultithreadedTaskDispatcher with 12 workers.
 -> (artifact id: 'fcbfab3d474e8cb6ca29011c6012016b') in 0.000643 seconds
Number of updated asset objects reloaded before import = 0
Number of asset objects unloaded after import = 0
========================================================================
Received Import Request.
  Time since last request: 0.000023 seconds.
  path: Assets/prefabs/Enemies/GhostDarkKnight_Cadaver.prefab
  artifactKey: Guid(4b18a564748270c47934eded1a6504a6) Importer(815301076,1909f56bfc062723c751e8b465ee728b)
Start importing Assets/prefabs/Enemies/GhostDarkKnight_Cadaver.prefab using Guid(4b18a564748270c47934eded1a6504a6) Importer(815301076,1909f56bfc062723c751e8b465ee728b) [PhysX] Initialized MultithreadedTaskDispatcher with 12 workers.
 -> (artifact id: '2a99e93ca3bf186a480306fc6e9b9d75') in 0.000652 seconds
Number of updated asset objects reloaded before import = 0
Number of asset objects unloaded after import = 0
========================================================================
Received Import Request.
  Time since last request: 0.000022 seconds.
  path: Assets/prefabs/Enemies/red_Dron_Cadaver.prefab
  artifactKey: Guid(fb25d87919d4b7d4ab3f25c3a058a31a) Importer(815301076,1909f56bfc062723c751e8b465ee728b)
Start importing Assets/prefabs/Enemies/red_Dron_Cadaver.prefab using Guid(fb25d87919d4b7d4ab3f25c3a058a31a) Importer(815301076,1909f56bfc062723c751e8b465ee728b) [PhysX] Initialized MultithreadedTaskDispatcher with 12 workers.
 -> (artifact id: '2b009e4bdbc8d4d371329c56ae2b60bc') in 0.000650 seconds
Number of updated asset objects reloaded before import = 0
Number of asset objects unloaded after import = 0
========================================================================
Received Import Request.
  Time since last request: 0.000019 seconds.
  path: Assets/prefabs/Enemies/SlimeVerde.prefab
  artifactKey: Guid(64f0690361acbb842a598a70b2306ea4) Importer(815301076,1909f56bfc062723c751e8b465ee728b)
Start importing Assets/prefabs/Enemies/SlimeVerde.prefab using Guid(64f0690361acbb842a598a70b2306ea4) Importer(815301076,1909f56bfc062723c751e8b465ee728b) [PhysX] Initialized MultithreadedTaskDispatcher with 12 workers.
 -> (artifact id: '351c8590736a233de6d9304c6daa1bd4') in 0.000595 seconds
Number of updated asset objects reloaded before import = 0
Number of asset objects unloaded after import = 0
========================================================================
Received Import Request.
  Time since last request: 0.000068 seconds.
  path: Assets/prefabs/Enemies/GigantGhostDarkKnight.prefab
  artifactKey: Guid(b56fd165eb38a8e4fba2594f1db8d73a) Importer(815301076,1909f56bfc062723c751e8b465ee728b)
Start importing Assets/prefabs/Enemies/GigantGhostDarkKnight.prefab using Guid(b56fd165eb38a8e4fba2594f1db8d73a) Importer(815301076,1909f56bfc062723c751e8b465ee728b) [PhysX] Initialized MultithreadedTaskDispatcher with 12 workers.
 -> (artifact id: 'ee954617c27036cde7552deea30d037c') in 0.000581 seconds
Number of updated asset objects reloaded before import = 0
Number of asset objects unloaded after import = 0
========================================================================
Received Import Request.
  Time since last request: 0.000018 seconds.
  path: Assets/prefabs/Enemies/EsqueletoNegroRango_Cadaver.prefab
  artifactKey: Guid(8a2ed731450739047a874c289e808938) Importer(815301076,1909f56bfc062723c751e8b465ee728b)
Start importing Assets/prefabs/Enemies/EsqueletoNegroRango_Cadaver.prefab using Guid(8a2ed731450739047a874c289e808938) Importer(815301076,1909f56bfc062723c751e8b465ee728b) [PhysX] Initialized MultithreadedTaskDispatcher with 12 workers.
 -> (artifact id: '6e869b3f66e8d179a78e836191170321') in 0.000625 seconds
Number of updated asset objects reloaded before import = 0
Number of asset objects unloaded after import = 0
Editor requested this worker to shutdown with reason: Scaling down because of idle timeout
TcpMessagingSession - receive error: operation aborted. errorcode: 995, details: La operación de E/S se anuló por una salida de subproceso o por una solicitud de aplicación.
AssetImportWorker is now disconnected from the server
Process exiting
Exiting without the bug reporter. Application will terminate with return code 0