Using pre-set license
Built from '2022.3/staging' branch; Version is '2022.3.40f1 (cbdda657d2f0) revision 13360550'; Using compiler version '192829333'; Build Type 'Release'
OS: 'Windows 10  (10.0.19045) 64bit Professional' Language: 'es' Physical Memory: 16332 MB
BatchMode: 1, IsHumanControllingUs: 0, StartBugReporterOnCrash: 0, Is64bit: 1, IsPro: 1

COMMAND LINE ARGUMENTS:
F:\Unity\archivos\2022.3.40f1\Editor\Unity.exe
-adb2
-batchMode
-noUpm
-name
AssetImportWorker0
-projectPath
F:/Github/Dungeons-Races/Dungeons&Races
-logFile
Logs/AssetImportWorker0.log
-srvPort
57662
Successfully changed project path to: F:/Github/Dungeons-Races/Dungeons&Races
F:/Github/Dungeons-Races/Dungeons&Races
[UnityMemory] Configuration Parameters - Can be set up in boot.config
    "memorysetup-bucket-allocator-granularity=16"
    "memorysetup-bucket-allocator-bucket-count=8"
    "memorysetup-bucket-allocator-block-size=33554432"
    "memorysetup-bucket-allocator-block-count=8"
    "memorysetup-main-allocator-block-size=16777216"
    "memorysetup-thread-allocator-block-size=16777216"
    "memorysetup-gfx-main-allocator-block-size=16777216"
    "memorysetup-gfx-thread-allocator-block-size=16777216"
    "memorysetup-cache-allocator-block-size=4194304"
    "memorysetup-typetree-allocator-block-size=2097152"
    "memorysetup-profiler-bucket-allocator-granularity=16"
    "memorysetup-profiler-bucket-allocator-bucket-count=8"
    "memorysetup-profiler-bucket-allocator-block-size=33554432"
    "memorysetup-profiler-bucket-allocator-block-count=8"
    "memorysetup-profiler-allocator-block-size=16777216"
    "memorysetup-profiler-editor-allocator-block-size=1048576"
    "memorysetup-temp-allocator-size-main=16777216"
    "memorysetup-job-temp-allocator-block-size=2097152"
    "memorysetup-job-temp-allocator-block-size-background=1048576"
    "memorysetup-job-temp-allocator-reduction-small-platforms=262144"
    "memorysetup-allocator-temp-initial-block-size-main=262144"
    "memorysetup-allocator-temp-initial-block-size-worker=262144"
    "memorysetup-temp-allocator-size-background-worker=32768"
    "memorysetup-temp-allocator-size-job-worker=262144"
    "memorysetup-temp-allocator-size-preload-manager=33554432"
    "memorysetup-temp-allocator-size-nav-mesh-worker=65536"
    "memorysetup-temp-allocator-size-audio-worker=65536"
    "memorysetup-temp-allocator-size-cloud-worker=32768"
    "memorysetup-temp-allocator-size-gi-baking-worker=262144"
    "memorysetup-temp-allocator-size-gfx=262144"
Player connection [5968]  Target information:

Player connection [5968]  * "[IP] 10.10.100.95 [Port] 0 [Flags] 2 [Guid] 178381551 [EditorId] 178381551 [Version] 1048832 [Id] WindowsEditor(7,DESKTOP-KSFICS1) [Debug] 1 [PackageName] WindowsEditor [ProjectName] Editor" 

Player connection [5968] Host joined multi-casting on [225.0.0.222:54997]...
Player connection [5968] Host joined alternative multi-casting on [225.0.0.222:34997]...
[PhysX] Initialized MultithreadedTaskDispatcher with 12 workers.
Refreshing native plugins compatible for Editor in 4921.90 ms, found 4 plugins.
Preloading 0 native plugins for Editor in 0.00 ms.
Initialize engine version: 2022.3.40f1 (cbdda657d2f0)
[Subsystems] Discovering subsystems at path F:/Unity/archivos/2022.3.40f1/Editor/Data/Resources/UnitySubsystems
[Subsystems] Discovering subsystems at path F:/Github/Dungeons-Races/Dungeons&Races/Assets
GfxDevice: creating device client; threaded=0; jobified=0
Direct3D:
    Version:  Direct3D 11.0 [level 11.1]
    Renderer: Radeon RX 580 Series (ID=0x67df)
    Vendor:   ATI
    VRAM:     8170 MB
    Driver:   31.0.21921.1000
Shader Hidden/ProbeVolume/VoxelizeScene is not supported: GPU does not support conservative rasterization
Initialize mono
Mono path[0] = 'F:/Unity/archivos/2022.3.40f1/Editor/Data/Managed'
Mono path[1] = 'F:/Unity/archivos/2022.3.40f1/Editor/Data/MonoBleedingEdge/lib/mono/unityjit-win32'
Mono config path = 'F:/Unity/archivos/2022.3.40f1/Editor/Data/MonoBleedingEdge/etc'
Using monoOptions --debugger-agent=transport=dt_socket,embedding=1,server=y,suspend=n,address=127.0.0.1:56152
Begin MonoManager ReloadAssembly
Registering precompiled unity dll's ...
Register platform support module: F:/Unity/archivos/2022.3.40f1/Editor/Data/PlaybackEngines/WebGLSupport/UnityEditor.WebGL.Extensions.dll
Register platform support module: F:/Unity/archivos/2022.3.40f1/Editor/Data/PlaybackEngines/AndroidPlayer/UnityEditor.Android.Extensions.dll
Register platform support module: F:/Unity/archivos/2022.3.40f1/Editor/Data/PlaybackEngines/WindowsStandaloneSupport/UnityEditor.WindowsStandalone.Extensions.dll
Registered in 0.144644 seconds.
- Loaded All Assemblies, in  3.260 seconds
Native extension for WindowsStandalone target not found
Native extension for Android target not found
Android Extension - Scanning For ADB Devices 1334 ms
Native extension for WebGL target not found
Mono: successfully reloaded assembly
- Finished resetting the current domain, in  3.646 seconds
Domain Reload Profiling: 6957ms
	BeginReloadAssembly (1499ms)
		ExecutionOrderSort (0ms)
		DisableScriptedObjects (0ms)
		BackupInstance (0ms)
		ReleaseScriptingObjects (0ms)
		CreateAndSetChildDomain (36ms)
	RebuildCommonClasses (184ms)
	RebuildNativeTypeToScriptingClass (14ms)
	initialDomainReloadingComplete (789ms)
	LoadAllAssembliesAndSetupDomain (773ms)
		LoadAssemblies (1438ms)
		RebuildTransferFunctionScriptingTraits (0ms)
		AnalyzeDomain (704ms)
			TypeCache.Refresh (699ms)
				TypeCache.ScanAssembly (651ms)
			ScanForSourceGeneratedMonoScriptInfo (1ms)
			ResolveRequiredComponents (3ms)
	FinalizeReload (3698ms)
		ReleaseScriptCaches (0ms)
		RebuildScriptCaches (0ms)
		SetupLoadedEditorAssemblies (3533ms)
			LogAssemblyErrors (0ms)
			InitializePlatformSupportModulesInManaged (1930ms)
			SetLoadedEditorAssemblies (8ms)
			RefreshPlugins (0ms)
			BeforeProcessingInitializeOnLoad (13ms)
			ProcessInitializeOnLoadAttributes (610ms)
			ProcessInitializeOnLoadMethodAttributes (299ms)
			AfterProcessingInitializeOnLoad (0ms)
			EditorAssembliesLoaded (674ms)
		ExecutionOrderSort2 (0ms)
		AwakeInstancesAfterBackupRestoration (0ms)
========================================================================
Worker process is ready to serve import requests
Caller must complete domain reload
Begin MonoManager ReloadAssembly
Symbol file LoadedFromMemory is not a mono symbol file
- Loaded All Assemblies, in  7.859 seconds
Native extension for WindowsStandalone target not found
Native extension for Android target not found
Native extension for WebGL target not found
Package Manager log level set to [2]
[Package Manager] Server::EnsureServerProcessIsRunning -- launch failed, reason: Unity was launched with the -noUpm command-line argument
[Package Manager] UpmClient::Send -- Unable to send message (not connected to UPM process).
[Package Manager] Cannot connect to Unity Package Manager local server
Mono: successfully reloaded assembly
- Finished resetting the current domain, in  3.441 seconds
Domain Reload Profiling: 11056ms
	BeginReloadAssembly (892ms)
		ExecutionOrderSort (0ms)
		DisableScriptedObjects (8ms)
		BackupInstance (0ms)
		ReleaseScriptingObjects (0ms)
		CreateAndSetChildDomain (112ms)
	RebuildCommonClasses (104ms)
	RebuildNativeTypeToScriptingClass (14ms)
	initialDomainReloadingComplete (101ms)
	LoadAllAssembliesAndSetupDomain (6503ms)
		LoadAssemblies (5907ms)
		RebuildTransferFunctionScriptingTraits (0ms)
		AnalyzeDomain (1298ms)
			TypeCache.Refresh (1214ms)
				TypeCache.ScanAssembly (531ms)
			ScanForSourceGeneratedMonoScriptInfo (59ms)
			ResolveRequiredComponents (22ms)
	FinalizeReload (3441ms)
		ReleaseScriptCaches (0ms)
		RebuildScriptCaches (0ms)
		SetupLoadedEditorAssemblies (3107ms)
			LogAssemblyErrors (0ms)
			InitializePlatformSupportModulesInManaged (37ms)
			SetLoadedEditorAssemblies (12ms)
			RefreshPlugins (0ms)
			BeforeProcessingInitializeOnLoad (325ms)
			ProcessInitializeOnLoadAttributes (2267ms)
			ProcessInitializeOnLoadMethodAttributes (462ms)
			AfterProcessingInitializeOnLoad (4ms)
			EditorAssembliesLoaded (0ms)
		ExecutionOrderSort2 (0ms)
		AwakeInstancesAfterBackupRestoration (11ms)
Shader Hidden/ProbeVolume/VoxelizeScene is not supported: GPU does not support conservative rasterization
Launched and connected shader compiler UnityShaderCompiler.exe after 0.31 seconds
Refreshing native plugins compatible for Editor in 136.80 ms, found 4 plugins.
Preloading 0 native plugins for Editor in 0.00 ms.
Unloading 7261 Unused Serialized files (Serialized files now loaded: 0)
Unloading 46 unused Assets / (389.2 KB). Loaded Objects now: 7743.
Memory consumption went from 265.9 MB to 265.6 MB.
Total: 80.274100 ms (FindLiveObjects: 0.756300 ms CreateObjectMapping: 0.358600 ms MarkObjects: 57.340300 ms  DeleteObjects: 0.271800 ms)

AssetImportParameters requested are different than current active one (requested -> active):
  custom:container-demuxer-ogg: 62fdf1f143b41e24485cea50d1cbac27 -> 
  custom:framework-win-MediaFoundation: 216162199b28c13a410421893ffa2e32 -> 
  custom:container-muxer-webm: aa71ff27fc2769a1b78a27578f13a17b -> 
  custom:video-decoder-webm-vp8: 9c59270c3fd7afecdb556c50c9e8de78 -> 
  custom:SearchIndexIgnoredProperties: e643bd26f0fe6173181afceb89e7c659 -> 
  custom:AudioImporter_EditorPlatform: d09bf68614088b80899f8185d706f6e7 -> 
  custom:audio-decoder-ogg-vorbis: bf7c407c2cedff20999df2af8eb42d56 -> 
  custom:audio-encoder-webm-vorbis: bf7c407c2cedff20999df2af8eb42d56 -> 
  custom:video-decoder-ogg-theora: a1e56fd34408186e4bbccfd4996cb3dc -> 
  custom:CustomObjectIndexerAttribute: 72b91833f83ae208fae7752999fa3104 -> 
  custom:container-demuxer-webm: 4f35f7cbe854078d1ac9338744f61a02 -> 
  custom:video-encoder-webm-vp8: eb34c28f22e8b96e1ab97ce403110664 -> 
========================================================================
Received Import Request.
  Time since last request: 19381.724447 seconds.
  path: Assets/prefabs/Rooms/HabitacionVerde.prefab
  artifactKey: Guid(708718d3d646cb246a99707cf514e49f) Importer(815301076,1909f56bfc062723c751e8b465ee728b)
Start importing Assets/prefabs/Rooms/HabitacionVerde.prefab using Guid(708718d3d646cb246a99707cf514e49f) Importer(815301076,1909f56bfc062723c751e8b465ee728b) [PhysX] Initialized MultithreadedTaskDispatcher with 12 workers.
[PhysX] Initialized MultithreadedTaskDispatcher with 12 workers.
Sprite menu_de_carga3 matches more than one built-in atlases. Default to use the first available atlas.
Sprite menu_de_carga1 matches more than one built-in atlases. Default to use the first available atlas.
Sprite menu_de_carga2 matches more than one built-in atlases. Default to use the first available atlas.
Sprite menu_de_carga4 matches more than one built-in atlases. Default to use the first available atlas.
 -> (artifact id: 'c69df130bc173016379966a8df5bdba4') in 13.044460 seconds
Number of updated asset objects reloaded before import = 0
Number of asset objects unloaded after import = 2898
========================================================================
Received Import Request.
  Time since last request: 0.000044 seconds.
  path: Assets/prefabs/Rooms/HabitacionRoja.prefab
  artifactKey: Guid(5ae74830a9f4536408ddd9dfc690ecee) Importer(815301076,1909f56bfc062723c751e8b465ee728b)
Start importing Assets/prefabs/Rooms/HabitacionRoja.prefab using Guid(5ae74830a9f4536408ddd9dfc690ecee) Importer(815301076,1909f56bfc062723c751e8b465ee728b) [PhysX] Initialized MultithreadedTaskDispatcher with 12 workers.
[PhysX] Initialized MultithreadedTaskDispatcher with 12 workers.
Sprite menu_de_carga3 matches more than one built-in atlases. Default to use the first available atlas.
Sprite menu_de_carga1 matches more than one built-in atlases. Default to use the first available atlas.
Sprite menu_de_carga2 matches more than one built-in atlases. Default to use the first available atlas.
Sprite menu_de_carga4 matches more than one built-in atlases. Default to use the first available atlas.
Refreshing native plugins compatible for Editor in 18.62 ms, found 4 plugins.
Preloading 0 native plugins for Editor in 0.00 ms.
 -> (artifact id: '2225cbc3ee1ef55bf9f1b4567f69f6e8') in 1.882235 seconds
Number of updated asset objects reloaded before import = 0
Number of asset objects unloaded after import = 3035
========================================================================
Received Import Request.
  Time since last request: 0.000052 seconds.
  path: Assets/prefabs/Rooms/habitacionInicio2.prefab
  artifactKey: Guid(2d6019a324ce97a49ad06ee17679504b) Importer(815301076,1909f56bfc062723c751e8b465ee728b)
Start importing Assets/prefabs/Rooms/habitacionInicio2.prefab using Guid(2d6019a324ce97a49ad06ee17679504b) Importer(815301076,1909f56bfc062723c751e8b465ee728b) [PhysX] Initialized MultithreadedTaskDispatcher with 12 workers.
[PhysX] Initialized MultithreadedTaskDispatcher with 12 workers.
Sprite menu_de_carga3 matches more than one built-in atlases. Default to use the first available atlas.
Sprite menu_de_carga1 matches more than one built-in atlases. Default to use the first available atlas.
Sprite menu_de_carga2 matches more than one built-in atlases. Default to use the first available atlas.
Sprite menu_de_carga4 matches more than one built-in atlases. Default to use the first available atlas.
 -> (artifact id: '65a83bf95266db2fc5f50f460e470940') in 1.313912 seconds
Number of updated asset objects reloaded before import = 0
Number of asset objects unloaded after import = 1915
Editor requested this worker to shutdown with reason: Scaling down because of idle timeout
TcpMessagingSession - receive error: operation aborted. errorcode: 995, details: La operación de E/S se anuló por una salida de subproceso o por una solicitud de aplicación.
AssetImportWorker is now disconnected from the server
Process exiting
Exiting without the bug reporter. Application will terminate with return code 0